[ 2014-04-09T01:38:31+08:00 ] 157.56.229.88 /NewXiaoZhao/
INFO: [ app_begin ] --START--
INFO: ReadHtmlCache Behavior ::run [ RunTime:0.000299s ]
INFO: [ app_begin ] --END-- [ RunTime:0.000367s ]
NOTIC: [2] Missing argument 1 for Action::show(), called in /var/www/NewXiaoZhao/Lib/Action/IndexAction.class.php on line 6 and defined /var/www/NewXiaoZhao/ThinkPHP/Lib/Core/Action.class.php 第 107 行.
NOTIC: [8] Undefined variable: content /var/www/NewXiaoZhao/ThinkPHP/Lib/Core/Action.class.php 第 108 行.
INFO: [ view_parse ] --START--
INFO: ParseTemplate Behavior ::run [ RunTime:0.004687s ]
INFO: [ view_parse ] --END-- [ RunTime:0.004743s ]
INFO: [ view_filter ] --START--
INFO: ContentReplace Behavior ::run [ RunTime:0.000211s ]
INFO: TokenBuild Behavior ::run [ RunTime:0.000189s ]
INFO: WriteHtmlCache Behavior ::run [ RunTime:0.000114s ]
INFO: ShowRuntime Behavior ::run [ RunTime:0.000246s ]
INFO: [ view_filter ] --END-- [ RunTime:0.000896s ]
INFO: [ view_end ] --START--
INFO: ShowPageTrace Behavior ::run [ RunTime:0.000337s ]
INFO: [ view_end ] --END-- [ RunTime:0.000382s ]

[ 2014-04-09T02:15:27+08:00 ] 183.60.62.44 /NewXiaoZhao/
INFO: [ app_begin ] --START--
INFO: ReadHtmlCache Behavior ::run [ RunTime:0.000296s ]
INFO: [ app_begin ] --END-- [ RunTime:0.000367s ]
NOTIC: [2] Missing argument 1 for Action::show(), called in /var/www/NewXiaoZhao/Lib/Action/IndexAction.class.php on line 6 and defined /var/www/NewXiaoZhao/ThinkPHP/Lib/Core/Action.class.php 第 107 行.
NOTIC: [8] Undefined variable: content /var/www/NewXiaoZhao/ThinkPHP/Lib/Core/Action.class.php 第 108 行.
INFO: [ view_parse ] --START--
INFO: ParseTemplate Behavior ::run [ RunTime:0.007320s ]
INFO: [ view_parse ] --END-- [ RunTime:0.007377s ]
INFO: [ view_filter ] --START--
INFO: ContentReplace Behavior ::run [ RunTime:0.000182s ]
INFO: TokenBuild Behavior ::run [ RunTime:0.000196s ]
INFO: WriteHtmlCache Behavior ::run [ RunTime:0.000115s ]
INFO: ShowRuntime Behavior ::run [ RunTime:0.000245s ]
INFO: [ view_filter ] --END-- [ RunTime:0.000874s ]
INFO: [ view_end ] --START--
INFO: ShowPageTrace Behavior ::run [ RunTime:0.000354s ]
INFO: [ view_end ] --END-- [ RunTime:0.000399s ]

[ 2014-04-09T07:57:17+08:00 ] 101.199.108.120 /NewXiaoZhao/
INFO: [ app_begin ] --START--
INFO: ReadHtmlCache Behavior ::run [ RunTime:0.000297s ]
INFO: [ app_begin ] --END-- [ RunTime:0.000366s ]
NOTIC: [2] Missing argument 1 for Action::show(), called in /var/www/NewXiaoZhao/Lib/Action/IndexAction.class.php on line 6 and defined /var/www/NewXiaoZhao/ThinkPHP/Lib/Core/Action.class.php 第 107 行.
NOTIC: [8] Undefined variable: content /var/www/NewXiaoZhao/ThinkPHP/Lib/Core/Action.class.php 第 108 行.
INFO: [ view_parse ] --START--
INFO: ParseTemplate Behavior ::run [ RunTime:0.004681s ]
INFO: [ view_parse ] --END-- [ RunTime:0.004738s ]
INFO: [ view_filter ] --START--
INFO: ContentReplace Behavior ::run [ RunTime:0.000181s ]
INFO: TokenBuild Behavior ::run [ RunTime:0.000194s ]
INFO: WriteHtmlCache Behavior ::run [ RunTime:0.000113s ]
INFO: ShowRuntime Behavior ::run [ RunTime:0.000245s ]
INFO: [ view_filter ] --END-- [ RunTime:0.000870s ]
INFO: [ view_end ] --START--
INFO: ShowPageTrace Behavior ::run [ RunTime:0.000363s ]
INFO: [ view_end ] --END-- [ RunTime:0.000409s ]

[ 2014-04-09T07:57:18+08:00 ] 101.199.108.120 /NewXiaoZhao/index.php/Job/TopJob
INFO: [ route_check ] --START--
INFO: CheckRoute Behavior ::run [ RunTime:0.000473s ]
INFO: [ route_check ] --END-- [ RunTime:0.000548s ]
INFO: [ app_begin ] --START--
INFO: ReadHtmlCache Behavior ::run [ RunTime:0.000282s ]
INFO: [ app_begin ] --END-- [ RunTime:0.000330s ]
SQL: SHOW COLUMNS FROM `think_singlejob` [ RunTime:0.000664s ]
SQL: SELECT `jid`,`cid`,`name`,`resumenum`,`size`,`money`,`location` FROM `think_singlejob` ORDER BY resumenum desc LIMIT 5   [ RunTime:0.000085s ]
SQL: SHOW COLUMNS FROM `think_company` [ RunTime:0.000540s ]
SQL: SELECT `name` FROM `think_company` WHERE ( 1=1 AND cid='4' ) LIMIT 1   [ RunTime:0.000070s ]
SQL: SELECT `name` FROM `think_company` WHERE ( 1=1 AND cid='16' ) LIMIT 1   [ RunTime:0.000068s ]
SQL: SELECT `name` FROM `think_company` WHERE ( 1=1 AND cid='9' ) LIMIT 1   [ RunTime:0.000064s ]
SQL: SELECT `name` FROM `think_company` WHERE ( 1=1 AND cid='16' ) LIMIT 1   [ RunTime:0.000064s ]
SQL: SELECT `name` FROM `think_company` WHERE ( 1=1 AND cid='9' ) LIMIT 1   [ RunTime:0.000062s ]

[ 2014-04-09T07:57:18+08:00 ] 101.199.108.120 /NewXiaoZhao/index.php/Company/TopCompany
INFO: [ route_check ] --START--
INFO: CheckRoute Behavior ::run [ RunTime:0.000467s ]
INFO: [ route_check ] --END-- [ RunTime:0.000527s ]
INFO: [ app_begin ] --START--
INFO: ReadHtmlCache Behavior ::run [ RunTime:0.000302s ]
INFO: [ app_begin ] --END-- [ RunTime:0.000351s ]
SQL: SHOW COLUMNS FROM `think_company` [ RunTime:0.000536s ]
SQL: SELECT `cid`,`name`,`kind`,`size`,`times` FROM `think_company` WHERE ( `status` = 1 ) ORDER BY times desc LIMIT 5   [ RunTime:0.000077s ]
SQL: SHOW COLUMNS FROM `think_singlejob` [ RunTime:0.000443s ]
SQL: SELECT COUNT(*) AS tp_count FROM `think_singlejob` WHERE ( `cid` = 9 ) LIMIT 1   [ RunTime:0.000078s ]
SQL: SELECT COUNT(*) AS tp_count FROM `think_singlejob` WHERE ( `cid` = 4 ) LIMIT 1   [ RunTime:0.000098s ]
SQL: SELECT COUNT(*) AS tp_count FROM `think_singlejob` WHERE ( `cid` = 16 ) LIMIT 1   [ RunTime:0.000066s ]
SQL: SELECT COUNT(*) AS tp_count FROM `think_singlejob` WHERE ( `cid` = 8 ) LIMIT 1   [ RunTime:0.000062s ]
SQL: SELECT COUNT(*) AS tp_count FROM `think_singlejob` WHERE ( `cid` = 10 ) LIMIT 1   [ RunTime:0.000064s ]

[ 2014-04-09T07:57:19+08:00 ] 101.199.108.120 /NewXiaoZhao/index.php/Index/count
INFO: [ route_check ] --START--
INFO: CheckRoute Behavior ::run [ RunTime:0.000503s ]
INFO: [ route_check ] --END-- [ RunTime:0.000574s ]
INFO: [ app_begin ] --START--
INFO: ReadHtmlCache Behavior ::run [ RunTime:0.000284s ]
INFO: [ app_begin ] --END-- [ RunTime:0.000334s ]
SQL: SHOW COLUMNS FROM `think_company` [ RunTime:0.000687s ]
SQL: SELECT COUNT(*) AS tp_count FROM `think_company` LIMIT 1   [ RunTime:0.000077s ]
SQL: SHOW COLUMNS FROM `think_student` [ RunTime:0.000369s ]
SQL: SELECT COUNT(*) AS tp_count FROM `think_student` LIMIT 1   [ RunTime:0.000076s ]

[ 2014-04-09T08:00:07+08:00 ] 101.199.108.51 /NewXiaoZhao/
INFO: [ app_begin ] --START--
INFO: ReadHtmlCache Behavior ::run [ RunTime:0.000350s ]
INFO: [ app_begin ] --END-- [ RunTime:0.000450s ]
NOTIC: [2] Missing argument 1 for Action::show(), called in /var/www/NewXiaoZhao/Lib/Action/IndexAction.class.php on line 6 and defined /var/www/NewXiaoZhao/ThinkPHP/Lib/Core/Action.class.php 第 107 行.
NOTIC: [8] Undefined variable: content /var/www/NewXiaoZhao/ThinkPHP/Lib/Core/Action.class.php 第 108 行.
INFO: [ view_parse ] --START--
INFO: ParseTemplate Behavior ::run [ RunTime:0.005249s ]
INFO: [ view_parse ] --END-- [ RunTime:0.005315s ]
INFO: [ view_filter ] --START--
INFO: ContentReplace Behavior ::run [ RunTime:0.000210s ]
INFO: TokenBuild Behavior ::run [ RunTime:0.000196s ]
INFO: WriteHtmlCache Behavior ::run [ RunTime:0.000118s ]
INFO: ShowRuntime Behavior ::run [ RunTime:0.000269s ]
INFO: [ view_filter ] --END-- [ RunTime:0.000936s ]
INFO: [ view_end ] --START--
INFO: ShowPageTrace Behavior ::run [ RunTime:0.000360s ]
INFO: [ view_end ] --END-- [ RunTime:0.000411s ]

[ 2014-04-09T08:00:09+08:00 ] 101.199.108.51 /NewXiaoZhao/index.php/Job/TopJob
INFO: [ route_check ] --START--
INFO: CheckRoute Behavior ::run [ RunTime:0.000503s ]
INFO: [ route_check ] --END-- [ RunTime:0.000590s ]
INFO: [ app_begin ] --START--
INFO: ReadHtmlCache Behavior ::run [ RunTime:0.000312s ]
INFO: [ app_begin ] --END-- [ RunTime:0.000365s ]
SQL: SHOW COLUMNS FROM `think_singlejob` [ RunTime:0.000649s ]
SQL: SELECT `jid`,`cid`,`name`,`resumenum`,`size`,`money`,`location` FROM `think_singlejob` ORDER BY resumenum desc LIMIT 5   [ RunTime:0.000087s ]
SQL: SHOW COLUMNS FROM `think_company` [ RunTime:0.000508s ]
SQL: SELECT `name` FROM `think_company` WHERE ( 1=1 AND cid='4' ) LIMIT 1   [ RunTime:0.000070s ]
SQL: SELECT `name` FROM `think_company` WHERE ( 1=1 AND cid='16' ) LIMIT 1   [ RunTime:0.000067s ]
SQL: SELECT `name` FROM `think_company` WHERE ( 1=1 AND cid='9' ) LIMIT 1   [ RunTime:0.000065s ]
SQL: SELECT `name` FROM `think_company` WHERE ( 1=1 AND cid='16' ) LIMIT 1   [ RunTime:0.000065s ]
SQL: SELECT `name` FROM `think_company` WHERE ( 1=1 AND cid='9' ) LIMIT 1   [ RunTime:0.000063s ]

[ 2014-04-09T08:00:09+08:00 ] 101.199.108.51 /NewXiaoZhao/index.php/Company/TopCompany
INFO: [ route_check ] --START--
INFO: CheckRoute Behavior ::run [ RunTime:0.000533s ]
INFO: [ route_check ] --END-- [ RunTime:0.000643s ]
INFO: [ app_begin ] --START--
INFO: ReadHtmlCache Behavior ::run [ RunTime:0.000299s ]
INFO: [ app_begin ] --END-- [ RunTime:0.000356s ]
SQL: SHOW COLUMNS FROM `think_company` [ RunTime:0.000564s ]
SQL: SELECT `cid`,`name`,`kind`,`size`,`times` FROM `think_company` WHERE ( `status` = 1 ) ORDER BY times desc LIMIT 5   [ RunTime:0.000079s ]
SQL: SHOW COLUMNS FROM `think_singlejob` [ RunTime:0.000459s ]
SQL: SELECT COUNT(*) AS tp_count FROM `think_singlejob` WHERE ( `cid` = 9 ) LIMIT 1   [ RunTime:0.000074s ]
SQL: SELECT COUNT(*) AS tp_count FROM `think_singlejob` WHERE ( `cid` = 4 ) LIMIT 1   [ RunTime:0.000066s ]
SQL: SELECT COUNT(*) AS tp_count FROM `think_singlejob` WHERE ( `cid` = 16 ) LIMIT 1   [ RunTime:0.000066s ]
SQL: SELECT COUNT(*) AS tp_count FROM `think_singlejob` WHERE ( `cid` = 8 ) LIMIT 1   [ RunTime:0.000064s ]
SQL: SELECT COUNT(*) AS tp_count FROM `think_singlejob` WHERE ( `cid` = 10 ) LIMIT 1   [ RunTime:0.000063s ]

[ 2014-04-09T08:00:09+08:00 ] 101.199.108.51 /NewXiaoZhao/index.php/Index/count
INFO: [ route_check ] --START--
INFO: CheckRoute Behavior ::run [ RunTime:0.000460s ]
INFO: [ route_check ] --END-- [ RunTime:0.000525s ]
INFO: [ app_begin ] --START--
INFO: ReadHtmlCache Behavior ::run [ RunTime:0.000285s ]
INFO: [ app_begin ] --END-- [ RunTime:0.000335s ]
SQL: SHOW COLUMNS FROM `think_company` [ RunTime:0.000642s ]
SQL: SELECT COUNT(*) AS tp_count FROM `think_company` LIMIT 1   [ RunTime:0.000078s ]
SQL: SHOW COLUMNS FROM `think_student` [ RunTime:0.000392s ]
SQL: SELECT COUNT(*) AS tp_count FROM `think_student` LIMIT 1   [ RunTime:0.000068s ]

[ 2014-04-09T08:00:42+08:00 ] 220.181.132.19 /NewXiaoZhao/
INFO: [ app_begin ] --START--
INFO: ReadHtmlCache Behavior ::run [ RunTime:0.000299s ]
INFO: [ app_begin ] --END-- [ RunTime:0.000367s ]
NOTIC: [2] Missing argument 1 for Action::show(), called in /var/www/NewXiaoZhao/Lib/Action/IndexAction.class.php on line 6 and defined /var/www/NewXiaoZhao/ThinkPHP/Lib/Core/Action.class.php 第 107 行.
NOTIC: [8] Undefined variable: content /var/www/NewXiaoZhao/ThinkPHP/Lib/Core/Action.class.php 第 108 行.
INFO: [ view_parse ] --START--
INFO: ParseTemplate Behavior ::run [ RunTime:0.004647s ]
INFO: [ view_parse ] --END-- [ RunTime:0.004705s ]
INFO: [ view_filter ] --START--
INFO: ContentReplace Behavior ::run [ RunTime:0.000180s ]
INFO: TokenBuild Behavior ::run [ RunTime:0.000188s ]
INFO: WriteHtmlCache Behavior ::run [ RunTime:0.000114s ]
INFO: ShowRuntime Behavior ::run [ RunTime:0.000247s ]
INFO: [ view_filter ] --END-- [ RunTime:0.000866s ]
INFO: [ view_end ] --START--
INFO: ShowPageTrace Behavior ::run [ RunTime:0.000336s ]
INFO: [ view_end ] --END-- [ RunTime:0.000381s ]

[ 2014-04-09T08:00:45+08:00 ] 220.181.132.19 /NewXiaoZhao/index.php/Job/TopJob
INFO: [ route_check ] --START--
INFO: CheckRoute Behavior ::run [ RunTime:0.000463s ]
INFO: [ route_check ] --END-- [ RunTime:0.000533s ]
INFO: [ app_begin ] --START--
INFO: ReadHtmlCache Behavior ::run [ RunTime:0.000283s ]
INFO: [ app_begin ] --END-- [ RunTime:0.000331s ]
SQL: SHOW COLUMNS FROM `think_singlejob` [ RunTime:0.000664s ]
SQL: SELECT `jid`,`cid`,`name`,`resumenum`,`size`,`money`,`location` FROM `think_singlejob` ORDER BY resumenum desc LIMIT 5   [ RunTime:0.000085s ]
SQL: SHOW COLUMNS FROM `think_company` [ RunTime:0.000512s ]
SQL: SELECT `name` FROM `think_company` WHERE ( 1=1 AND cid='4' ) LIMIT 1   [ RunTime:0.000069s ]
SQL: SELECT `name` FROM `think_company` WHERE ( 1=1 AND cid='16' ) LIMIT 1   [ RunTime:0.000066s ]
SQL: SELECT `name` FROM `think_company` WHERE ( 1=1 AND cid='9' ) LIMIT 1   [ RunTime:0.000063s ]
SQL: SELECT `name` FROM `think_company` WHERE ( 1=1 AND cid='16' ) LIMIT 1   [ RunTime:0.000064s ]
SQL: SELECT `name` FROM `think_company` WHERE ( 1=1 AND cid='9' ) LIMIT 1   [ RunTime:0.000062s ]

[ 2014-04-09T08:00:45+08:00 ] 220.181.132.19 /NewXiaoZhao/index.php/Company/TopCompany
INFO: [ route_check ] --START--
INFO: CheckRoute Behavior ::run [ RunTime:0.000519s ]
INFO: [ route_check ] --END-- [ RunTime:0.000579s ]
INFO: [ app_begin ] --START--
INFO: ReadHtmlCache Behavior ::run [ RunTime:0.000284s ]
INFO: [ app_begin ] --END-- [ RunTime:0.000334s ]
SQL: SHOW COLUMNS FROM `think_company` [ RunTime:0.000542s ]
SQL: SELECT `cid`,`name`,`kind`,`size`,`times` FROM `think_company` WHERE ( `status` = 1 ) ORDER BY times desc LIMIT 5   [ RunTime:0.000078s ]
SQL: SHOW COLUMNS FROM `think_singlejob` [ RunTime:0.000477s ]
SQL: SELECT COUNT(*) AS tp_count FROM `think_singlejob` WHERE ( `cid` = 9 ) LIMIT 1   [ RunTime:0.000094s ]
SQL: SELECT COUNT(*) AS tp_count FROM `think_singlejob` WHERE ( `cid` = 4 ) LIMIT 1   [ RunTime:0.000356s ]
SQL: SELECT COUNT(*) AS tp_count FROM `think_singlejob` WHERE ( `cid` = 16 ) LIMIT 1   [ RunTime:0.000073s ]
SQL: SELECT COUNT(*) AS tp_count FROM `think_singlejob` WHERE ( `cid` = 8 ) LIMIT 1   [ RunTime:0.000068s ]
SQL: SELECT COUNT(*) AS tp_count FROM `think_singlejob` WHERE ( `cid` = 10 ) LIMIT 1   [ RunTime:0.000068s ]

[ 2014-04-09T08:00:45+08:00 ] 220.181.132.19 /NewXiaoZhao/index.php/Index/count
INFO: [ route_check ] --START--
INFO: CheckRoute Behavior ::run [ RunTime:0.000473s ]
INFO: [ route_check ] --END-- [ RunTime:0.000540s ]
INFO: [ app_begin ] --START--
INFO: ReadHtmlCache Behavior ::run [ RunTime:0.000279s ]
INFO: [ app_begin ] --END-- [ RunTime:0.000328s ]
SQL: SHOW COLUMNS FROM `think_company` [ RunTime:0.000646s ]
SQL: SELECT COUNT(*) AS tp_count FROM `think_company` LIMIT 1   [ RunTime:0.000096s ]
SQL: SHOW COLUMNS FROM `think_student` [ RunTime:0.000369s ]
SQL: SELECT COUNT(*) AS tp_count FROM `think_student` LIMIT 1   [ RunTime:0.000068s ]

[ 2014-04-09T08:00:57+08:00 ] 183.61.174.217 /NewXiaoZhao/
INFO: [ app_begin ] --START--
INFO: ReadHtmlCache Behavior ::run [ RunTime:0.000298s ]
INFO: [ app_begin ] --END-- [ RunTime:0.000366s ]
NOTIC: [2] Missing argument 1 for Action::show(), called in /var/www/NewXiaoZhao/Lib/Action/IndexAction.class.php on line 6 and defined /var/www/NewXiaoZhao/ThinkPHP/Lib/Core/Action.class.php 第 107 行.
NOTIC: [8] Undefined variable: content /var/www/NewXiaoZhao/ThinkPHP/Lib/Core/Action.class.php 第 108 行.
INFO: [ view_parse ] --START--
INFO: ParseTemplate Behavior ::run [ RunTime:0.004688s ]
INFO: [ view_parse ] --END-- [ RunTime:0.004746s ]
INFO: [ view_filter ] --START--
INFO: ContentReplace Behavior ::run [ RunTime:0.000183s ]
INFO: TokenBuild Behavior ::run [ RunTime:0.000187s ]
INFO: WriteHtmlCache Behavior ::run [ RunTime:0.000112s ]
INFO: ShowRuntime Behavior ::run [ RunTime:0.000243s ]
INFO: [ view_filter ] --END-- [ RunTime:0.000885s ]
INFO: [ view_end ] --START--
INFO: ShowPageTrace Behavior ::run [ RunTime:0.000334s ]
INFO: [ view_end ] --END-- [ RunTime:0.000379s ]

[ 2014-04-09T08:00:57+08:00 ] 183.61.174.218 /NewXiaoZhao/index.php/Company/TopCompany
INFO: [ route_check ] --START--
INFO: CheckRoute Behavior ::run [ RunTime:0.000464s ]
INFO: [ route_check ] --END-- [ RunTime:0.000534s ]
INFO: [ app_begin ] --START--
INFO: ReadHtmlCache Behavior ::run [ RunTime:0.000284s ]
INFO: [ app_begin ] --END-- [ RunTime:0.000332s ]
SQL: SHOW COLUMNS FROM `think_company` [ RunTime:0.000967s ]
SQL: SELECT `cid`,`name`,`kind`,`size`,`times` FROM `think_company` WHERE ( `status` = 1 ) ORDER BY times desc LIMIT 5   [ RunTime:0.000085s ]
SQL: SHOW COLUMNS FROM `think_singlejob` [ RunTime:0.000458s ]
SQL: SELECT COUNT(*) AS tp_count FROM `think_singlejob` WHERE ( `cid` = 9 ) LIMIT 1   [ RunTime:0.000070s ]
SQL: SELECT COUNT(*) AS tp_count FROM `think_singlejob` WHERE ( `cid` = 4 ) LIMIT 1   [ RunTime:0.000066s ]
SQL: SELECT COUNT(*) AS tp_count FROM `think_singlejob` WHERE ( `cid` = 16 ) LIMIT 1   [ RunTime:0.000065s ]
SQL: SELECT COUNT(*) AS tp_count FROM `think_singlejob` WHERE ( `cid` = 8 ) LIMIT 1   [ RunTime:0.000064s ]
SQL: SELECT COUNT(*) AS tp_count FROM `think_singlejob` WHERE ( `cid` = 10 ) LIMIT 1   [ RunTime:0.000062s ]

[ 2014-04-09T08:00:57+08:00 ] 183.61.174.216 /NewXiaoZhao/index.php/Job/TopJob
INFO: [ route_check ] --START--
INFO: CheckRoute Behavior ::run [ RunTime:0.000536s ]
INFO: [ route_check ] --END-- [ RunTime:0.000629s ]
INFO: [ app_begin ] --START--
INFO: ReadHtmlCache Behavior ::run [ RunTime:0.000309s ]
INFO: [ app_begin ] --END-- [ RunTime:0.000363s ]
SQL: SHOW COLUMNS FROM `think_singlejob` [ RunTime:0.000849s ]
SQL: SELECT `jid`,`cid`,`name`,`resumenum`,`size`,`money`,`location` FROM `think_singlejob` ORDER BY resumenum desc LIMIT 5   [ RunTime:0.000085s ]
SQL: SHOW COLUMNS FROM `think_company` [ RunTime:0.000502s ]
SQL: SELECT `name` FROM `think_company` WHERE ( 1=1 AND cid='4' ) LIMIT 1   [ RunTime:0.000070s ]
SQL: SELECT `name` FROM `think_company` WHERE ( 1=1 AND cid='16' ) LIMIT 1   [ RunTime:0.000068s ]
SQL: SELECT `name` FROM `think_company` WHERE ( 1=1 AND cid='9' ) LIMIT 1   [ RunTime:0.000064s ]
SQL: SELECT `name` FROM `think_company` WHERE ( 1=1 AND cid='16' ) LIMIT 1   [ RunTime:0.000064s ]
SQL: SELECT `name` FROM `think_company` WHERE ( 1=1 AND cid='9' ) LIMIT 1   [ RunTime:0.000062s ]

[ 2014-04-09T08:00:58+08:00 ] 183.61.174.214 /NewXiaoZhao/index.php/Index/count
INFO: [ route_check ] --START--
INFO: CheckRoute Behavior ::run [ RunTime:0.000498s ]
INFO: [ route_check ] --END-- [ RunTime:0.000586s ]
INFO: [ app_begin ] --START--
INFO: ReadHtmlCache Behavior ::run [ RunTime:0.000300s ]
INFO: [ app_begin ] --END-- [ RunTime:0.000350s ]
SQL: SHOW COLUMNS FROM `think_company` [ RunTime:0.000747s ]
SQL: SELECT COUNT(*) AS tp_count FROM `think_company` LIMIT 1   [ RunTime:0.000080s ]
SQL: SHOW COLUMNS FROM `think_student` [ RunTime:0.000369s ]
SQL: SELECT COUNT(*) AS tp_count FROM `think_student` LIMIT 1   [ RunTime:0.000068s ]

[ 2014-04-09T08:01:22+08:00 ] 58.216.26.170 /NewXiaoZhao/
INFO: [ app_begin ] --START--
INFO: ReadHtmlCache Behavior ::run [ RunTime:0.000295s ]
INFO: [ app_begin ] --END-- [ RunTime:0.000363s ]
NOTIC: [2] Missing argument 1 for Action::show(), called in /var/www/NewXiaoZhao/Lib/Action/IndexAction.class.php on line 6 and defined /var/www/NewXiaoZhao/ThinkPHP/Lib/Core/Action.class.php 第 107 行.
NOTIC: [8] Undefined variable: content /var/www/NewXiaoZhao/ThinkPHP/Lib/Core/Action.class.php 第 108 行.
INFO: [ view_parse ] --START--
INFO: ParseTemplate Behavior ::run [ RunTime:0.004659s ]
INFO: [ view_parse ] --END-- [ RunTime:0.004714s ]
INFO: [ view_filter ] --START--
INFO: ContentReplace Behavior ::run [ RunTime:0.000184s ]
INFO: TokenBuild Behavior ::run [ RunTime:0.000190s ]
INFO: WriteHtmlCache Behavior ::run [ RunTime:0.000117s ]
INFO: ShowRuntime Behavior ::run [ RunTime:0.000250s ]
INFO: [ view_filter ] --END-- [ RunTime:0.000902s ]
INFO: [ view_end ] --START--
INFO: ShowPageTrace Behavior ::run [ RunTime:0.000333s ]
INFO: [ view_end ] --END-- [ RunTime:0.000379s ]

[ 2014-04-09T08:01:22+08:00 ] 58.216.26.177 /NewXiaoZhao/index.php/Company/TopCompany
INFO: [ route_check ] --START--
INFO: CheckRoute Behavior ::run [ RunTime:0.000460s ]
INFO: [ route_check ] --END-- [ RunTime:0.000531s ]
INFO: [ app_begin ] --START--
INFO: ReadHtmlCache Behavior ::run [ RunTime:0.000282s ]
INFO: [ app_begin ] --END-- [ RunTime:0.000330s ]
SQL: SHOW COLUMNS FROM `think_company` [ RunTime:0.000748s ]
SQL: SELECT `cid`,`name`,`kind`,`size`,`times` FROM `think_company` WHERE ( `status` = 1 ) ORDER BY times desc LIMIT 5   [ RunTime:0.000085s ]
SQL: SHOW COLUMNS FROM `think_singlejob` [ RunTime:0.000458s ]
SQL: SELECT COUNT(*) AS tp_count FROM `think_singlejob` WHERE ( `cid` = 9 ) LIMIT 1   [ RunTime:0.000071s ]
SQL: SELECT COUNT(*) AS tp_count FROM `think_singlejob` WHERE ( `cid` = 4 ) LIMIT 1   [ RunTime:0.000066s ]
SQL: SELECT COUNT(*) AS tp_count FROM `think_singlejob` WHERE ( `cid` = 16 ) LIMIT 1   [ RunTime:0.000066s ]
SQL: SELECT COUNT(*) AS tp_count FROM `think_singlejob` WHERE ( `cid` = 8 ) LIMIT 1   [ RunTime:0.000064s ]
SQL: SELECT COUNT(*) AS tp_count FROM `think_singlejob` WHERE ( `cid` = 10 ) LIMIT 1   [ RunTime:0.000063s ]

[ 2014-04-09T08:01:22+08:00 ] 58.216.26.154 /NewXiaoZhao/index.php/Job/TopJob
INFO: [ route_check ] --START--
INFO: CheckRoute Behavior ::run [ RunTime:0.002896s ]
INFO: [ route_check ] --END-- [ RunTime:0.003000s ]
INFO: [ app_begin ] --START--
INFO: ReadHtmlCache Behavior ::run [ RunTime:0.000311s ]
INFO: [ app_begin ] --END-- [ RunTime:0.000365s ]
SQL: SHOW COLUMNS FROM `think_singlejob` [ RunTime:0.000805s ]
SQL: SELECT `jid`,`cid`,`name`,`resumenum`,`size`,`money`,`location` FROM `think_singlejob` ORDER BY resumenum desc LIMIT 5   [ RunTime:0.000108s ]
SQL: SHOW COLUMNS FROM `think_company` [ RunTime:0.000926s ]
SQL: SELECT `name` FROM `think_company` WHERE ( 1=1 AND cid='4' ) LIMIT 1   [ RunTime:0.000087s ]
SQL: SELECT `name` FROM `think_company` WHERE ( 1=1 AND cid='16' ) LIMIT 1   [ RunTime:0.000068s ]
SQL: SELECT `name` FROM `think_company` WHERE ( 1=1 AND cid='9' ) LIMIT 1   [ RunTime:0.000064s ]
SQL: SELECT `name` FROM `think_company` WHERE ( 1=1 AND cid='16' ) LIMIT 1   [ RunTime:0.000065s ]
SQL: SELECT `name` FROM `think_company` WHERE ( 1=1 AND cid='9' ) LIMIT 1   [ RunTime:0.000064s ]

[ 2014-04-09T08:01:22+08:00 ] 58.216.26.181 /NewXiaoZhao/index.php/Index/count
INFO: [ route_check ] --START--
INFO: CheckRoute Behavior ::run [ RunTime:0.000480s ]
INFO: [ route_check ] --END-- [ RunTime:0.000552s ]
INFO: [ app_begin ] --START--
INFO: ReadHtmlCache Behavior ::run [ RunTime:0.000293s ]
INFO: [ app_begin ] --END-- [ RunTime:0.000342s ]
SQL: SHOW COLUMNS FROM `think_company` [ RunTime:0.000703s ]
SQL: SELECT COUNT(*) AS tp_count FROM `think_company` LIMIT 1   [ RunTime:0.000080s ]
SQL: SHOW COLUMNS FROM `think_student` [ RunTime:0.000375s ]
SQL: SELECT COUNT(*) AS tp_count FROM `think_student` LIMIT 1   [ RunTime:0.000068s ]

[ 2014-04-09T09:10:22+08:00 ] 182.118.48.213 /NewXiaoZhao/
INFO: [ app_begin ] --START--
INFO: ReadHtmlCache Behavior ::run [ RunTime:0.000305s ]
INFO: [ app_begin ] --END-- [ RunTime:0.000377s ]
NOTIC: [2] Missing argument 1 for Action::show(), called in /var/www/NewXiaoZhao/Lib/Action/IndexAction.class.php on line 6 and defined /var/www/NewXiaoZhao/ThinkPHP/Lib/Core/Action.class.php 第 107 行.
NOTIC: [8] Undefined variable: content /var/www/NewXiaoZhao/ThinkPHP/Lib/Core/Action.class.php 第 108 行.
INFO: [ view_parse ] --START--
INFO: ParseTemplate Behavior ::run [ RunTime:0.004901s ]
INFO: [ view_parse ] --END-- [ RunTime:0.004960s ]
INFO: [ view_filter ] --START--
INFO: ContentReplace Behavior ::run [ RunTime:0.000188s ]
INFO: TokenBuild Behavior ::run [ RunTime:0.000215s ]
INFO: WriteHtmlCache Behavior ::run [ RunTime:0.000115s ]
INFO: ShowRuntime Behavior ::run [ RunTime:0.000256s ]
INFO: [ view_filter ] --END-- [ RunTime:0.000913s ]
INFO: [ view_end ] --START--
INFO: ShowPageTrace Behavior ::run [ RunTime:0.000337s ]
INFO: [ view_end ] --END-- [ RunTime:0.000383s ]

[ 2014-04-09T09:23:40+08:00 ] 182.118.45.51 /NewXiaoZhao/
INFO: [ app_begin ] --START--
INFO: ReadHtmlCache Behavior ::run [ RunTime:0.000301s ]
INFO: [ app_begin ] --END-- [ RunTime:0.000382s ]
NOTIC: [2] Missing argument 1 for Action::show(), called in /var/www/NewXiaoZhao/Lib/Action/IndexAction.class.php on line 6 and defined /var/www/NewXiaoZhao/ThinkPHP/Lib/Core/Action.class.php 第 107 行.
NOTIC: [8] Undefined variable: content /var/www/NewXiaoZhao/ThinkPHP/Lib/Core/Action.class.php 第 108 行.
INFO: [ view_parse ] --START--
INFO: ParseTemplate Behavior ::run [ RunTime:0.005516s ]
INFO: [ view_parse ] --END-- [ RunTime:0.005586s ]
INFO: [ view_filter ] --START--
INFO: ContentReplace Behavior ::run [ RunTime:0.000184s ]
INFO: TokenBuild Behavior ::run [ RunTime:0.000188s ]
INFO: WriteHtmlCache Behavior ::run [ RunTime:0.000115s ]
INFO: ShowRuntime Behavior ::run [ RunTime:0.000246s ]
INFO: [ view_filter ] --END-- [ RunTime:0.000872s ]
INFO: [ view_end ] --START--
INFO: ShowPageTrace Behavior ::run [ RunTime:0.000339s ]
INFO: [ view_end ] --END-- [ RunTime:0.000388s ]

[ 2014-04-09T09:25:02+08:00 ] 183.60.62.44 /NewXiaoZhao/
INFO: [ app_begin ] --START--
INFO: ReadHtmlCache Behavior ::run [ RunTime:0.000302s ]
INFO: [ app_begin ] --END-- [ RunTime:0.000370s ]
NOTIC: [2] Missing argument 1 for Action::show(), called in /var/www/NewXiaoZhao/Lib/Action/IndexAction.class.php on line 6 and defined /var/www/NewXiaoZhao/ThinkPHP/Lib/Core/Action.class.php 第 107 行.
NOTIC: [8] Undefined variable: content /var/www/NewXiaoZhao/ThinkPHP/Lib/Core/Action.class.php 第 108 行.
INFO: [ view_parse ] --START--
INFO: ParseTemplate Behavior ::run [ RunTime:0.008735s ]
INFO: [ view_parse ] --END-- [ RunTime:0.008805s ]
INFO: [ view_filter ] --START--
INFO: ContentReplace Behavior ::run [ RunTime:0.000183s ]
INFO: TokenBuild Behavior ::run [ RunTime:0.000199s ]
INFO: WriteHtmlCache Behavior ::run [ RunTime:0.000115s ]
INFO: ShowRuntime Behavior ::run [ RunTime:0.000245s ]
INFO: [ view_filter ] --END-- [ RunTime:0.000878s ]
INFO: [ view_end ] --START--
INFO: ShowPageTrace Behavior ::run [ RunTime:0.000338s ]
INFO: [ view_end ] --END-- [ RunTime:0.000382s ]

[ 2014-04-09T09:25:02+08:00 ] 183.60.62.44 /NewXiaoZhao/
INFO: [ app_begin ] --START--
INFO: ReadHtmlCache Behavior ::run [ RunTime:0.000380s ]
INFO: [ app_begin ] --END-- [ RunTime:0.000469s ]
NOTIC: [2] Missing argument 1 for Action::show(), called in /var/www/NewXiaoZhao/Lib/Action/IndexAction.class.php on line 6 and defined /var/www/NewXiaoZhao/ThinkPHP/Lib/Core/Action.class.php 第 107 行.
NOTIC: [8] Undefined variable: content /var/www/NewXiaoZhao/ThinkPHP/Lib/Core/Action.class.php 第 108 行.
INFO: [ view_parse ] --START--
INFO: ParseTemplate Behavior ::run [ RunTime:0.009269s ]
INFO: [ view_parse ] --END-- [ RunTime:0.009341s ]
INFO: [ view_filter ] --START--
INFO: ContentReplace Behavior ::run [ RunTime:0.000252s ]
INFO: TokenBuild Behavior ::run [ RunTime:0.000198s ]
INFO: WriteHtmlCache Behavior ::run [ RunTime:0.000122s ]
INFO: ShowRuntime Behavior ::run [ RunTime:0.000253s ]
INFO: [ view_filter ] --END-- [ RunTime:0.000968s ]
INFO: [ view_end ] --START--
INFO: ShowPageTrace Behavior ::run [ RunTime:0.000356s ]
INFO: [ view_end ] --END-- [ RunTime:0.000405s ]

[ 2014-04-09T10:31:29+08:00 ] 0.0.0.0 /NewXiaoZhao/
INFO: [ app_begin ] --START--
INFO: ReadHtmlCache Behavior ::run [ RunTime:0.027456s ]
INFO: [ app_begin ] --END-- [ RunTime:0.105942s ]
NOTIC: [2] Missing argument 1 for Action::show(), called in D:\PHPlearn\NewXiaoZhao\Lib\Action\IndexAction.class.php on line 6 and defined D:\PHPlearn\NewXiaoZhao\ThinkPHP\Lib\Core\Action.class.php 第 107 行.
NOTIC: [8] Undefined variable: content D:\PHPlearn\NewXiaoZhao\ThinkPHP\Lib\Core\Action.class.php 第 108 行.
INFO: [ view_parse ] --START--
INFO: ParseTemplate Behavior ::run [ RunTime:0.099135s ]
INFO: [ view_parse ] --END-- [ RunTime:0.099312s ]
INFO: [ view_filter ] --START--
INFO: ContentReplace Behavior ::run [ RunTime:0.005755s ]
INFO: TokenBuild Behavior ::run [ RunTime:0.001136s ]
INFO: WriteHtmlCache Behavior ::run [ RunTime:0.000891s ]
INFO: ShowRuntime Behavior ::run [ RunTime:0.001228s ]
INFO: [ view_filter ] --END-- [ RunTime:0.009397s ]
INFO: [ view_end ] --START--
INFO: ShowPageTrace Behavior ::run [ RunTime:0.001526s ]
INFO: [ view_end ] --END-- [ RunTime:0.001692s ]

[ 2014-04-09T10:31:33+08:00 ] 0.0.0.0 /NewXiaoZhao/index.php/Company/TopCompany
INFO: [ route_check ] --START--
INFO: CheckRoute Behavior ::run [ RunTime:0.054149s ]
INFO: [ route_check ] --END-- [ RunTime:0.054376s ]
INFO: [ app_begin ] --START--
INFO: ReadHtmlCache Behavior ::run [ RunTime:0.000900s ]
INFO: [ app_begin ] --END-- [ RunTime:0.001046s ]
NOTIC: [2] mysql_connect(): Access denied for user 'root'@'localhost' (using password: YES) D:\PHPlearn\NewXiaoZhao\ThinkPHP\Lib\Driver\Db\DbMysql.class.php 第 55 行.
ERR: Access denied for user 'root'@'localhost' (using password: YES)

[ 2014-04-09T10:31:33+08:00 ] 0.0.0.0 /NewXiaoZhao/index.php/Job/TopJob
INFO: [ route_check ] --START--
INFO: CheckRoute Behavior ::run [ RunTime:0.001189s ]
INFO: [ route_check ] --END-- [ RunTime:0.001418s ]
INFO: [ app_begin ] --START--
INFO: ReadHtmlCache Behavior ::run [ RunTime:0.001022s ]
INFO: [ app_begin ] --END-- [ RunTime:0.001188s ]
NOTIC: [2] mysql_connect(): Access denied for user 'root'@'localhost' (using password: YES) D:\PHPlearn\NewXiaoZhao\ThinkPHP\Lib\Driver\Db\DbMysql.class.php 第 55 行.
ERR: Access denied for user 'root'@'localhost' (using password: YES)

[ 2014-04-09T10:31:33+08:00 ] 0.0.0.0 /NewXiaoZhao/index.php/Index/count
INFO: [ route_check ] --START--
INFO: CheckRoute Behavior ::run [ RunTime:0.001263s ]
INFO: [ route_check ] --END-- [ RunTime:0.001433s ]
INFO: [ app_begin ] --START--
INFO: ReadHtmlCache Behavior ::run [ RunTime:0.000879s ]
INFO: [ app_begin ] --END-- [ RunTime:0.001001s ]
NOTIC: [2] mysql_connect(): Access denied for user 'root'@'localhost' (using password: YES) D:\PHPlearn\NewXiaoZhao\ThinkPHP\Lib\Driver\Db\DbMysql.class.php 第 55 行.
ERR: Access denied for user 'root'@'localhost' (using password: YES)

[ 2014-04-09T10:31:37+08:00 ] 0.0.0.0 /NewXiaoZhao/index.php/Company/companyPageCount
INFO: [ route_check ] --START--
INFO: CheckRoute Behavior ::run [ RunTime:0.001575s ]
INFO: [ route_check ] --END-- [ RunTime:0.001834s ]
INFO: [ app_begin ] --START--
INFO: ReadHtmlCache Behavior ::run [ RunTime:0.001004s ]
INFO: [ app_begin ] --END-- [ RunTime:0.001206s ]
NOTIC: [2] mysql_connect(): Access denied for user 'root'@'localhost' (using password: YES) D:\PHPlearn\NewXiaoZhao\ThinkPHP\Lib\Driver\Db\DbMysql.class.php 第 55 行.
ERR: Access denied for user 'root'@'localhost' (using password: YES)

[ 2014-04-09T10:31:37+08:00 ] 0.0.0.0 /NewXiaoZhao/index.php/Company/companyList
INFO: [ route_check ] --START--
INFO: CheckRoute Behavior ::run [ RunTime:0.001314s ]
INFO: [ route_check ] --END-- [ RunTime:0.001552s ]
INFO: [ app_begin ] --START--
INFO: ReadHtmlCache Behavior ::run [ RunTime:0.007202s ]
INFO: [ app_begin ] --END-- [ RunTime:0.007414s ]
NOTIC: [2] mysql_connect(): Access denied for user 'root'@'localhost' (using password: YES) D:\PHPlearn\NewXiaoZhao\ThinkPHP\Lib\Driver\Db\DbMysql.class.php 第 55 行.
ERR: Access denied for user 'root'@'localhost' (using password: YES)

[ 2014-04-09T10:31:37+08:00 ] 0.0.0.0 /NewXiaoZhao/index.php/Company/companyList
INFO: [ route_check ] --START--
INFO: CheckRoute Behavior ::run [ RunTime:0.001887s ]
INFO: [ route_check ] --END-- [ RunTime:0.002097s ]
INFO: [ app_begin ] --START--
INFO: ReadHtmlCache Behavior ::run [ RunTime:0.001207s ]
INFO: [ app_begin ] --END-- [ RunTime:0.001454s ]
NOTIC: [2] mysql_connect(): Access denied for user 'root'@'localhost' (using password: YES) D:\PHPlearn\NewXiaoZhao\ThinkPHP\Lib\Driver\Db\DbMysql.class.php 第 55 行.
ERR: Access denied for user 'root'@'localhost' (using password: YES)

[ 2014-04-09T10:31:37+08:00 ] 0.0.0.0 /NewXiaoZhao/index.php/Index/count
INFO: [ route_check ] --START--
INFO: CheckRoute Behavior ::run [ RunTime:0.002394s ]
INFO: [ route_check ] --END-- [ RunTime:0.002716s ]
INFO: [ app_begin ] --START--
INFO: ReadHtmlCache Behavior ::run [ RunTime:0.001005s ]
INFO: [ app_begin ] --END-- [ RunTime:0.001200s ]
NOTIC: [2] mysql_connect(): Access denied for user 'root'@'localhost' (using password: YES) D:\PHPlearn\NewXiaoZhao\ThinkPHP\Lib\Driver\Db\DbMysql.class.php 第 55 行.
ERR: Access denied for user 'root'@'localhost' (using password: YES)

[ 2014-04-09T10:36:47+08:00 ] 0.0.0.0 /NewXiaoZhao/
INFO: [ app_begin ] --START--
INFO: ReadHtmlCache Behavior ::run [ RunTime:0.001364s ]
INFO: [ app_begin ] --END-- [ RunTime:0.001621s ]
NOTIC: [2] Missing argument 1 for Action::show(), called in D:\PHPlearn\NewXiaoZhao\Lib\Action\IndexAction.class.php on line 6 and defined D:\PHPlearn\NewXiaoZhao\ThinkPHP\Lib\Core\Action.class.php 第 107 行.
NOTIC: [8] Undefined variable: content D:\PHPlearn\NewXiaoZhao\ThinkPHP\Lib\Core\Action.class.php 第 108 行.
INFO: [ view_parse ] --START--
INFO: ParseTemplate Behavior ::run [ RunTime:0.011321s ]
INFO: [ view_parse ] --END-- [ RunTime:0.011670s ]
INFO: [ view_filter ] --START--
INFO: ContentReplace Behavior ::run [ RunTime:0.001312s ]
INFO: TokenBuild Behavior ::run [ RunTime:0.000969s ]
INFO: WriteHtmlCache Behavior ::run [ RunTime:0.000732s ]
INFO: ShowRuntime Behavior ::run [ RunTime:0.001030s ]
INFO: [ view_filter ] --END-- [ RunTime:0.004476s ]
INFO: [ view_end ] --START--
INFO: ShowPageTrace Behavior ::run [ RunTime:0.001159s ]
INFO: [ view_end ] --END-- [ RunTime:0.001313s ]

[ 2014-04-09T10:36:48+08:00 ] 0.0.0.0 /NewXiaoZhao/index.php/Job/TopJob
INFO: [ route_check ] --START--
INFO: CheckRoute Behavior ::run [ RunTime:0.002299s ]
INFO: [ route_check ] --END-- [ RunTime:0.002586s ]
INFO: [ app_begin ] --START--
INFO: ReadHtmlCache Behavior ::run [ RunTime:0.001931s ]
INFO: [ app_begin ] --END-- [ RunTime:0.002206s ]
SQL: SHOW COLUMNS FROM `think_singlejob` [ RunTime:0.005247s ]
SQL: SELECT `jid`,`cid`,`name`,`resumenum`,`size`,`money`,`location` FROM `think_singlejob` ORDER BY resumenum desc LIMIT 5   [ RunTime:0.000672s ]
SQL: SHOW COLUMNS FROM `think_company` [ RunTime:0.004388s ]
SQL: SELECT `name` FROM `think_company` WHERE ( 1=1 AND cid='4' ) LIMIT 1   [ RunTime:0.000608s ]
SQL: SELECT `name` FROM `think_company` WHERE ( 1=1 AND cid='16' ) LIMIT 1   [ RunTime:0.000353s ]
SQL: SELECT `name` FROM `think_company` WHERE ( 1=1 AND cid='9' ) LIMIT 1   [ RunTime:0.000314s ]
SQL: SELECT `name` FROM `think_company` WHERE ( 1=1 AND cid='16' ) LIMIT 1   [ RunTime:0.000289s ]
SQL: SELECT `name` FROM `think_company` WHERE ( 1=1 AND cid='9' ) LIMIT 1   [ RunTime:0.000373s ]

[ 2014-04-09T10:36:48+08:00 ] 0.0.0.0 /NewXiaoZhao/index.php/Company/TopCompany
INFO: [ route_check ] --START--
INFO: CheckRoute Behavior ::run [ RunTime:0.002182s ]
INFO: [ route_check ] --END-- [ RunTime:0.003019s ]
INFO: [ app_begin ] --START--
INFO: ReadHtmlCache Behavior ::run [ RunTime:0.001750s ]
INFO: [ app_begin ] --END-- [ RunTime:0.001986s ]
SQL: SHOW COLUMNS FROM `think_company` [ RunTime:0.004129s ]
SQL: SELECT `cid`,`name`,`kind`,`size`,`times` FROM `think_company` WHERE ( `status` = 1 ) ORDER BY times desc LIMIT 5   [ RunTime:0.000852s ]
SQL: SHOW COLUMNS FROM `think_singlejob` [ RunTime:0.005385s ]
SQL: SELECT COUNT(*) AS tp_count FROM `think_singlejob` WHERE ( `cid` = 9 ) LIMIT 1   [ RunTime:0.000601s ]
SQL: SELECT COUNT(*) AS tp_count FROM `think_singlejob` WHERE ( `cid` = 4 ) LIMIT 1   [ RunTime:0.000376s ]
SQL: SELECT COUNT(*) AS tp_count FROM `think_singlejob` WHERE ( `cid` = 16 ) LIMIT 1   [ RunTime:0.000415s ]
SQL: SELECT COUNT(*) AS tp_count FROM `think_singlejob` WHERE ( `cid` = 8 ) LIMIT 1   [ RunTime:0.000268s ]
SQL: SELECT COUNT(*) AS tp_count FROM `think_singlejob` WHERE ( `cid` = 10 ) LIMIT 1   [ RunTime:0.000260s ]

[ 2014-04-09T10:36:48+08:00 ] 0.0.0.0 /NewXiaoZhao/index.php/Index/count
INFO: [ route_check ] --START--
INFO: CheckRoute Behavior ::run [ RunTime:0.001993s ]
INFO: [ route_check ] --END-- [ RunTime:0.002275s ]
INFO: [ app_begin ] --START--
INFO: ReadHtmlCache Behavior ::run [ RunTime:0.001530s ]
INFO: [ app_begin ] --END-- [ RunTime:0.001740s ]
SQL: SHOW COLUMNS FROM `think_company` [ RunTime:0.003948s ]
SQL: SELECT COUNT(*) AS tp_count FROM `think_company` LIMIT 1   [ RunTime:0.000439s ]
SQL: SHOW COLUMNS FROM `think_student` [ RunTime:0.004920s ]
SQL: SELECT COUNT(*) AS tp_count FROM `think_student` LIMIT 1   [ RunTime:0.000608s ]

[ 2014-04-09T10:36:52+08:00 ] 0.0.0.0 /NewXiaoZhao/index.php/Company/companyList
INFO: [ route_check ] --START--
INFO: CheckRoute Behavior ::run [ RunTime:0.001686s ]
INFO: [ route_check ] --END-- [ RunTime:0.001957s ]
INFO: [ app_begin ] --START--
INFO: ReadHtmlCache Behavior ::run [ RunTime:0.002997s ]
INFO: [ app_begin ] --END-- [ RunTime:0.003241s ]
SQL: SHOW COLUMNS FROM `think_company` [ RunTime:0.006166s ]
SQL: SELECT `cid`,`name`,`statement`,`avtor` FROM `think_company` ORDER BY cid desc LIMIT 0,9   [ RunTime:0.001744s ]
SQL: SHOW COLUMNS FROM `think_singlejob` [ RunTime:0.006473s ]
SQL: SELECT `jid`,`name`,`size` FROM `think_singlejob` WHERE ( 1=1 AND cid='18' )  [ RunTime:0.001002s ]
SQL: SELECT `jid`,`name`,`size` FROM `think_singlejob` WHERE ( 1=1 AND cid='17' )  [ RunTime:0.001146s ]
SQL: SELECT `jid`,`name`,`size` FROM `think_singlejob` WHERE ( 1=1 AND cid='16' )  [ RunTime:0.000801s ]
SQL: SELECT `jid`,`name`,`size` FROM `think_singlejob` WHERE ( 1=1 AND cid='13' )  [ RunTime:0.000871s ]
SQL: SELECT `jid`,`name`,`size` FROM `think_singlejob` WHERE ( 1=1 AND cid='12' )  [ RunTime:0.000782s ]
SQL: SELECT `jid`,`name`,`size` FROM `think_singlejob` WHERE ( 1=1 AND cid='11' )  [ RunTime:0.000811s ]
SQL: SELECT `jid`,`name`,`size` FROM `think_singlejob` WHERE ( 1=1 AND cid='10' )  [ RunTime:0.001103s ]
SQL: SELECT `jid`,`name`,`size` FROM `think_singlejob` WHERE ( 1=1 AND cid='9' )  [ RunTime:0.001199s ]
SQL: SELECT `jid`,`name`,`size` FROM `think_singlejob` WHERE ( 1=1 AND cid='8' )  [ RunTime:0.001130s ]

[ 2014-04-09T10:36:52+08:00 ] 0.0.0.0 /NewXiaoZhao/index.php/Company/companyList
INFO: [ route_check ] --START--
INFO: CheckRoute Behavior ::run [ RunTime:0.001842s ]
INFO: [ route_check ] --END-- [ RunTime:0.002069s ]
INFO: [ app_begin ] --START--
INFO: ReadHtmlCache Behavior ::run [ RunTime:0.002115s ]
INFO: [ app_begin ] --END-- [ RunTime:0.002374s ]
SQL: SHOW COLUMNS FROM `think_company` [ RunTime:0.011260s ]
SQL: SELECT `cid`,`name`,`statement`,`avtor` FROM `think_company` ORDER BY cid desc LIMIT 0,9   [ RunTime:0.001087s ]
SQL: SHOW COLUMNS FROM `think_singlejob` [ RunTime:0.007616s ]
SQL: SELECT `jid`,`name`,`size` FROM `think_singlejob` WHERE ( 1=1 AND cid='18' )  [ RunTime:0.001500s ]
SQL: SELECT `jid`,`name`,`size` FROM `think_singlejob` WHERE ( 1=1 AND cid='17' )  [ RunTime:0.000715s ]
SQL: SELECT `jid`,`name`,`size` FROM `think_singlejob` WHERE ( 1=1 AND cid='16' )  [ RunTime:0.000621s ]
SQL: SELECT `jid`,`name`,`size` FROM `think_singlejob` WHERE ( 1=1 AND cid='13' )  [ RunTime:0.000600s ]
SQL: SELECT `jid`,`name`,`size` FROM `think_singlejob` WHERE ( 1=1 AND cid='12' )  [ RunTime:0.000504s ]
SQL: SELECT `jid`,`name`,`size` FROM `think_singlejob` WHERE ( 1=1 AND cid='11' )  [ RunTime:0.001499s ]
SQL: SELECT `jid`,`name`,`size` FROM `think_singlejob` WHERE ( 1=1 AND cid='10' )  [ RunTime:0.000976s ]
SQL: SELECT `jid`,`name`,`size` FROM `think_singlejob` WHERE ( 1=1 AND cid='9' )  [ RunTime:0.001074s ]
SQL: SELECT `jid`,`name`,`size` FROM `think_singlejob` WHERE ( 1=1 AND cid='8' )  [ RunTime:0.001284s ]

[ 2014-04-09T10:36:52+08:00 ] 0.0.0.0 /NewXiaoZhao/index.php/Company/companyPageCount
INFO: [ route_check ] --START--
INFO: CheckRoute Behavior ::run [ RunTime:0.004635s ]
INFO: [ route_check ] --END-- [ RunTime:0.004899s ]
INFO: [ app_begin ] --START--
INFO: ReadHtmlCache Behavior ::run [ RunTime:0.004120s ]
INFO: [ app_begin ] --END-- [ RunTime:0.004365s ]
SQL: SHOW COLUMNS FROM `think_company` [ RunTime:0.007792s ]
SQL: SELECT COUNT(*) AS tp_count FROM `think_company` LIMIT 1   [ RunTime:0.000602s ]

[ 2014-04-09T10:36:52+08:00 ] 0.0.0.0 /NewXiaoZhao/index.php/Index/count
INFO: [ route_check ] --START--
INFO: CheckRoute Behavior ::run [ RunTime:0.001564s ]
INFO: [ route_check ] --END-- [ RunTime:0.001834s ]
INFO: [ app_begin ] --START--
INFO: ReadHtmlCache Behavior ::run [ RunTime:0.001460s ]
INFO: [ app_begin ] --END-- [ RunTime:0.001682s ]
SQL: SHOW COLUMNS FROM `think_company` [ RunTime:0.011681s ]
SQL: SELECT COUNT(*) AS tp_count FROM `think_company` LIMIT 1   [ RunTime:0.000657s ]
SQL: SHOW COLUMNS FROM `think_student` [ RunTime:0.005969s ]
SQL: SELECT COUNT(*) AS tp_count FROM `think_student` LIMIT 1   [ RunTime:0.000793s ]

