[ 2014-04-02T21:06:50+08:00 ] 58.253.223.151 /NewXiaoZhao/
INFO: [ app_begin ] --START--
INFO: ReadHtmlCache Behavior ::run [ RunTime:0.000312s ]
INFO: [ app_begin ] --END-- [ RunTime:0.000395s ]
NOTIC: [2] Missing argument 1 for Action::show(), called in /var/www/NewXiaoZhao/Lib/Action/IndexAction.class.php on line 6 and defined /var/www/NewXiaoZhao/ThinkPHP/Lib/Core/Action.class.php 第 107 行.
NOTIC: [8] Undefined variable: content /var/www/NewXiaoZhao/ThinkPHP/Lib/Core/Action.class.php 第 108 行.
INFO: [ view_parse ] --START--
INFO: ParseTemplate Behavior ::run [ RunTime:0.004681s ]
INFO: [ view_parse ] --END-- [ RunTime:0.004738s ]
INFO: [ view_filter ] --START--
INFO: ContentReplace Behavior ::run [ RunTime:0.000187s ]
INFO: TokenBuild Behavior ::run [ RunTime:0.000189s ]
INFO: WriteHtmlCache Behavior ::run [ RunTime:0.000114s ]
INFO: ShowRuntime Behavior ::run [ RunTime:0.000240s ]
INFO: [ view_filter ] --END-- [ RunTime:0.000868s ]
INFO: [ view_end ] --START--
INFO: ShowPageTrace Behavior ::run [ RunTime:0.000336s ]
INFO: [ view_end ] --END-- [ RunTime:0.000381s ]

[ 2014-04-02T21:06:51+08:00 ] 58.253.223.151 /NewXiaoZhao/index.php/Job/TopJob
INFO: [ route_check ] --START--
INFO: CheckRoute Behavior ::run [ RunTime:0.000457s ]
INFO: [ route_check ] --END-- [ RunTime:0.000522s ]
INFO: [ app_begin ] --START--
INFO: ReadHtmlCache Behavior ::run [ RunTime:0.000283s ]
INFO: [ app_begin ] --END-- [ RunTime:0.000332s ]
NOTIC: [2] mysql_connect(): Can't connect to MySQL server on '127.0.0.1' (111) /var/www/NewXiaoZhao/ThinkPHP/Lib/Driver/Db/DbMysql.class.php 第 55 行.
ERR: Can't connect to MySQL server on '127.0.0.1' (111)

[ 2014-04-02T21:06:51+08:00 ] 58.253.223.151 /NewXiaoZhao/index.php/Company/TopCompany
INFO: [ route_check ] --START--
INFO: CheckRoute Behavior ::run [ RunTime:0.000471s ]
INFO: [ route_check ] --END-- [ RunTime:0.000546s ]
INFO: [ app_begin ] --START--
INFO: ReadHtmlCache Behavior ::run [ RunTime:0.004319s ]
INFO: [ app_begin ] --END-- [ RunTime:0.004372s ]
NOTIC: [2] mysql_connect(): Can't connect to MySQL server on '127.0.0.1' (111) /var/www/NewXiaoZhao/ThinkPHP/Lib/Driver/Db/DbMysql.class.php 第 55 行.
ERR: Can't connect to MySQL server on '127.0.0.1' (111)

[ 2014-04-02T21:06:51+08:00 ] 58.253.223.151 /NewXiaoZhao/index.php/Index/count
INFO: [ route_check ] --START--
INFO: CheckRoute Behavior ::run [ RunTime:0.000462s ]
INFO: [ route_check ] --END-- [ RunTime:0.000537s ]
INFO: [ app_begin ] --START--
INFO: ReadHtmlCache Behavior ::run [ RunTime:0.000284s ]
INFO: [ app_begin ] --END-- [ RunTime:0.000334s ]
NOTIC: [2] mysql_connect(): Can't connect to MySQL server on '127.0.0.1' (111) /var/www/NewXiaoZhao/ThinkPHP/Lib/Driver/Db/DbMysql.class.php 第 55 行.
ERR: Can't connect to MySQL server on '127.0.0.1' (111)

[ 2014-04-02T21:06:54+08:00 ] 58.253.223.151 /NewXiaoZhao/index.php/Company/companyList
INFO: [ route_check ] --START--
INFO: CheckRoute Behavior ::run [ RunTime:0.000500s ]
INFO: [ route_check ] --END-- [ RunTime:0.014581s ]
INFO: [ app_begin ] --START--
INFO: ReadHtmlCache Behavior ::run [ RunTime:0.000290s ]
INFO: [ app_begin ] --END-- [ RunTime:0.000340s ]
NOTIC: [2] mysql_connect(): Can't connect to MySQL server on '127.0.0.1' (111) /var/www/NewXiaoZhao/ThinkPHP/Lib/Driver/Db/DbMysql.class.php 第 55 行.
ERR: Can't connect to MySQL server on '127.0.0.1' (111)

[ 2014-04-02T21:06:54+08:00 ] 58.253.223.151 /NewXiaoZhao/index.php/Company/companyPageCount
INFO: [ route_check ] --START--
INFO: CheckRoute Behavior ::run [ RunTime:0.000514s ]
INFO: [ route_check ] --END-- [ RunTime:0.000604s ]
INFO: [ app_begin ] --START--
INFO: ReadHtmlCache Behavior ::run [ RunTime:0.000298s ]
INFO: [ app_begin ] --END-- [ RunTime:0.000349s ]
NOTIC: [2] mysql_connect(): Can't connect to MySQL server on '127.0.0.1' (111) /var/www/NewXiaoZhao/ThinkPHP/Lib/Driver/Db/DbMysql.class.php 第 55 行.
ERR: Can't connect to MySQL server on '127.0.0.1' (111)

[ 2014-04-02T21:06:54+08:00 ] 58.253.223.151 /NewXiaoZhao/index.php/Index/count
INFO: [ route_check ] --START--
INFO: CheckRoute Behavior ::run [ RunTime:0.000680s ]
INFO: [ route_check ] --END-- [ RunTime:0.000785s ]
INFO: [ app_begin ] --START--
INFO: ReadHtmlCache Behavior ::run [ RunTime:0.000383s ]
INFO: [ app_begin ] --END-- [ RunTime:0.000450s ]
NOTIC: [2] mysql_connect(): Can't connect to MySQL server on '127.0.0.1' (111) /var/www/NewXiaoZhao/ThinkPHP/Lib/Driver/Db/DbMysql.class.php 第 55 行.
ERR: Can't connect to MySQL server on '127.0.0.1' (111)

[ 2014-04-02T21:06:54+08:00 ] 58.253.223.151 /NewXiaoZhao/index.php/Company/companyList
INFO: [ route_check ] --START--
INFO: CheckRoute Behavior ::run [ RunTime:0.000626s ]
INFO: [ route_check ] --END-- [ RunTime:0.000736s ]
INFO: [ app_begin ] --START--
INFO: ReadHtmlCache Behavior ::run [ RunTime:0.000318s ]
INFO: [ app_begin ] --END-- [ RunTime:0.000372s ]
NOTIC: [2] mysql_connect(): Can't connect to MySQL server on '127.0.0.1' (111) /var/www/NewXiaoZhao/ThinkPHP/Lib/Driver/Db/DbMysql.class.php 第 55 行.
ERR: Can't connect to MySQL server on '127.0.0.1' (111)

[ 2014-04-02T21:10:49+08:00 ] 58.253.223.151 /NewXiaoZhao/index.php/Job/TopJob
INFO: [ route_check ] --START--
INFO: CheckRoute Behavior ::run [ RunTime:0.000496s ]
INFO: [ route_check ] --END-- [ RunTime:0.000589s ]
INFO: [ app_begin ] --START--
INFO: ReadHtmlCache Behavior ::run [ RunTime:0.000294s ]
INFO: [ app_begin ] --END-- [ RunTime:0.000347s ]
NOTIC: [2] mysql_connect(): Can't connect to MySQL server on '127.0.0.1' (111) /var/www/NewXiaoZhao/ThinkPHP/Lib/Driver/Db/DbMysql.class.php 第 55 行.
ERR: Can't connect to MySQL server on '127.0.0.1' (111)

[ 2014-04-02T21:10:49+08:00 ] 58.253.223.151 /NewXiaoZhao/index.php/Company/TopCompany
INFO: [ route_check ] --START--
INFO: CheckRoute Behavior ::run [ RunTime:0.000465s ]
INFO: [ route_check ] --END-- [ RunTime:0.000534s ]
INFO: [ app_begin ] --START--
INFO: ReadHtmlCache Behavior ::run [ RunTime:0.000311s ]
INFO: [ app_begin ] --END-- [ RunTime:0.000362s ]
NOTIC: [2] mysql_connect(): Can't connect to MySQL server on '127.0.0.1' (111) /var/www/NewXiaoZhao/ThinkPHP/Lib/Driver/Db/DbMysql.class.php 第 55 行.
ERR: Can't connect to MySQL server on '127.0.0.1' (111)

[ 2014-04-02T21:10:49+08:00 ] 58.253.223.151 /NewXiaoZhao/index.php/Index/count
INFO: [ route_check ] --START--
INFO: CheckRoute Behavior ::run [ RunTime:0.000560s ]
INFO: [ route_check ] --END-- [ RunTime:0.000661s ]
INFO: [ app_begin ] --START--
INFO: ReadHtmlCache Behavior ::run [ RunTime:0.000312s ]
INFO: [ app_begin ] --END-- [ RunTime:0.000366s ]
NOTIC: [2] mysql_connect(): Can't connect to MySQL server on '127.0.0.1' (111) /var/www/NewXiaoZhao/ThinkPHP/Lib/Driver/Db/DbMysql.class.php 第 55 行.
ERR: Can't connect to MySQL server on '127.0.0.1' (111)

[ 2014-04-02T21:12:23+08:00 ] 58.253.223.151 /NewXiaoZhao/
INFO: [ app_begin ] --START--
INFO: ReadHtmlCache Behavior ::run [ RunTime:0.011112s ]
INFO: [ app_begin ] --END-- [ RunTime:0.011240s ]
NOTIC: [2] Missing argument 1 for Action::show(), called in /var/www/NewXiaoZhao/Lib/Action/IndexAction.class.php on line 6 and defined /var/www/NewXiaoZhao/ThinkPHP/Lib/Core/Action.class.php 第 107 行.
NOTIC: [8] Undefined variable: content /var/www/NewXiaoZhao/ThinkPHP/Lib/Core/Action.class.php 第 108 行.
INFO: [ view_parse ] --START--
INFO: ParseTemplate Behavior ::run [ RunTime:0.049228s ]
INFO: [ view_parse ] --END-- [ RunTime:0.049329s ]
INFO: [ view_filter ] --START--
INFO: ContentReplace Behavior ::run [ RunTime:0.007283s ]
INFO: TokenBuild Behavior ::run [ RunTime:0.001253s ]
INFO: WriteHtmlCache Behavior ::run [ RunTime:0.001135s ]
INFO: ShowRuntime Behavior ::run [ RunTime:0.001540s ]
INFO: [ view_filter ] --END-- [ RunTime:0.011363s ]
INFO: [ view_end ] --START--
INFO: ShowPageTrace Behavior ::run [ RunTime:0.001621s ]
INFO: [ view_end ] --END-- [ RunTime:0.001676s ]

[ 2014-04-02T21:12:24+08:00 ] 58.253.223.151 /NewXiaoZhao/index.php/Job/TopJob
INFO: [ route_check ] --START--
INFO: CheckRoute Behavior ::run [ RunTime:0.016342s ]
INFO: [ route_check ] --END-- [ RunTime:0.016434s ]
INFO: [ app_begin ] --START--
INFO: ReadHtmlCache Behavior ::run [ RunTime:0.000322s ]
INFO: [ app_begin ] --END-- [ RunTime:0.000375s ]
SQL: SHOW COLUMNS FROM `think_singlejob` [ RunTime:0.000647s ]
SQL: SELECT `jid`,`cid`,`name`,`resumenum`,`size`,`money`,`location` FROM `think_singlejob` ORDER BY resumenum desc LIMIT 5   [ RunTime:0.000598s ]
SQL: SHOW COLUMNS FROM `think_company` [ RunTime:0.000647s ]
SQL: SELECT `name` FROM `think_company` WHERE ( 1=1 AND cid='4' ) LIMIT 1   [ RunTime:0.000225s ]
SQL: SELECT `name` FROM `think_company` WHERE ( 1=1 AND cid='16' ) LIMIT 1   [ RunTime:0.000206s ]
SQL: SELECT `name` FROM `think_company` WHERE ( 1=1 AND cid='9' ) LIMIT 1   [ RunTime:0.000166s ]
SQL: SELECT `name` FROM `think_company` WHERE ( 1=1 AND cid='16' ) LIMIT 1   [ RunTime:0.000073s ]
SQL: SELECT `name` FROM `think_company` WHERE ( 1=1 AND cid='9' ) LIMIT 1   [ RunTime:0.000065s ]

[ 2014-04-02T21:12:24+08:00 ] 58.253.223.151 /NewXiaoZhao/index.php/Company/TopCompany
INFO: [ route_check ] --START--
INFO: CheckRoute Behavior ::run [ RunTime:0.014120s ]
INFO: [ route_check ] --END-- [ RunTime:0.014246s ]
INFO: [ app_begin ] --START--
INFO: ReadHtmlCache Behavior ::run [ RunTime:0.000792s ]
INFO: [ app_begin ] --END-- [ RunTime:0.000848s ]
SQL: SHOW COLUMNS FROM `think_company` [ RunTime:0.000664s ]
SQL: SELECT `cid`,`name`,`kind`,`size`,`times` FROM `think_company` WHERE ( `status` = 1 ) ORDER BY times desc LIMIT 5   [ RunTime:0.000292s ]
SQL: SHOW COLUMNS FROM `think_singlejob` [ RunTime:0.000455s ]
SQL: SELECT COUNT(*) AS tp_count FROM `think_singlejob` WHERE ( `cid` = 9 ) LIMIT 1   [ RunTime:0.000202s ]
SQL: SELECT COUNT(*) AS tp_count FROM `think_singlejob` WHERE ( `cid` = 4 ) LIMIT 1   [ RunTime:0.000173s ]
SQL: SELECT COUNT(*) AS tp_count FROM `think_singlejob` WHERE ( `cid` = 16 ) LIMIT 1   [ RunTime:0.000168s ]
SQL: SELECT COUNT(*) AS tp_count FROM `think_singlejob` WHERE ( `cid` = 8 ) LIMIT 1   [ RunTime:0.000189s ]
SQL: SELECT COUNT(*) AS tp_count FROM `think_singlejob` WHERE ( `cid` = 10 ) LIMIT 1   [ RunTime:0.000164s ]

[ 2014-04-02T21:12:24+08:00 ] 58.253.223.151 /NewXiaoZhao/index.php/Index/count
INFO: [ route_check ] --START--
INFO: CheckRoute Behavior ::run [ RunTime:0.000530s ]
INFO: [ route_check ] --END-- [ RunTime:0.000640s ]
INFO: [ app_begin ] --START--
INFO: ReadHtmlCache Behavior ::run [ RunTime:0.000307s ]
INFO: [ app_begin ] --END-- [ RunTime:0.000362s ]
SQL: SHOW COLUMNS FROM `think_company` [ RunTime:0.000623s ]
SQL: SELECT COUNT(*) AS tp_count FROM `think_company` LIMIT 1   [ RunTime:0.000221s ]
SQL: SHOW COLUMNS FROM `think_student` [ RunTime:0.000438s ]
SQL: SELECT COUNT(*) AS tp_count FROM `think_student` LIMIT 1   [ RunTime:0.000192s ]

[ 2014-04-02T21:12:26+08:00 ] 58.253.223.151 /NewXiaoZhao/index.php/Index/count
INFO: [ route_check ] --START--
INFO: CheckRoute Behavior ::run [ RunTime:0.000473s ]
INFO: [ route_check ] --END-- [ RunTime:0.000552s ]
INFO: [ app_begin ] --START--
INFO: ReadHtmlCache Behavior ::run [ RunTime:0.000284s ]
INFO: [ app_begin ] --END-- [ RunTime:0.000333s ]
SQL: SHOW COLUMNS FROM `think_company` [ RunTime:0.000718s ]
SQL: SELECT COUNT(*) AS tp_count FROM `think_company` LIMIT 1   [ RunTime:0.000081s ]
SQL: SHOW COLUMNS FROM `think_student` [ RunTime:0.000379s ]
SQL: SELECT COUNT(*) AS tp_count FROM `think_student` LIMIT 1   [ RunTime:0.000065s ]

[ 2014-04-02T21:12:28+08:00 ] 58.253.223.151 /NewXiaoZhao/index.php/Company/companyList
INFO: [ route_check ] --START--
INFO: CheckRoute Behavior ::run [ RunTime:0.000446s ]
INFO: [ route_check ] --END-- [ RunTime:0.000505s ]
INFO: [ app_begin ] --START--
INFO: ReadHtmlCache Behavior ::run [ RunTime:0.000285s ]
INFO: [ app_begin ] --END-- [ RunTime:0.000334s ]
SQL: SHOW COLUMNS FROM `think_company` [ RunTime:0.000695s ]
SQL: SELECT `cid`,`name`,`statement`,`avtor` FROM `think_company` ORDER BY cid desc LIMIT 0,9   [ RunTime:0.000329s ]
SQL: SHOW COLUMNS FROM `think_singlejob` [ RunTime:0.000482s ]
SQL: SELECT `jid`,`name`,`size` FROM `think_singlejob` WHERE ( 1=1 AND cid='18' )  [ RunTime:0.000244s ]
SQL: SELECT `jid`,`name`,`size` FROM `think_singlejob` WHERE ( 1=1 AND cid='17' )  [ RunTime:0.000193s ]
SQL: SELECT `jid`,`name`,`size` FROM `think_singlejob` WHERE ( 1=1 AND cid='16' )  [ RunTime:0.000192s ]
SQL: SELECT `jid`,`name`,`size` FROM `think_singlejob` WHERE ( 1=1 AND cid='13' )  [ RunTime:0.000186s ]
SQL: SELECT `jid`,`name`,`size` FROM `think_singlejob` WHERE ( 1=1 AND cid='12' )  [ RunTime:0.000182s ]
SQL: SELECT `jid`,`name`,`size` FROM `think_singlejob` WHERE ( 1=1 AND cid='11' )  [ RunTime:0.000184s ]
SQL: SELECT `jid`,`name`,`size` FROM `think_singlejob` WHERE ( 1=1 AND cid='10' )  [ RunTime:0.000189s ]
SQL: SELECT `jid`,`name`,`size` FROM `think_singlejob` WHERE ( 1=1 AND cid='9' )  [ RunTime:0.000186s ]
SQL: SELECT `jid`,`name`,`size` FROM `think_singlejob` WHERE ( 1=1 AND cid='8' )  [ RunTime:0.000187s ]

[ 2014-04-02T21:12:28+08:00 ] 58.253.223.151 /NewXiaoZhao/index.php/Company/companyPageCount
INFO: [ route_check ] --START--
INFO: CheckRoute Behavior ::run [ RunTime:0.000455s ]
INFO: [ route_check ] --END-- [ RunTime:0.000527s ]
INFO: [ app_begin ] --START--
INFO: ReadHtmlCache Behavior ::run [ RunTime:0.000282s ]
INFO: [ app_begin ] --END-- [ RunTime:0.012381s ]
SQL: SHOW COLUMNS FROM `think_company` [ RunTime:0.000552s ]
SQL: SELECT COUNT(*) AS tp_count FROM `think_company` LIMIT 1   [ RunTime:0.000075s ]

[ 2014-04-02T21:12:28+08:00 ] 58.253.223.151 /NewXiaoZhao/index.php/Company/companyList
INFO: [ route_check ] --START--
INFO: CheckRoute Behavior ::run [ RunTime:0.010628s ]
INFO: [ route_check ] --END-- [ RunTime:0.010691s ]
INFO: [ app_begin ] --START--
INFO: ReadHtmlCache Behavior ::run [ RunTime:0.000284s ]
INFO: [ app_begin ] --END-- [ RunTime:0.000334s ]
SQL: SHOW COLUMNS FROM `think_company` [ RunTime:0.000547s ]
SQL: SELECT `cid`,`name`,`statement`,`avtor` FROM `think_company` ORDER BY cid desc LIMIT 0,9   [ RunTime:0.000131s ]
SQL: SHOW COLUMNS FROM `think_singlejob` [ RunTime:0.000461s ]
SQL: SELECT `jid`,`name`,`size` FROM `think_singlejob` WHERE ( 1=1 AND cid='18' )  [ RunTime:0.000079s ]
SQL: SELECT `jid`,`name`,`size` FROM `think_singlejob` WHERE ( 1=1 AND cid='17' )  [ RunTime:0.000073s ]
SQL: SELECT `jid`,`name`,`size` FROM `think_singlejob` WHERE ( 1=1 AND cid='16' )  [ RunTime:0.000067s ]
SQL: SELECT `jid`,`name`,`size` FROM `think_singlejob` WHERE ( 1=1 AND cid='13' )  [ RunTime:0.000066s ]
SQL: SELECT `jid`,`name`,`size` FROM `think_singlejob` WHERE ( 1=1 AND cid='12' )  [ RunTime:0.000067s ]
SQL: SELECT `jid`,`name`,`size` FROM `think_singlejob` WHERE ( 1=1 AND cid='11' )  [ RunTime:0.000065s ]
SQL: SELECT `jid`,`name`,`size` FROM `think_singlejob` WHERE ( 1=1 AND cid='10' )  [ RunTime:0.000067s ]
SQL: SELECT `jid`,`name`,`size` FROM `think_singlejob` WHERE ( 1=1 AND cid='9' )  [ RunTime:0.000066s ]
SQL: SELECT `jid`,`name`,`size` FROM `think_singlejob` WHERE ( 1=1 AND cid='8' )  [ RunTime:0.000066s ]

[ 2014-04-02T21:12:28+08:00 ] 58.253.223.151 /NewXiaoZhao/index.php/Index/count
INFO: [ route_check ] --START--
INFO: CheckRoute Behavior ::run [ RunTime:0.000526s ]
INFO: [ route_check ] --END-- [ RunTime:0.000617s ]
INFO: [ app_begin ] --START--
INFO: ReadHtmlCache Behavior ::run [ RunTime:0.000307s ]
INFO: [ app_begin ] --END-- [ RunTime:0.000360s ]
SQL: SHOW COLUMNS FROM `think_company` [ RunTime:0.000644s ]
SQL: SELECT COUNT(*) AS tp_count FROM `think_company` LIMIT 1   [ RunTime:0.000079s ]
SQL: SHOW COLUMNS FROM `think_student` [ RunTime:0.000368s ]
SQL: SELECT COUNT(*) AS tp_count FROM `think_student` LIMIT 1   [ RunTime:0.000066s ]

[ 2014-04-02T21:16:45+08:00 ] 112.91.181.16 /NewXiaoZhao/
INFO: [ app_begin ] --START--
INFO: ReadHtmlCache Behavior ::run [ RunTime:0.000336s ]
INFO: [ app_begin ] --END-- [ RunTime:0.000433s ]
NOTIC: [2] Missing argument 1 for Action::show(), called in /var/www/NewXiaoZhao/Lib/Action/IndexAction.class.php on line 6 and defined /var/www/NewXiaoZhao/ThinkPHP/Lib/Core/Action.class.php 第 107 行.
NOTIC: [8] Undefined variable: content /var/www/NewXiaoZhao/ThinkPHP/Lib/Core/Action.class.php 第 108 行.
INFO: [ view_parse ] --START--
INFO: ParseTemplate Behavior ::run [ RunTime:0.005588s ]
INFO: [ view_parse ] --END-- [ RunTime:0.005665s ]
INFO: [ view_filter ] --START--
INFO: ContentReplace Behavior ::run [ RunTime:0.000200s ]
INFO: TokenBuild Behavior ::run [ RunTime:0.000202s ]
INFO: WriteHtmlCache Behavior ::run [ RunTime:0.000125s ]
INFO: ShowRuntime Behavior ::run [ RunTime:0.000262s ]
INFO: [ view_filter ] --END-- [ RunTime:0.000943s ]
INFO: [ view_end ] --START--
INFO: ShowPageTrace Behavior ::run [ RunTime:0.000371s ]
INFO: [ view_end ] --END-- [ RunTime:0.000429s ]

[ 2014-04-02T21:16:45+08:00 ] 112.91.181.16 /NewXiaoZhao/index.php/Job/TopJob
INFO: [ route_check ] --START--
INFO: CheckRoute Behavior ::run [ RunTime:0.000459s ]
INFO: [ route_check ] --END-- [ RunTime:0.000532s ]
INFO: [ app_begin ] --START--
INFO: ReadHtmlCache Behavior ::run [ RunTime:0.000301s ]
INFO: [ app_begin ] --END-- [ RunTime:0.000352s ]
SQL: SHOW COLUMNS FROM `think_singlejob` [ RunTime:0.000669s ]
SQL: SELECT `jid`,`cid`,`name`,`resumenum`,`size`,`money`,`location` FROM `think_singlejob` ORDER BY resumenum desc LIMIT 5   [ RunTime:0.000085s ]
SQL: SHOW COLUMNS FROM `think_company` [ RunTime:0.000496s ]
SQL: SELECT `name` FROM `think_company` WHERE ( 1=1 AND cid='4' ) LIMIT 1   [ RunTime:0.000069s ]
SQL: SELECT `name` FROM `think_company` WHERE ( 1=1 AND cid='16' ) LIMIT 1   [ RunTime:0.000065s ]
SQL: SELECT `name` FROM `think_company` WHERE ( 1=1 AND cid='9' ) LIMIT 1   [ RunTime:0.000064s ]
SQL: SELECT `name` FROM `think_company` WHERE ( 1=1 AND cid='16' ) LIMIT 1   [ RunTime:0.000063s ]
SQL: SELECT `name` FROM `think_company` WHERE ( 1=1 AND cid='9' ) LIMIT 1   [ RunTime:0.000063s ]

[ 2014-04-02T21:16:45+08:00 ] 112.91.181.16 /NewXiaoZhao/index.php/Company/TopCompany
INFO: [ route_check ] --START--
INFO: CheckRoute Behavior ::run [ RunTime:0.000509s ]
INFO: [ route_check ] --END-- [ RunTime:0.000604s ]
INFO: [ app_begin ] --START--
INFO: ReadHtmlCache Behavior ::run [ RunTime:0.000304s ]
INFO: [ app_begin ] --END-- [ RunTime:0.000358s ]
SQL: SHOW COLUMNS FROM `think_company` [ RunTime:0.000543s ]
SQL: SELECT `cid`,`name`,`kind`,`size`,`times` FROM `think_company` WHERE ( `status` = 1 ) ORDER BY times desc LIMIT 5   [ RunTime:0.000081s ]
SQL: SHOW COLUMNS FROM `think_singlejob` [ RunTime:0.000477s ]
SQL: SELECT COUNT(*) AS tp_count FROM `think_singlejob` WHERE ( `cid` = 9 ) LIMIT 1   [ RunTime:0.000073s ]
SQL: SELECT COUNT(*) AS tp_count FROM `think_singlejob` WHERE ( `cid` = 4 ) LIMIT 1   [ RunTime:0.000065s ]
SQL: SELECT COUNT(*) AS tp_count FROM `think_singlejob` WHERE ( `cid` = 16 ) LIMIT 1   [ RunTime:0.000065s ]
SQL: SELECT COUNT(*) AS tp_count FROM `think_singlejob` WHERE ( `cid` = 8 ) LIMIT 1   [ RunTime:0.000063s ]
SQL: SELECT COUNT(*) AS tp_count FROM `think_singlejob` WHERE ( `cid` = 10 ) LIMIT 1   [ RunTime:0.000063s ]

[ 2014-04-02T21:16:45+08:00 ] 112.91.181.16 /NewXiaoZhao/index.php/Index/count
INFO: [ route_check ] --START--
INFO: CheckRoute Behavior ::run [ RunTime:0.000535s ]
INFO: [ route_check ] --END-- [ RunTime:0.000653s ]
INFO: [ app_begin ] --START--
INFO: ReadHtmlCache Behavior ::run [ RunTime:0.000340s ]
INFO: [ app_begin ] --END-- [ RunTime:0.000399s ]
SQL: SHOW COLUMNS FROM `think_company` [ RunTime:0.000686s ]
SQL: SELECT COUNT(*) AS tp_count FROM `think_company` LIMIT 1   [ RunTime:0.000081s ]
SQL: SHOW COLUMNS FROM `think_student` [ RunTime:0.000367s ]
SQL: SELECT COUNT(*) AS tp_count FROM `think_student` LIMIT 1   [ RunTime:0.000068s ]

[ 2014-04-02T21:29:18+08:00 ] 117.136.33.129 /NewXiaoZhao/
INFO: [ app_begin ] --START--
INFO: ReadHtmlCache Behavior ::run [ RunTime:0.000349s ]
INFO: [ app_begin ] --END-- [ RunTime:0.000449s ]
NOTIC: [2] Missing argument 1 for Action::show(), called in /var/www/NewXiaoZhao/Lib/Action/IndexAction.class.php on line 6 and defined /var/www/NewXiaoZhao/ThinkPHP/Lib/Core/Action.class.php 第 107 行.
NOTIC: [8] Undefined variable: content /var/www/NewXiaoZhao/ThinkPHP/Lib/Core/Action.class.php 第 108 行.
INFO: [ view_parse ] --START--
INFO: ParseTemplate Behavior ::run [ RunTime:0.005330s ]
INFO: [ view_parse ] --END-- [ RunTime:0.005400s ]
INFO: [ view_filter ] --START--
INFO: ContentReplace Behavior ::run [ RunTime:0.000199s ]
INFO: TokenBuild Behavior ::run [ RunTime:0.000321s ]
INFO: WriteHtmlCache Behavior ::run [ RunTime:0.000259s ]
INFO: ShowRuntime Behavior ::run [ RunTime:0.000301s ]
INFO: [ view_filter ] --END-- [ RunTime:0.001366s ]
INFO: [ view_end ] --START--
INFO: ShowPageTrace Behavior ::run [ RunTime:0.000388s ]
INFO: [ view_end ] --END-- [ RunTime:0.000441s ]

[ 2014-04-02T21:29:27+08:00 ] 117.136.33.129 /NewXiaoZhao/index.php/Index/count
INFO: [ route_check ] --START--
INFO: CheckRoute Behavior ::run [ RunTime:0.000462s ]
INFO: [ route_check ] --END-- [ RunTime:0.000533s ]
INFO: [ app_begin ] --START--
INFO: ReadHtmlCache Behavior ::run [ RunTime:0.000284s ]
INFO: [ app_begin ] --END-- [ RunTime:0.000334s ]
SQL: SHOW COLUMNS FROM `think_company` [ RunTime:0.000713s ]
SQL: SELECT COUNT(*) AS tp_count FROM `think_company` LIMIT 1   [ RunTime:0.000083s ]
SQL: SHOW COLUMNS FROM `think_student` [ RunTime:0.000366s ]
SQL: SELECT COUNT(*) AS tp_count FROM `think_student` LIMIT 1   [ RunTime:0.000067s ]

[ 2014-04-02T21:29:28+08:00 ] 183.60.35.80 /NewXiaoZhao/
INFO: [ app_begin ] --START--
INFO: ReadHtmlCache Behavior ::run [ RunTime:0.000335s ]
INFO: [ app_begin ] --END-- [ RunTime:0.000428s ]
NOTIC: [2] Missing argument 1 for Action::show(), called in /var/www/NewXiaoZhao/Lib/Action/IndexAction.class.php on line 6 and defined /var/www/NewXiaoZhao/ThinkPHP/Lib/Core/Action.class.php 第 107 行.
NOTIC: [8] Undefined variable: content /var/www/NewXiaoZhao/ThinkPHP/Lib/Core/Action.class.php 第 108 行.
INFO: [ view_parse ] --START--
INFO: ParseTemplate Behavior ::run [ RunTime:0.009495s ]
INFO: [ view_parse ] --END-- [ RunTime:0.009566s ]
INFO: [ view_filter ] --START--
INFO: ContentReplace Behavior ::run [ RunTime:0.001498s ]
INFO: TokenBuild Behavior ::run [ RunTime:0.000204s ]
INFO: WriteHtmlCache Behavior ::run [ RunTime:0.000130s ]
INFO: ShowRuntime Behavior ::run [ RunTime:0.000258s ]
INFO: [ view_filter ] --END-- [ RunTime:0.002239s ]
INFO: [ view_end ] --START--
INFO: ShowPageTrace Behavior ::run [ RunTime:0.000357s ]
INFO: [ view_end ] --END-- [ RunTime:0.000407s ]

[ 2014-04-02T21:29:28+08:00 ] 183.60.35.80 /NewXiaoZhao/
INFO: [ app_begin ] --START--
INFO: ReadHtmlCache Behavior ::run [ RunTime:0.000350s ]
INFO: [ app_begin ] --END-- [ RunTime:0.000460s ]
NOTIC: [2] Missing argument 1 for Action::show(), called in /var/www/NewXiaoZhao/Lib/Action/IndexAction.class.php on line 6 and defined /var/www/NewXiaoZhao/ThinkPHP/Lib/Core/Action.class.php 第 107 行.
NOTIC: [8] Undefined variable: content /var/www/NewXiaoZhao/ThinkPHP/Lib/Core/Action.class.php 第 108 行.
INFO: [ view_parse ] --START--
INFO: ParseTemplate Behavior ::run [ RunTime:0.010769s ]
INFO: [ view_parse ] --END-- [ RunTime:0.010839s ]
INFO: [ view_filter ] --START--
INFO: ContentReplace Behavior ::run [ RunTime:0.000190s ]
INFO: TokenBuild Behavior ::run [ RunTime:0.000195s ]
INFO: WriteHtmlCache Behavior ::run [ RunTime:0.000127s ]
INFO: ShowRuntime Behavior ::run [ RunTime:0.000252s ]
INFO: [ view_filter ] --END-- [ RunTime:0.000909s ]
INFO: [ view_end ] --START--
INFO: ShowPageTrace Behavior ::run [ RunTime:0.000403s ]
INFO: [ view_end ] --END-- [ RunTime:0.000482s ]

[ 2014-04-02T21:30:01+08:00 ] 183.62.181.2 /NewXiaoZhao/
INFO: [ app_begin ] --START--
INFO: ReadHtmlCache Behavior ::run [ RunTime:0.000338s ]
INFO: [ app_begin ] --END-- [ RunTime:0.000437s ]
NOTIC: [2] Missing argument 1 for Action::show(), called in /var/www/NewXiaoZhao/Lib/Action/IndexAction.class.php on line 6 and defined /var/www/NewXiaoZhao/ThinkPHP/Lib/Core/Action.class.php 第 107 行.
NOTIC: [8] Undefined variable: content /var/www/NewXiaoZhao/ThinkPHP/Lib/Core/Action.class.php 第 108 行.
INFO: [ view_parse ] --START--
INFO: ParseTemplate Behavior ::run [ RunTime:0.005293s ]
INFO: [ view_parse ] --END-- [ RunTime:0.005362s ]
INFO: [ view_filter ] --START--
INFO: ContentReplace Behavior ::run [ RunTime:0.000195s ]
INFO: TokenBuild Behavior ::run [ RunTime:0.000195s ]
INFO: WriteHtmlCache Behavior ::run [ RunTime:0.000124s ]
INFO: ShowRuntime Behavior ::run [ RunTime:0.000259s ]
INFO: [ view_filter ] --END-- [ RunTime:0.000920s ]
INFO: [ view_end ] --START--
INFO: ShowPageTrace Behavior ::run [ RunTime:0.000365s ]
INFO: [ view_end ] --END-- [ RunTime:0.000415s ]

[ 2014-04-02T21:30:03+08:00 ] 183.62.181.2 /NewXiaoZhao/index.php/Index/count
INFO: [ route_check ] --START--
INFO: CheckRoute Behavior ::run [ RunTime:0.000504s ]
INFO: [ route_check ] --END-- [ RunTime:0.000576s ]
INFO: [ app_begin ] --START--
INFO: ReadHtmlCache Behavior ::run [ RunTime:0.000299s ]
INFO: [ app_begin ] --END-- [ RunTime:0.000350s ]
SQL: SHOW COLUMNS FROM `think_company` [ RunTime:0.000713s ]
SQL: SELECT COUNT(*) AS tp_count FROM `think_company` LIMIT 1   [ RunTime:0.000081s ]
SQL: SHOW COLUMNS FROM `think_student` [ RunTime:0.000380s ]
SQL: SELECT COUNT(*) AS tp_count FROM `think_student` LIMIT 1   [ RunTime:0.000067s ]

[ 2014-04-02T21:38:26+08:00 ] 58.253.223.149 /NewXiaoZhao/
INFO: [ app_begin ] --START--
INFO: ReadHtmlCache Behavior ::run [ RunTime:0.000522s ]
INFO: [ app_begin ] --END-- [ RunTime:0.000680s ]
NOTIC: [2] Missing argument 1 for Action::show(), called in /var/www/NewXiaoZhao/Lib/Action/IndexAction.class.php on line 6 and defined /var/www/NewXiaoZhao/ThinkPHP/Lib/Core/Action.class.php 第 107 行.
NOTIC: [8] Undefined variable: content /var/www/NewXiaoZhao/ThinkPHP/Lib/Core/Action.class.php 第 108 行.
INFO: [ view_parse ] --START--
INFO: ParseTemplate Behavior ::run [ RunTime:0.005240s ]
INFO: [ view_parse ] --END-- [ RunTime:0.005313s ]
INFO: [ view_filter ] --START--
INFO: ContentReplace Behavior ::run [ RunTime:0.000192s ]
INFO: TokenBuild Behavior ::run [ RunTime:0.000200s ]
INFO: WriteHtmlCache Behavior ::run [ RunTime:0.000126s ]
INFO: ShowRuntime Behavior ::run [ RunTime:0.000254s ]
INFO: [ view_filter ] --END-- [ RunTime:0.000916s ]
INFO: [ view_end ] --START--
INFO: ShowPageTrace Behavior ::run [ RunTime:0.000383s ]
INFO: [ view_end ] --END-- [ RunTime:0.000433s ]

[ 2014-04-02T21:48:53+08:00 ] 14.17.18.143 /NewXiaoZhao/
INFO: [ app_begin ] --START--
INFO: ReadHtmlCache Behavior ::run [ RunTime:0.000316s ]
INFO: [ app_begin ] --END-- [ RunTime:0.000383s ]
NOTIC: [2] Missing argument 1 for Action::show(), called in /var/www/NewXiaoZhao/Lib/Action/IndexAction.class.php on line 6 and defined /var/www/NewXiaoZhao/ThinkPHP/Lib/Core/Action.class.php 第 107 行.
NOTIC: [8] Undefined variable: content /var/www/NewXiaoZhao/ThinkPHP/Lib/Core/Action.class.php 第 108 行.
INFO: [ view_parse ] --START--
INFO: ParseTemplate Behavior ::run [ RunTime:0.004923s ]
INFO: [ view_parse ] --END-- [ RunTime:0.004981s ]
INFO: [ view_filter ] --START--
INFO: ContentReplace Behavior ::run [ RunTime:0.000181s ]
INFO: TokenBuild Behavior ::run [ RunTime:0.000191s ]
INFO: WriteHtmlCache Behavior ::run [ RunTime:0.000134s ]
INFO: ShowRuntime Behavior ::run [ RunTime:0.000245s ]
INFO: [ view_filter ] --END-- [ RunTime:0.000889s ]
INFO: [ view_end ] --START--
INFO: ShowPageTrace Behavior ::run [ RunTime:0.000338s ]
INFO: [ view_end ] --END-- [ RunTime:0.000384s ]

[ 2014-04-02T22:05:03+08:00 ] 220.181.132.196 /NewXiaoZhao/
INFO: [ app_begin ] --START--
INFO: ReadHtmlCache Behavior ::run [ RunTime:0.000359s ]
INFO: [ app_begin ] --END-- [ RunTime:0.000456s ]
NOTIC: [2] Missing argument 1 for Action::show(), called in /var/www/NewXiaoZhao/Lib/Action/IndexAction.class.php on line 6 and defined /var/www/NewXiaoZhao/ThinkPHP/Lib/Core/Action.class.php 第 107 行.
NOTIC: [8] Undefined variable: content /var/www/NewXiaoZhao/ThinkPHP/Lib/Core/Action.class.php 第 108 行.
INFO: [ view_parse ] --START--
INFO: ParseTemplate Behavior ::run [ RunTime:0.005344s ]
INFO: [ view_parse ] --END-- [ RunTime:0.005411s ]
INFO: [ view_filter ] --START--
INFO: ContentReplace Behavior ::run [ RunTime:0.000189s ]
INFO: TokenBuild Behavior ::run [ RunTime:0.000193s ]
INFO: WriteHtmlCache Behavior ::run [ RunTime:0.000133s ]
INFO: ShowRuntime Behavior ::run [ RunTime:0.000264s ]
INFO: [ view_filter ] --END-- [ RunTime:0.000924s ]
INFO: [ view_end ] --START--
INFO: ShowPageTrace Behavior ::run [ RunTime:0.000365s ]
INFO: [ view_end ] --END-- [ RunTime:0.000416s ]

[ 2014-04-02T22:05:07+08:00 ] 220.181.132.196 /NewXiaoZhao/index.php/Company/TopCompany
INFO: [ route_check ] --START--
INFO: CheckRoute Behavior ::run [ RunTime:0.000484s ]
INFO: [ route_check ] --END-- [ RunTime:0.000551s ]
INFO: [ app_begin ] --START--
INFO: ReadHtmlCache Behavior ::run [ RunTime:0.000288s ]
INFO: [ app_begin ] --END-- [ RunTime:0.000338s ]
SQL: SHOW COLUMNS FROM `think_company` [ RunTime:0.000687s ]
SQL: SELECT `cid`,`name`,`kind`,`size`,`times` FROM `think_company` WHERE ( `status` = 1 ) ORDER BY times desc LIMIT 5   [ RunTime:0.000084s ]
SQL: SHOW COLUMNS FROM `think_singlejob` [ RunTime:0.000460s ]
SQL: SELECT COUNT(*) AS tp_count FROM `think_singlejob` WHERE ( `cid` = 9 ) LIMIT 1   [ RunTime:0.000070s ]
SQL: SELECT COUNT(*) AS tp_count FROM `think_singlejob` WHERE ( `cid` = 4 ) LIMIT 1   [ RunTime:0.000065s ]
SQL: SELECT COUNT(*) AS tp_count FROM `think_singlejob` WHERE ( `cid` = 16 ) LIMIT 1   [ RunTime:0.000066s ]
SQL: SELECT COUNT(*) AS tp_count FROM `think_singlejob` WHERE ( `cid` = 8 ) LIMIT 1   [ RunTime:0.000063s ]
SQL: SELECT COUNT(*) AS tp_count FROM `think_singlejob` WHERE ( `cid` = 10 ) LIMIT 1   [ RunTime:0.000063s ]

[ 2014-04-02T22:05:07+08:00 ] 220.181.132.196 /NewXiaoZhao/index.php/Job/TopJob
INFO: [ route_check ] --START--
INFO: CheckRoute Behavior ::run [ RunTime:0.005406s ]
INFO: [ route_check ] --END-- [ RunTime:0.005485s ]
INFO: [ app_begin ] --START--
INFO: ReadHtmlCache Behavior ::run [ RunTime:0.000310s ]
INFO: [ app_begin ] --END-- [ RunTime:0.000362s ]
SQL: SHOW COLUMNS FROM `think_singlejob` [ RunTime:0.000695s ]
SQL: SELECT `jid`,`cid`,`name`,`resumenum`,`size`,`money`,`location` FROM `think_singlejob` ORDER BY resumenum desc LIMIT 5   [ RunTime:0.000082s ]
SQL: SHOW COLUMNS FROM `think_company` [ RunTime:0.000530s ]
SQL: SELECT `name` FROM `think_company` WHERE ( 1=1 AND cid='4' ) LIMIT 1   [ RunTime:0.000070s ]
SQL: SELECT `name` FROM `think_company` WHERE ( 1=1 AND cid='16' ) LIMIT 1   [ RunTime:0.000065s ]
SQL: SELECT `name` FROM `think_company` WHERE ( 1=1 AND cid='9' ) LIMIT 1   [ RunTime:0.000064s ]
SQL: SELECT `name` FROM `think_company` WHERE ( 1=1 AND cid='16' ) LIMIT 1   [ RunTime:0.000064s ]
SQL: SELECT `name` FROM `think_company` WHERE ( 1=1 AND cid='9' ) LIMIT 1   [ RunTime:0.000063s ]

[ 2014-04-02T22:05:07+08:00 ] 220.181.132.196 /NewXiaoZhao/index.php/Index/count
INFO: [ route_check ] --START--
INFO: CheckRoute Behavior ::run [ RunTime:0.000514s ]
INFO: [ route_check ] --END-- [ RunTime:0.000586s ]
INFO: [ app_begin ] --START--
INFO: ReadHtmlCache Behavior ::run [ RunTime:0.000290s ]
INFO: [ app_begin ] --END-- [ RunTime:0.000339s ]
SQL: SHOW COLUMNS FROM `think_company` [ RunTime:0.000693s ]
SQL: SELECT COUNT(*) AS tp_count FROM `think_company` LIMIT 1   [ RunTime:0.000082s ]
SQL: SHOW COLUMNS FROM `think_student` [ RunTime:0.000369s ]
SQL: SELECT COUNT(*) AS tp_count FROM `think_student` LIMIT 1   [ RunTime:0.000067s ]

[ 2014-04-02T22:05:08+08:00 ] 58.216.26.171 /NewXiaoZhao/
INFO: [ app_begin ] --START--
INFO: ReadHtmlCache Behavior ::run [ RunTime:0.000333s ]
INFO: [ app_begin ] --END-- [ RunTime:0.000404s ]
NOTIC: [2] Missing argument 1 for Action::show(), called in /var/www/NewXiaoZhao/Lib/Action/IndexAction.class.php on line 6 and defined /var/www/NewXiaoZhao/ThinkPHP/Lib/Core/Action.class.php 第 107 行.
NOTIC: [8] Undefined variable: content /var/www/NewXiaoZhao/ThinkPHP/Lib/Core/Action.class.php 第 108 行.
INFO: [ view_parse ] --START--
INFO: ParseTemplate Behavior ::run [ RunTime:0.005317s ]
INFO: [ view_parse ] --END-- [ RunTime:0.005401s ]
INFO: [ view_filter ] --START--
INFO: ContentReplace Behavior ::run [ RunTime:0.000227s ]
INFO: TokenBuild Behavior ::run [ RunTime:0.000196s ]
INFO: WriteHtmlCache Behavior ::run [ RunTime:0.000113s ]
INFO: ShowRuntime Behavior ::run [ RunTime:0.000250s ]
INFO: [ view_filter ] --END-- [ RunTime:0.000926s ]
INFO: [ view_end ] --START--
INFO: ShowPageTrace Behavior ::run [ RunTime:0.000342s ]
INFO: [ view_end ] --END-- [ RunTime:0.000388s ]

[ 2014-04-02T22:05:08+08:00 ] 58.216.26.180 /NewXiaoZhao/index.php/Company/TopCompany
INFO: [ route_check ] --START--
INFO: CheckRoute Behavior ::run [ RunTime:0.000540s ]
INFO: [ route_check ] --END-- [ RunTime:0.000644s ]
INFO: [ app_begin ] --START--
INFO: ReadHtmlCache Behavior ::run [ RunTime:0.000331s ]
INFO: [ app_begin ] --END-- [ RunTime:0.000385s ]
SQL: SHOW COLUMNS FROM `think_company` [ RunTime:0.004189s ]
SQL: SELECT `cid`,`name`,`kind`,`size`,`times` FROM `think_company` WHERE ( `status` = 1 ) ORDER BY times desc LIMIT 5   [ RunTime:0.000095s ]
SQL: SHOW COLUMNS FROM `think_singlejob` [ RunTime:0.000489s ]
SQL: SELECT COUNT(*) AS tp_count FROM `think_singlejob` WHERE ( `cid` = 9 ) LIMIT 1   [ RunTime:0.000077s ]
SQL: SELECT COUNT(*) AS tp_count FROM `think_singlejob` WHERE ( `cid` = 4 ) LIMIT 1   [ RunTime:0.000068s ]
SQL: SELECT COUNT(*) AS tp_count FROM `think_singlejob` WHERE ( `cid` = 16 ) LIMIT 1   [ RunTime:0.000067s ]
SQL: SELECT COUNT(*) AS tp_count FROM `think_singlejob` WHERE ( `cid` = 8 ) LIMIT 1   [ RunTime:0.000064s ]
SQL: SELECT COUNT(*) AS tp_count FROM `think_singlejob` WHERE ( `cid` = 10 ) LIMIT 1   [ RunTime:0.000064s ]

[ 2014-04-02T22:05:08+08:00 ] 58.216.26.181 /NewXiaoZhao/index.php/Job/TopJob
INFO: [ route_check ] --START--
INFO: CheckRoute Behavior ::run [ RunTime:0.000468s ]
INFO: [ route_check ] --END-- [ RunTime:0.000532s ]
INFO: [ app_begin ] --START--
INFO: ReadHtmlCache Behavior ::run [ RunTime:0.000288s ]
INFO: [ app_begin ] --END-- [ RunTime:0.000336s ]
SQL: SHOW COLUMNS FROM `think_singlejob` [ RunTime:0.000522s ]
SQL: SELECT `jid`,`cid`,`name`,`resumenum`,`size`,`money`,`location` FROM `think_singlejob` ORDER BY resumenum desc LIMIT 5   [ RunTime:0.000080s ]
SQL: SHOW COLUMNS FROM `think_company` [ RunTime:0.000504s ]
SQL: SELECT `name` FROM `think_company` WHERE ( 1=1 AND cid='4' ) LIMIT 1   [ RunTime:0.000070s ]
SQL: SELECT `name` FROM `think_company` WHERE ( 1=1 AND cid='16' ) LIMIT 1   [ RunTime:0.000065s ]
SQL: SELECT `name` FROM `think_company` WHERE ( 1=1 AND cid='9' ) LIMIT 1   [ RunTime:0.000066s ]
SQL: SELECT `name` FROM `think_company` WHERE ( 1=1 AND cid='16' ) LIMIT 1   [ RunTime:0.000065s ]
SQL: SELECT `name` FROM `think_company` WHERE ( 1=1 AND cid='9' ) LIMIT 1   [ RunTime:0.000064s ]

[ 2014-04-02T22:05:09+08:00 ] 58.216.26.138 /NewXiaoZhao/index.php/Index/count
INFO: [ route_check ] --START--
INFO: CheckRoute Behavior ::run [ RunTime:0.000539s ]
INFO: [ route_check ] --END-- [ RunTime:0.000644s ]
INFO: [ app_begin ] --START--
INFO: ReadHtmlCache Behavior ::run [ RunTime:0.000314s ]
INFO: [ app_begin ] --END-- [ RunTime:0.000368s ]
SQL: SHOW COLUMNS FROM `think_company` [ RunTime:0.000697s ]
SQL: SELECT COUNT(*) AS tp_count FROM `think_company` LIMIT 1   [ RunTime:0.000081s ]
SQL: SHOW COLUMNS FROM `think_student` [ RunTime:0.000389s ]
SQL: SELECT COUNT(*) AS tp_count FROM `think_student` LIMIT 1   [ RunTime:0.000069s ]

[ 2014-04-02T22:05:09+08:00 ] 183.61.174.212 /NewXiaoZhao/
INFO: [ app_begin ] --START--
INFO: ReadHtmlCache Behavior ::run [ RunTime:0.000309s ]
INFO: [ app_begin ] --END-- [ RunTime:0.000381s ]
NOTIC: [2] Missing argument 1 for Action::show(), called in /var/www/NewXiaoZhao/Lib/Action/IndexAction.class.php on line 6 and defined /var/www/NewXiaoZhao/ThinkPHP/Lib/Core/Action.class.php 第 107 行.
NOTIC: [8] Undefined variable: content /var/www/NewXiaoZhao/ThinkPHP/Lib/Core/Action.class.php 第 108 行.
INFO: [ view_parse ] --START--
INFO: ParseTemplate Behavior ::run [ RunTime:0.005079s ]
INFO: [ view_parse ] --END-- [ RunTime:0.005139s ]
INFO: [ view_filter ] --START--
INFO: ContentReplace Behavior ::run [ RunTime:0.000200s ]
INFO: TokenBuild Behavior ::run [ RunTime:0.000186s ]
INFO: WriteHtmlCache Behavior ::run [ RunTime:0.000112s ]
INFO: ShowRuntime Behavior ::run [ RunTime:0.000242s ]
INFO: [ view_filter ] --END-- [ RunTime:0.000878s ]
INFO: [ view_end ] --START--
INFO: ShowPageTrace Behavior ::run [ RunTime:0.000341s ]
INFO: [ view_end ] --END-- [ RunTime:0.000390s ]

[ 2014-04-02T22:05:10+08:00 ] 183.61.174.211 /NewXiaoZhao/index.php/Company/TopCompany
INFO: [ route_check ] --START--
INFO: CheckRoute Behavior ::run [ RunTime:0.000740s ]
INFO: [ route_check ] --END-- [ RunTime:0.000834s ]
INFO: [ app_begin ] --START--
INFO: ReadHtmlCache Behavior ::run [ RunTime:0.000462s ]
INFO: [ app_begin ] --END-- [ RunTime:0.000536s ]
SQL: SHOW COLUMNS FROM `think_company` [ RunTime:0.000717s ]
SQL: SELECT `cid`,`name`,`kind`,`size`,`times` FROM `think_company` WHERE ( `status` = 1 ) ORDER BY times desc LIMIT 5   [ RunTime:0.000085s ]
SQL: SHOW COLUMNS FROM `think_singlejob` [ RunTime:0.000471s ]
SQL: SELECT COUNT(*) AS tp_count FROM `think_singlejob` WHERE ( `cid` = 9 ) LIMIT 1   [ RunTime:0.000070s ]
SQL: SELECT COUNT(*) AS tp_count FROM `think_singlejob` WHERE ( `cid` = 4 ) LIMIT 1   [ RunTime:0.000065s ]
SQL: SELECT COUNT(*) AS tp_count FROM `think_singlejob` WHERE ( `cid` = 16 ) LIMIT 1   [ RunTime:0.000066s ]
SQL: SELECT COUNT(*) AS tp_count FROM `think_singlejob` WHERE ( `cid` = 8 ) LIMIT 1   [ RunTime:0.000062s ]
SQL: SELECT COUNT(*) AS tp_count FROM `think_singlejob` WHERE ( `cid` = 10 ) LIMIT 1   [ RunTime:0.000062s ]

[ 2014-04-02T22:05:10+08:00 ] 183.61.174.215 /NewXiaoZhao/index.php/Job/TopJob
INFO: [ route_check ] --START--
INFO: CheckRoute Behavior ::run [ RunTime:0.000458s ]
INFO: [ route_check ] --END-- [ RunTime:0.000530s ]
INFO: [ app_begin ] --START--
INFO: ReadHtmlCache Behavior ::run [ RunTime:0.000282s ]
INFO: [ app_begin ] --END-- [ RunTime:0.000331s ]
SQL: SHOW COLUMNS FROM `think_singlejob` [ RunTime:0.000675s ]
SQL: SELECT `jid`,`cid`,`name`,`resumenum`,`size`,`money`,`location` FROM `think_singlejob` ORDER BY resumenum desc LIMIT 5   [ RunTime:0.000086s ]
SQL: SHOW COLUMNS FROM `think_company` [ RunTime:0.000596s ]
SQL: SELECT `name` FROM `think_company` WHERE ( 1=1 AND cid='4' ) LIMIT 1   [ RunTime:0.000070s ]
SQL: SELECT `name` FROM `think_company` WHERE ( 1=1 AND cid='16' ) LIMIT 1   [ RunTime:0.000065s ]
SQL: SELECT `name` FROM `think_company` WHERE ( 1=1 AND cid='9' ) LIMIT 1   [ RunTime:0.000064s ]
SQL: SELECT `name` FROM `think_company` WHERE ( 1=1 AND cid='16' ) LIMIT 1   [ RunTime:0.000064s ]
SQL: SELECT `name` FROM `think_company` WHERE ( 1=1 AND cid='9' ) LIMIT 1   [ RunTime:0.000064s ]

[ 2014-04-02T22:05:10+08:00 ] 183.61.174.220 /NewXiaoZhao/index.php/Index/count
INFO: [ route_check ] --START--
INFO: CheckRoute Behavior ::run [ RunTime:0.000496s ]
INFO: [ route_check ] --END-- [ RunTime:0.000555s ]
INFO: [ app_begin ] --START--
INFO: ReadHtmlCache Behavior ::run [ RunTime:0.000283s ]
INFO: [ app_begin ] --END-- [ RunTime:0.000332s ]
SQL: SHOW COLUMNS FROM `think_company` [ RunTime:0.000536s ]
SQL: SELECT COUNT(*) AS tp_count FROM `think_company` LIMIT 1   [ RunTime:0.000076s ]
SQL: SHOW COLUMNS FROM `think_student` [ RunTime:0.000365s ]
SQL: SELECT COUNT(*) AS tp_count FROM `think_student` LIMIT 1   [ RunTime:0.000068s ]

[ 2014-04-02T22:05:35+08:00 ] 101.199.108.58 /NewXiaoZhao/
INFO: [ app_begin ] --START--
INFO: ReadHtmlCache Behavior ::run [ RunTime:0.000295s ]
INFO: [ app_begin ] --END-- [ RunTime:0.000363s ]
NOTIC: [2] Missing argument 1 for Action::show(), called in /var/www/NewXiaoZhao/Lib/Action/IndexAction.class.php on line 6 and defined /var/www/NewXiaoZhao/ThinkPHP/Lib/Core/Action.class.php 第 107 行.
NOTIC: [8] Undefined variable: content /var/www/NewXiaoZhao/ThinkPHP/Lib/Core/Action.class.php 第 108 行.
INFO: [ view_parse ] --START--
INFO: ParseTemplate Behavior ::run [ RunTime:0.004640s ]
INFO: [ view_parse ] --END-- [ RunTime:0.004697s ]
INFO: [ view_filter ] --START--
INFO: ContentReplace Behavior ::run [ RunTime:0.000179s ]
INFO: TokenBuild Behavior ::run [ RunTime:0.000228s ]
INFO: WriteHtmlCache Behavior ::run [ RunTime:0.000114s ]
INFO: ShowRuntime Behavior ::run [ RunTime:0.000241s ]
INFO: [ view_filter ] --END-- [ RunTime:0.000899s ]
INFO: [ view_end ] --START--
INFO: ShowPageTrace Behavior ::run [ RunTime:0.000342s ]
INFO: [ view_end ] --END-- [ RunTime:0.000386s ]

[ 2014-04-02T22:05:36+08:00 ] 101.199.108.58 /NewXiaoZhao/index.php/Job/TopJob
INFO: [ route_check ] --START--
INFO: CheckRoute Behavior ::run [ RunTime:0.000477s ]
INFO: [ route_check ] --END-- [ RunTime:0.000549s ]
INFO: [ app_begin ] --START--
INFO: ReadHtmlCache Behavior ::run [ RunTime:0.000284s ]
INFO: [ app_begin ] --END-- [ RunTime:0.000334s ]
SQL: SHOW COLUMNS FROM `think_singlejob` [ RunTime:0.000956s ]
SQL: SELECT `jid`,`cid`,`name`,`resumenum`,`size`,`money`,`location` FROM `think_singlejob` ORDER BY resumenum desc LIMIT 5   [ RunTime:0.000086s ]
SQL: SHOW COLUMNS FROM `think_company` [ RunTime:0.000495s ]
SQL: SELECT `name` FROM `think_company` WHERE ( 1=1 AND cid='4' ) LIMIT 1   [ RunTime:0.000070s ]
SQL: SELECT `name` FROM `think_company` WHERE ( 1=1 AND cid='16' ) LIMIT 1   [ RunTime:0.000065s ]
SQL: SELECT `name` FROM `think_company` WHERE ( 1=1 AND cid='9' ) LIMIT 1   [ RunTime:0.000065s ]
SQL: SELECT `name` FROM `think_company` WHERE ( 1=1 AND cid='16' ) LIMIT 1   [ RunTime:0.000063s ]
SQL: SELECT `name` FROM `think_company` WHERE ( 1=1 AND cid='9' ) LIMIT 1   [ RunTime:0.000063s ]

[ 2014-04-02T22:05:36+08:00 ] 101.199.108.58 /NewXiaoZhao/index.php/Company/TopCompany
INFO: [ route_check ] --START--
INFO: CheckRoute Behavior ::run [ RunTime:0.000494s ]
INFO: [ route_check ] --END-- [ RunTime:0.000554s ]
INFO: [ app_begin ] --START--
INFO: ReadHtmlCache Behavior ::run [ RunTime:0.000283s ]
INFO: [ app_begin ] --END-- [ RunTime:0.000332s ]
SQL: SHOW COLUMNS FROM `think_company` [ RunTime:0.000559s ]
SQL: SELECT `cid`,`name`,`kind`,`size`,`times` FROM `think_company` WHERE ( `status` = 1 ) ORDER BY times desc LIMIT 5   [ RunTime:0.000077s ]
SQL: SHOW COLUMNS FROM `think_singlejob` [ RunTime:0.000444s ]
SQL: SELECT COUNT(*) AS tp_count FROM `think_singlejob` WHERE ( `cid` = 9 ) LIMIT 1   [ RunTime:0.000070s ]
SQL: SELECT COUNT(*) AS tp_count FROM `think_singlejob` WHERE ( `cid` = 4 ) LIMIT 1   [ RunTime:0.000066s ]
SQL: SELECT COUNT(*) AS tp_count FROM `think_singlejob` WHERE ( `cid` = 16 ) LIMIT 1   [ RunTime:0.000065s ]
SQL: SELECT COUNT(*) AS tp_count FROM `think_singlejob` WHERE ( `cid` = 8 ) LIMIT 1   [ RunTime:0.000063s ]
SQL: SELECT COUNT(*) AS tp_count FROM `think_singlejob` WHERE ( `cid` = 10 ) LIMIT 1   [ RunTime:0.000062s ]

[ 2014-04-02T22:05:36+08:00 ] 101.199.108.58 /NewXiaoZhao/index.php/Index/count
INFO: [ route_check ] --START--
INFO: CheckRoute Behavior ::run [ RunTime:0.000454s ]
INFO: [ route_check ] --END-- [ RunTime:0.000522s ]
INFO: [ app_begin ] --START--
INFO: ReadHtmlCache Behavior ::run [ RunTime:0.000329s ]
INFO: [ app_begin ] --END-- [ RunTime:0.000379s ]
SQL: SHOW COLUMNS FROM `think_company` [ RunTime:0.000714s ]
SQL: SELECT COUNT(*) AS tp_count FROM `think_company` LIMIT 1   [ RunTime:0.000081s ]
SQL: SHOW COLUMNS FROM `think_student` [ RunTime:0.000367s ]
SQL: SELECT COUNT(*) AS tp_count FROM `think_student` LIMIT 1   [ RunTime:0.000074s ]

[ 2014-04-02T22:37:33+08:00 ] 113.105.95.122 /NewXiaoZhao/
INFO: [ app_begin ] --START--
INFO: ReadHtmlCache Behavior ::run [ RunTime:0.000299s ]
INFO: [ app_begin ] --END-- [ RunTime:0.000371s ]
NOTIC: [2] Missing argument 1 for Action::show(), called in /var/www/NewXiaoZhao/Lib/Action/IndexAction.class.php on line 6 and defined /var/www/NewXiaoZhao/ThinkPHP/Lib/Core/Action.class.php 第 107 行.
NOTIC: [8] Undefined variable: content /var/www/NewXiaoZhao/ThinkPHP/Lib/Core/Action.class.php 第 108 行.
INFO: [ view_parse ] --START--
INFO: ParseTemplate Behavior ::run [ RunTime:0.009559s ]
INFO: [ view_parse ] --END-- [ RunTime:0.009648s ]
INFO: [ view_filter ] --START--
INFO: ContentReplace Behavior ::run [ RunTime:0.000228s ]
INFO: TokenBuild Behavior ::run [ RunTime:0.000199s ]
INFO: WriteHtmlCache Behavior ::run [ RunTime:0.000146s ]
INFO: ShowRuntime Behavior ::run [ RunTime:0.000265s ]
INFO: [ view_filter ] --END-- [ RunTime:0.000981s ]
INFO: [ view_end ] --START--
INFO: ShowPageTrace Behavior ::run [ RunTime:0.000345s ]
INFO: [ view_end ] --END-- [ RunTime:0.000391s ]

[ 2014-04-02T22:37:33+08:00 ] 113.105.95.122 /NewXiaoZhao/
INFO: [ app_begin ] --START--
INFO: ReadHtmlCache Behavior ::run [ RunTime:0.000291s ]
INFO: [ app_begin ] --END-- [ RunTime:0.000353s ]
NOTIC: [2] Missing argument 1 for Action::show(), called in /var/www/NewXiaoZhao/Lib/Action/IndexAction.class.php on line 6 and defined /var/www/NewXiaoZhao/ThinkPHP/Lib/Core/Action.class.php 第 107 行.
NOTIC: [8] Undefined variable: content /var/www/NewXiaoZhao/ThinkPHP/Lib/Core/Action.class.php 第 108 行.
INFO: [ view_parse ] --START--
INFO: ParseTemplate Behavior ::run [ RunTime:0.010031s ]
INFO: [ view_parse ] --END-- [ RunTime:0.010106s ]
INFO: [ view_filter ] --START--
INFO: ContentReplace Behavior ::run [ RunTime:0.000203s ]
INFO: TokenBuild Behavior ::run [ RunTime:0.000200s ]
INFO: WriteHtmlCache Behavior ::run [ RunTime:0.000117s ]
INFO: ShowRuntime Behavior ::run [ RunTime:0.000248s ]
INFO: [ view_filter ] --END-- [ RunTime:0.000908s ]
INFO: [ view_end ] --START--
INFO: ShowPageTrace Behavior ::run [ RunTime:0.000366s ]
INFO: [ view_end ] --END-- [ RunTime:0.000421s ]

[ 2014-04-02T23:43:28+08:00 ] 14.17.34.191 /NewXiaoZhao/
INFO: [ app_begin ] --START--
INFO: ReadHtmlCache Behavior ::run [ RunTime:0.000349s ]
INFO: [ app_begin ] --END-- [ RunTime:0.000448s ]
NOTIC: [2] Missing argument 1 for Action::show(), called in /var/www/NewXiaoZhao/Lib/Action/IndexAction.class.php on line 6 and defined /var/www/NewXiaoZhao/ThinkPHP/Lib/Core/Action.class.php 第 107 行.
NOTIC: [8] Undefined variable: content /var/www/NewXiaoZhao/ThinkPHP/Lib/Core/Action.class.php 第 108 行.
INFO: [ view_parse ] --START--
INFO: ParseTemplate Behavior ::run [ RunTime:0.005241s ]
INFO: [ view_parse ] --END-- [ RunTime:0.005309s ]
INFO: [ view_filter ] --START--
INFO: ContentReplace Behavior ::run [ RunTime:0.000190s ]
INFO: TokenBuild Behavior ::run [ RunTime:0.000196s ]
INFO: WriteHtmlCache Behavior ::run [ RunTime:0.000132s ]
INFO: ShowRuntime Behavior ::run [ RunTime:0.000261s ]
INFO: [ view_filter ] --END-- [ RunTime:0.000924s ]
INFO: [ view_end ] --START--
INFO: ShowPageTrace Behavior ::run [ RunTime:0.000353s ]
INFO: [ view_end ] --END-- [ RunTime:0.000404s ]

[ 2014-04-02T23:43:28+08:00 ] 14.17.34.191 /NewXiaoZhao/
INFO: [ app_begin ] --START--
INFO: ReadHtmlCache Behavior ::run [ RunTime:0.000422s ]
INFO: [ app_begin ] --END-- [ RunTime:0.000497s ]
NOTIC: [2] Missing argument 1 for Action::show(), called in /var/www/NewXiaoZhao/Lib/Action/IndexAction.class.php on line 6 and defined /var/www/NewXiaoZhao/ThinkPHP/Lib/Core/Action.class.php 第 107 行.
NOTIC: [8] Undefined variable: content /var/www/NewXiaoZhao/ThinkPHP/Lib/Core/Action.class.php 第 108 行.
INFO: [ view_parse ] --START--
INFO: ParseTemplate Behavior ::run [ RunTime:0.005041s ]
INFO: [ view_parse ] --END-- [ RunTime:0.005110s ]
INFO: [ view_filter ] --START--
INFO: ContentReplace Behavior ::run [ RunTime:0.000190s ]
INFO: TokenBuild Behavior ::run [ RunTime:0.000220s ]
INFO: WriteHtmlCache Behavior ::run [ RunTime:0.000118s ]
INFO: ShowRuntime Behavior ::run [ RunTime:0.000261s ]
INFO: [ view_filter ] --END-- [ RunTime:0.000939s ]
INFO: [ view_end ] --START--
INFO: ShowPageTrace Behavior ::run [ RunTime:0.000344s ]
INFO: [ view_end ] --END-- [ RunTime:0.000391s ]

