[ 2014-04-10T10:27:34+08:00 ] 0.0.0.0 /NewXiaoZhao/
INFO: [ app_begin ] --START--
INFO: ReadHtmlCache Behavior ::run [ RunTime:0.001875s ]
INFO: [ app_begin ] --END-- [ RunTime:0.002147s ]
NOTIC: [2] Missing argument 1 for Action::show(), called in D:\PHPlearn\NewXiaoZhao\Lib\Action\IndexAction.class.php on line 6 and defined D:\PHPlearn\NewXiaoZhao\ThinkPHP\Lib\Core\Action.class.php 第 107 行.
NOTIC: [8] Undefined variable: content D:\PHPlearn\NewXiaoZhao\ThinkPHP\Lib\Core\Action.class.php 第 108 行.
INFO: [ view_parse ] --START--
INFO: ParseTemplate Behavior ::run [ RunTime:0.026922s ]
INFO: [ view_parse ] --END-- [ RunTime:0.027126s ]
INFO: [ view_filter ] --START--
INFO: ContentReplace Behavior ::run [ RunTime:0.001281s ]
INFO: TokenBuild Behavior ::run [ RunTime:0.000863s ]
INFO: WriteHtmlCache Behavior ::run [ RunTime:0.000740s ]
INFO: ShowRuntime Behavior ::run [ RunTime:0.001152s ]
INFO: [ view_filter ] --END-- [ RunTime:0.004411s ]
INFO: [ view_end ] --START--
INFO: ShowPageTrace Behavior ::run [ RunTime:0.001160s ]
INFO: [ view_end ] --END-- [ RunTime:0.001277s ]

[ 2014-04-10T10:27:36+08:00 ] 0.0.0.0 /NewXiaoZhao/index.php/Job/TopJob
INFO: [ route_check ] --START--
INFO: CheckRoute Behavior ::run [ RunTime:0.014786s ]
INFO: [ route_check ] --END-- [ RunTime:0.015060s ]
INFO: [ app_begin ] --START--
INFO: ReadHtmlCache Behavior ::run [ RunTime:0.001190s ]
INFO: [ app_begin ] --END-- [ RunTime:0.001451s ]
SQL: SHOW COLUMNS FROM `think_singlejob` [ RunTime:0.200846s ]
SQL: SELECT `jid`,`cid`,`name`,`resumenum`,`size`,`money`,`location` FROM `think_singlejob` ORDER BY resumenum desc LIMIT 5   [ RunTime:0.030508s ]
SQL: SHOW COLUMNS FROM `think_company` [ RunTime:0.302838s ]
SQL: SELECT `name` FROM `think_company` WHERE ( 1=1 AND cid='4' ) LIMIT 1   [ RunTime:0.013423s ]
SQL: SELECT `name` FROM `think_company` WHERE ( 1=1 AND cid='16' ) LIMIT 1   [ RunTime:0.021424s ]
SQL: SELECT `name` FROM `think_company` WHERE ( 1=1 AND cid='9' ) LIMIT 1   [ RunTime:0.000634s ]
SQL: SELECT `name` FROM `think_company` WHERE ( 1=1 AND cid='16' ) LIMIT 1   [ RunTime:0.000510s ]
SQL: SELECT `name` FROM `think_company` WHERE ( 1=1 AND cid='9' ) LIMIT 1   [ RunTime:0.000769s ]

[ 2014-04-10T10:27:36+08:00 ] 0.0.0.0 /NewXiaoZhao/index.php/Company/TopCompany
INFO: [ route_check ] --START--
INFO: CheckRoute Behavior ::run [ RunTime:0.013910s ]
INFO: [ route_check ] --END-- [ RunTime:0.014162s ]
INFO: [ app_begin ] --START--
INFO: ReadHtmlCache Behavior ::run [ RunTime:0.001092s ]
INFO: [ app_begin ] --END-- [ RunTime:0.001401s ]
SQL: SHOW COLUMNS FROM `think_company` [ RunTime:0.003997s ]
SQL: SELECT `cid`,`name`,`kind`,`size`,`times` FROM `think_company` WHERE ( `status` = 1 ) ORDER BY times desc LIMIT 5   [ RunTime:0.000722s ]
SQL: SHOW COLUMNS FROM `think_singlejob` [ RunTime:0.003867s ]
SQL: SELECT COUNT(*) AS tp_count FROM `think_singlejob` WHERE ( `cid` = 9 ) LIMIT 1   [ RunTime:0.000520s ]
SQL: SELECT COUNT(*) AS tp_count FROM `think_singlejob` WHERE ( `cid` = 4 ) LIMIT 1   [ RunTime:0.000382s ]
SQL: SELECT COUNT(*) AS tp_count FROM `think_singlejob` WHERE ( `cid` = 16 ) LIMIT 1   [ RunTime:0.000358s ]
SQL: SELECT COUNT(*) AS tp_count FROM `think_singlejob` WHERE ( `cid` = 8 ) LIMIT 1   [ RunTime:0.000320s ]
SQL: SELECT COUNT(*) AS tp_count FROM `think_singlejob` WHERE ( `cid` = 10 ) LIMIT 1   [ RunTime:0.000292s ]

[ 2014-04-10T10:27:36+08:00 ] 0.0.0.0 /NewXiaoZhao/index.php/Index/count
INFO: [ route_check ] --START--
INFO: CheckRoute Behavior ::run [ RunTime:0.001378s ]
INFO: [ route_check ] --END-- [ RunTime:0.001587s ]
INFO: [ app_begin ] --START--
INFO: ReadHtmlCache Behavior ::run [ RunTime:0.000805s ]
INFO: [ app_begin ] --END-- [ RunTime:0.000956s ]
SQL: SHOW COLUMNS FROM `think_company` [ RunTime:0.003786s ]
SQL: SELECT COUNT(*) AS tp_count FROM `think_company` LIMIT 1   [ RunTime:0.000612s ]
SQL: SHOW COLUMNS FROM `think_student` [ RunTime:0.098300s ]
SQL: SELECT COUNT(*) AS tp_count FROM `think_student` LIMIT 1   [ RunTime:0.000522s ]

[ 2014-04-10T10:27:41+08:00 ] 0.0.0.0 /NewXiaoZhao/index.php/Index/count
INFO: [ route_check ] --START--
INFO: CheckRoute Behavior ::run [ RunTime:0.001371s ]
INFO: [ route_check ] --END-- [ RunTime:0.001600s ]
INFO: [ app_begin ] --START--
INFO: ReadHtmlCache Behavior ::run [ RunTime:0.001031s ]
INFO: [ app_begin ] --END-- [ RunTime:0.001288s ]
SQL: SHOW COLUMNS FROM `think_company` [ RunTime:0.004433s ]
SQL: SELECT COUNT(*) AS tp_count FROM `think_company` LIMIT 1   [ RunTime:0.000760s ]
SQL: SHOW COLUMNS FROM `think_student` [ RunTime:0.004125s ]
SQL: SELECT COUNT(*) AS tp_count FROM `think_student` LIMIT 1   [ RunTime:0.000545s ]

[ 2014-04-10T10:34:40+08:00 ] 0.0.0.0 /NewXiaoZhao/index.php/Company/TopCompany
INFO: [ route_check ] --START--
INFO: CheckRoute Behavior ::run [ RunTime:0.001598s ]
INFO: [ route_check ] --END-- [ RunTime:0.001846s ]
INFO: [ app_begin ] --START--
INFO: ReadHtmlCache Behavior ::run [ RunTime:0.001468s ]
INFO: [ app_begin ] --END-- [ RunTime:0.001695s ]
SQL: SHOW COLUMNS FROM `think_company` [ RunTime:0.004394s ]
SQL: SELECT `cid`,`name`,`kind`,`size`,`times` FROM `think_company` WHERE ( `status` = 1 ) ORDER BY times desc LIMIT 5   [ RunTime:0.000796s ]
SQL: SHOW COLUMNS FROM `think_singlejob` [ RunTime:0.004338s ]
SQL: SELECT COUNT(*) AS tp_count FROM `think_singlejob` WHERE ( `cid` = 9 ) LIMIT 1   [ RunTime:0.000721s ]
SQL: SELECT COUNT(*) AS tp_count FROM `think_singlejob` WHERE ( `cid` = 4 ) LIMIT 1   [ RunTime:0.000534s ]
SQL: SELECT COUNT(*) AS tp_count FROM `think_singlejob` WHERE ( `cid` = 16 ) LIMIT 1   [ RunTime:0.001997s ]
SQL: SELECT COUNT(*) AS tp_count FROM `think_singlejob` WHERE ( `cid` = 8 ) LIMIT 1   [ RunTime:0.001015s ]
SQL: SELECT COUNT(*) AS tp_count FROM `think_singlejob` WHERE ( `cid` = 10 ) LIMIT 1   [ RunTime:0.000923s ]

[ 2014-04-10T10:34:40+08:00 ] 0.0.0.0 /NewXiaoZhao/index.php/Job/TopJob
INFO: [ route_check ] --START--
INFO: CheckRoute Behavior ::run [ RunTime:0.001598s ]
INFO: [ route_check ] --END-- [ RunTime:0.001846s ]
INFO: [ app_begin ] --START--
INFO: ReadHtmlCache Behavior ::run [ RunTime:0.001466s ]
INFO: [ app_begin ] --END-- [ RunTime:0.001672s ]
SQL: SHOW COLUMNS FROM `think_singlejob` [ RunTime:0.003704s ]
SQL: SELECT `jid`,`cid`,`name`,`resumenum`,`size`,`money`,`location` FROM `think_singlejob` ORDER BY resumenum desc LIMIT 5   [ RunTime:0.000737s ]
SQL: SHOW COLUMNS FROM `think_company` [ RunTime:0.004702s ]
SQL: SELECT `name` FROM `think_company` WHERE ( 1=1 AND cid='4' ) LIMIT 1   [ RunTime:0.000593s ]
SQL: SELECT `name` FROM `think_company` WHERE ( 1=1 AND cid='16' ) LIMIT 1   [ RunTime:0.000447s ]
SQL: SELECT `name` FROM `think_company` WHERE ( 1=1 AND cid='9' ) LIMIT 1   [ RunTime:0.000400s ]
SQL: SELECT `name` FROM `think_company` WHERE ( 1=1 AND cid='16' ) LIMIT 1   [ RunTime:0.000377s ]
SQL: SELECT `name` FROM `think_company` WHERE ( 1=1 AND cid='9' ) LIMIT 1   [ RunTime:0.000577s ]

[ 2014-04-10T10:34:40+08:00 ] 0.0.0.0 /NewXiaoZhao/index.php/Index/count
INFO: [ route_check ] --START--
INFO: CheckRoute Behavior ::run [ RunTime:0.001965s ]
INFO: [ route_check ] --END-- [ RunTime:0.002232s ]
INFO: [ app_begin ] --START--
INFO: ReadHtmlCache Behavior ::run [ RunTime:0.001120s ]
INFO: [ app_begin ] --END-- [ RunTime:0.001322s ]
SQL: SHOW COLUMNS FROM `think_company` [ RunTime:0.004083s ]
SQL: SELECT COUNT(*) AS tp_count FROM `think_company` LIMIT 1   [ RunTime:0.000479s ]
SQL: SHOW COLUMNS FROM `think_student` [ RunTime:0.003614s ]
SQL: SELECT COUNT(*) AS tp_count FROM `think_student` LIMIT 1   [ RunTime:0.000399s ]

[ 2014-04-10T13:17:03+08:00 ] 0.0.0.0 /NewXiaoZhao/index.php/Login/login
INFO: [ route_check ] --START--
INFO: CheckRoute Behavior ::run [ RunTime:0.001411s ]
INFO: [ route_check ] --END-- [ RunTime:0.001575s ]
INFO: [ app_begin ] --START--
INFO: ReadHtmlCache Behavior ::run [ RunTime:0.009629s ]
INFO: [ app_begin ] --END-- [ RunTime:0.009776s ]
SQL: SHOW COLUMNS FROM `think_student` [ RunTime:0.003549s ]
SQL: SELECT * FROM `think_student` WHERE ( `username` = 'xy' ) AND ( `password` = '6f52bf637ea4c6c893aec790bed749b3' ) LIMIT 1   [ RunTime:0.000728s ]

[ 2014-04-10T13:17:04+08:00 ] 0.0.0.0 /NewXiaoZhao/index.php/Company/TopCompany
INFO: [ route_check ] --START--
INFO: CheckRoute Behavior ::run [ RunTime:0.001810s ]
INFO: [ route_check ] --END-- [ RunTime:0.002056s ]
INFO: [ app_begin ] --START--
INFO: ReadHtmlCache Behavior ::run [ RunTime:0.001013s ]
INFO: [ app_begin ] --END-- [ RunTime:0.001219s ]
SQL: SHOW COLUMNS FROM `think_company` [ RunTime:0.004417s ]
SQL: SELECT `cid`,`name`,`kind`,`size`,`times` FROM `think_company` WHERE ( `status` = 1 ) ORDER BY times desc LIMIT 5   [ RunTime:0.000656s ]
SQL: SHOW COLUMNS FROM `think_singlejob` [ RunTime:0.004490s ]
SQL: SELECT COUNT(*) AS tp_count FROM `think_singlejob` WHERE ( `cid` = 9 ) LIMIT 1   [ RunTime:0.000760s ]
SQL: SELECT COUNT(*) AS tp_count FROM `think_singlejob` WHERE ( `cid` = 4 ) LIMIT 1   [ RunTime:0.000597s ]
SQL: SELECT COUNT(*) AS tp_count FROM `think_singlejob` WHERE ( `cid` = 16 ) LIMIT 1   [ RunTime:0.000570s ]
SQL: SELECT COUNT(*) AS tp_count FROM `think_singlejob` WHERE ( `cid` = 8 ) LIMIT 1   [ RunTime:0.000506s ]
SQL: SELECT COUNT(*) AS tp_count FROM `think_singlejob` WHERE ( `cid` = 10 ) LIMIT 1   [ RunTime:0.000560s ]

[ 2014-04-10T13:17:04+08:00 ] 0.0.0.0 /NewXiaoZhao/index.php/Job/TopJob
INFO: [ route_check ] --START--
INFO: CheckRoute Behavior ::run [ RunTime:0.002219s ]
INFO: [ route_check ] --END-- [ RunTime:0.002497s ]
INFO: [ app_begin ] --START--
INFO: ReadHtmlCache Behavior ::run [ RunTime:0.002573s ]
INFO: [ app_begin ] --END-- [ RunTime:0.002808s ]
SQL: SHOW COLUMNS FROM `think_singlejob` [ RunTime:0.004466s ]
SQL: SELECT `jid`,`cid`,`name`,`resumenum`,`size`,`money`,`location` FROM `think_singlejob` ORDER BY resumenum desc LIMIT 5   [ RunTime:0.000896s ]
SQL: SHOW COLUMNS FROM `think_company` [ RunTime:0.004445s ]
SQL: SELECT `name` FROM `think_company` WHERE ( 1=1 AND cid='4' ) LIMIT 1   [ RunTime:0.000752s ]
SQL: SELECT `name` FROM `think_company` WHERE ( 1=1 AND cid='16' ) LIMIT 1   [ RunTime:0.000987s ]
SQL: SELECT `name` FROM `think_company` WHERE ( 1=1 AND cid='9' ) LIMIT 1   [ RunTime:0.001000s ]
SQL: SELECT `name` FROM `think_company` WHERE ( 1=1 AND cid='16' ) LIMIT 1   [ RunTime:0.001000s ]
SQL: SELECT `name` FROM `think_company` WHERE ( 1=1 AND cid='9' ) LIMIT 1   [ RunTime:0.000670s ]

[ 2014-04-10T13:17:04+08:00 ] 0.0.0.0 /NewXiaoZhao/index.php/Index/count
INFO: [ route_check ] --START--
INFO: CheckRoute Behavior ::run [ RunTime:0.001765s ]
INFO: [ route_check ] --END-- [ RunTime:0.002031s ]
INFO: [ app_begin ] --START--
INFO: ReadHtmlCache Behavior ::run [ RunTime:0.001328s ]
INFO: [ app_begin ] --END-- [ RunTime:0.001577s ]
SQL: SHOW COLUMNS FROM `think_company` [ RunTime:0.006192s ]
SQL: SELECT COUNT(*) AS tp_count FROM `think_company` LIMIT 1   [ RunTime:0.000914s ]
SQL: SHOW COLUMNS FROM `think_student` [ RunTime:0.003460s ]
SQL: SELECT COUNT(*) AS tp_count FROM `think_student` LIMIT 1   [ RunTime:0.000414s ]

[ 2014-04-10T13:17:06+08:00 ] 0.0.0.0 /NewXiaoZhao/index.php/Resume/getStudentName
INFO: [ route_check ] --START--
INFO: CheckRoute Behavior ::run [ RunTime:0.000916s ]
INFO: [ route_check ] --END-- [ RunTime:0.001123s ]
INFO: [ app_begin ] --START--
INFO: ReadHtmlCache Behavior ::run [ RunTime:0.000766s ]
INFO: [ app_begin ] --END-- [ RunTime:0.000896s ]
SQL: SHOW COLUMNS FROM `think_resume` [ RunTime:0.225584s ]
SQL: SELECT `name` FROM `think_resume` WHERE ( `sid` = 135 ) LIMIT 1   [ RunTime:0.205285s ]

[ 2014-04-10T13:17:06+08:00 ] 0.0.0.0 /NewXiaoZhao/index.php/Resume/gp
INFO: [ route_check ] --START--
INFO: CheckRoute Behavior ::run [ RunTime:0.000833s ]
INFO: [ route_check ] --END-- [ RunTime:0.000983s ]
INFO: [ app_begin ] --START--
INFO: ReadHtmlCache Behavior ::run [ RunTime:0.000599s ]
INFO: [ app_begin ] --END-- [ RunTime:0.000709s ]
SQL: SHOW COLUMNS FROM `think_educationexp` [ RunTime:0.270168s ]
SQL: SELECT * FROM `think_educationexp` WHERE ( `sid` = 135 )  [ RunTime:0.000948s ]
SQL: SHOW COLUMNS FROM `think_personalexp` [ RunTime:0.061262s ]
SQL: SELECT * FROM `think_personalexp` WHERE ( `sid` = 135 )  [ RunTime:0.000748s ]
SQL: SHOW COLUMNS FROM `think_resume` [ RunTime:0.005386s ]
SQL: SELECT * FROM `think_resume` WHERE ( `sid` = 135 ) LIMIT 1   [ RunTime:0.000719s ]
ERR: 等待更新

[ 2014-04-10T13:17:06+08:00 ] 0.0.0.0 /NewXiaoZhao/index.php/Resume/getStudentResume
INFO: [ route_check ] --START--
INFO: CheckRoute Behavior ::run [ RunTime:0.000800s ]
INFO: [ route_check ] --END-- [ RunTime:0.000947s ]
INFO: [ app_begin ] --START--
INFO: ReadHtmlCache Behavior ::run [ RunTime:0.000588s ]
INFO: [ app_begin ] --END-- [ RunTime:0.000692s ]
SQL: SHOW COLUMNS FROM `think_resume` [ RunTime:0.007982s ]
SQL: SELECT * FROM `think_resume` WHERE ( `sid` = 135 ) LIMIT 1   [ RunTime:0.000684s ]

[ 2014-04-10T13:17:10+08:00 ] 0.0.0.0 /NewXiaoZhao/index.php/Resume/getStudentResume
INFO: [ route_check ] --START--
INFO: CheckRoute Behavior ::run [ RunTime:0.001334s ]
INFO: [ route_check ] --END-- [ RunTime:0.001537s ]
INFO: [ app_begin ] --START--
INFO: ReadHtmlCache Behavior ::run [ RunTime:0.000596s ]
INFO: [ app_begin ] --END-- [ RunTime:0.000705s ]
SQL: SHOW COLUMNS FROM `think_personalexp` [ RunTime:0.003918s ]
SQL: SELECT * FROM `think_personalexp` WHERE ( `sid` = 135 )  [ RunTime:0.000527s ]

[ 2014-04-10T13:27:41+08:00 ] 0.0.0.0 /NewXiaoZhao/index.php/Resume/getStudentName
INFO: [ route_check ] --START--
INFO: CheckRoute Behavior ::run [ RunTime:0.001070s ]
INFO: [ route_check ] --END-- [ RunTime:0.001269s ]
INFO: [ app_begin ] --START--
INFO: ReadHtmlCache Behavior ::run [ RunTime:0.000940s ]
INFO: [ app_begin ] --END-- [ RunTime:0.001099s ]
SQL: SHOW COLUMNS FROM `think_resume` [ RunTime:0.004423s ]
SQL: SELECT `name` FROM `think_resume` WHERE ( `sid` = 135 ) LIMIT 1   [ RunTime:0.000546s ]

[ 2014-04-10T13:27:41+08:00 ] 0.0.0.0 /NewXiaoZhao/index.php/Resume/gp
INFO: [ route_check ] --START--
INFO: CheckRoute Behavior ::run [ RunTime:0.000953s ]
INFO: [ route_check ] --END-- [ RunTime:0.001114s ]
INFO: [ app_begin ] --START--
INFO: ReadHtmlCache Behavior ::run [ RunTime:0.000623s ]
INFO: [ app_begin ] --END-- [ RunTime:0.000749s ]
SQL: SHOW COLUMNS FROM `think_educationexp` [ RunTime:0.006018s ]
SQL: SELECT * FROM `think_educationexp` WHERE ( `sid` = 135 )  [ RunTime:0.000935s ]
SQL: SHOW COLUMNS FROM `think_personalexp` [ RunTime:0.003491s ]
SQL: SELECT * FROM `think_personalexp` WHERE ( `sid` = 135 )  [ RunTime:0.000698s ]
SQL: SHOW COLUMNS FROM `think_resume` [ RunTime:0.005680s ]
SQL: SELECT * FROM `think_resume` WHERE ( `sid` = 135 ) LIMIT 1   [ RunTime:0.000561s ]
ERR: 等待更新

[ 2014-04-10T13:27:41+08:00 ] 0.0.0.0 /NewXiaoZhao/index.php/Resume/getStudentResume
INFO: [ route_check ] --START--
INFO: CheckRoute Behavior ::run [ RunTime:0.001149s ]
INFO: [ route_check ] --END-- [ RunTime:0.001444s ]
INFO: [ app_begin ] --START--
INFO: ReadHtmlCache Behavior ::run [ RunTime:0.000936s ]
INFO: [ app_begin ] --END-- [ RunTime:0.001275s ]
SQL: SHOW COLUMNS FROM `think_resume` [ RunTime:0.005238s ]
SQL: SELECT * FROM `think_resume` WHERE ( `sid` = 135 ) LIMIT 1   [ RunTime:0.001054s ]

[ 2014-04-10T13:27:44+08:00 ] 0.0.0.0 /NewXiaoZhao/index.php/PostResume/getPostHistory
INFO: [ route_check ] --START--
INFO: CheckRoute Behavior ::run [ RunTime:0.000822s ]
INFO: [ route_check ] --END-- [ RunTime:0.000964s ]
INFO: [ app_begin ] --START--
INFO: ReadHtmlCache Behavior ::run [ RunTime:0.000802s ]
INFO: [ app_begin ] --END-- [ RunTime:0.000953s ]
SQL: SHOW COLUMNS FROM `think_postresume` [ RunTime:0.075487s ]
SQL: SELECT * FROM `think_postresume` WHERE ( `sid` = 135 )  [ RunTime:0.000780s ]

[ 2014-04-10T13:27:45+08:00 ] 0.0.0.0 /NewXiaoZhao/index.php/PostResume/getPostHistory
INFO: [ route_check ] --START--
INFO: CheckRoute Behavior ::run [ RunTime:0.001185s ]
INFO: [ route_check ] --END-- [ RunTime:0.001487s ]
INFO: [ app_begin ] --START--
INFO: ReadHtmlCache Behavior ::run [ RunTime:0.001496s ]
INFO: [ app_begin ] --END-- [ RunTime:0.001810s ]
SQL: SHOW COLUMNS FROM `think_postresume` [ RunTime:0.003356s ]
SQL: SELECT * FROM `think_postresume` WHERE ( `sid` = 135 )  [ RunTime:0.000483s ]

[ 2014-04-10T13:27:52+08:00 ] 0.0.0.0 /NewXiaoZhao/index.php/PostResume/getPostHistory
INFO: [ route_check ] --START--
INFO: CheckRoute Behavior ::run [ RunTime:0.001163s ]
INFO: [ route_check ] --END-- [ RunTime:0.001340s ]
INFO: [ app_begin ] --START--
INFO: ReadHtmlCache Behavior ::run [ RunTime:0.001371s ]
INFO: [ app_begin ] --END-- [ RunTime:0.001574s ]
SQL: SHOW COLUMNS FROM `think_postresume` [ RunTime:0.003389s ]
SQL: SELECT * FROM `think_postresume` WHERE ( `sid` = 135 )  [ RunTime:0.000532s ]

[ 2014-04-10T13:27:52+08:00 ] 0.0.0.0 /NewXiaoZhao/index.php/Resume/gp
INFO: [ route_check ] --START--
INFO: CheckRoute Behavior ::run [ RunTime:0.000915s ]
INFO: [ route_check ] --END-- [ RunTime:0.001087s ]
INFO: [ app_begin ] --START--
INFO: ReadHtmlCache Behavior ::run [ RunTime:0.000729s ]
INFO: [ app_begin ] --END-- [ RunTime:0.000849s ]
SQL: SHOW COLUMNS FROM `think_educationexp` [ RunTime:0.003202s ]
SQL: SELECT * FROM `think_educationexp` WHERE ( `sid` = 135 )  [ RunTime:0.000526s ]
SQL: SHOW COLUMNS FROM `think_personalexp` [ RunTime:0.003123s ]
SQL: SELECT * FROM `think_personalexp` WHERE ( `sid` = 135 )  [ RunTime:0.000499s ]
SQL: SHOW COLUMNS FROM `think_resume` [ RunTime:0.004158s ]
SQL: SELECT * FROM `think_resume` WHERE ( `sid` = 135 ) LIMIT 1   [ RunTime:0.000706s ]
ERR: 等待更新

[ 2014-04-10T13:27:52+08:00 ] 0.0.0.0 /NewXiaoZhao/index.php/Resume/getStudentResume
INFO: [ route_check ] --START--
INFO: CheckRoute Behavior ::run [ RunTime:0.001059s ]
INFO: [ route_check ] --END-- [ RunTime:0.001252s ]
INFO: [ app_begin ] --START--
INFO: ReadHtmlCache Behavior ::run [ RunTime:0.000808s ]
INFO: [ app_begin ] --END-- [ RunTime:0.000952s ]
SQL: SHOW COLUMNS FROM `think_resume` [ RunTime:0.005420s ]
SQL: SELECT * FROM `think_resume` WHERE ( `sid` = 135 ) LIMIT 1   [ RunTime:0.000669s ]

[ 2014-04-10T13:27:54+08:00 ] 0.0.0.0 /NewXiaoZhao/index.php/Company/TopCompany
INFO: [ route_check ] --START--
INFO: CheckRoute Behavior ::run [ RunTime:0.001351s ]
INFO: [ route_check ] --END-- [ RunTime:0.001588s ]
INFO: [ app_begin ] --START--
INFO: ReadHtmlCache Behavior ::run [ RunTime:0.001064s ]
INFO: [ app_begin ] --END-- [ RunTime:0.001286s ]
SQL: SHOW COLUMNS FROM `think_company` [ RunTime:0.004488s ]
SQL: SELECT `cid`,`name`,`kind`,`size`,`times` FROM `think_company` WHERE ( `status` = 1 ) ORDER BY times desc LIMIT 5   [ RunTime:0.001713s ]
SQL: SHOW COLUMNS FROM `think_singlejob` [ RunTime:0.005848s ]
SQL: SELECT COUNT(*) AS tp_count FROM `think_singlejob` WHERE ( `cid` = 9 ) LIMIT 1   [ RunTime:0.000769s ]
SQL: SELECT COUNT(*) AS tp_count FROM `think_singlejob` WHERE ( `cid` = 4 ) LIMIT 1   [ RunTime:0.000398s ]
SQL: SELECT COUNT(*) AS tp_count FROM `think_singlejob` WHERE ( `cid` = 16 ) LIMIT 1   [ RunTime:0.000421s ]
SQL: SELECT COUNT(*) AS tp_count FROM `think_singlejob` WHERE ( `cid` = 8 ) LIMIT 1   [ RunTime:0.000345s ]
SQL: SELECT COUNT(*) AS tp_count FROM `think_singlejob` WHERE ( `cid` = 10 ) LIMIT 1   [ RunTime:0.000423s ]

[ 2014-04-10T13:27:54+08:00 ] 0.0.0.0 /NewXiaoZhao/index.php/Job/TopJob
INFO: [ route_check ] --START--
INFO: CheckRoute Behavior ::run [ RunTime:0.001560s ]
INFO: [ route_check ] --END-- [ RunTime:0.001863s ]
INFO: [ app_begin ] --START--
INFO: ReadHtmlCache Behavior ::run [ RunTime:0.001317s ]
INFO: [ app_begin ] --END-- [ RunTime:0.001573s ]
SQL: SHOW COLUMNS FROM `think_singlejob` [ RunTime:0.005327s ]
SQL: SELECT `jid`,`cid`,`name`,`resumenum`,`size`,`money`,`location` FROM `think_singlejob` ORDER BY resumenum desc LIMIT 5   [ RunTime:0.000825s ]
SQL: SHOW COLUMNS FROM `think_company` [ RunTime:0.004378s ]
SQL: SELECT `name` FROM `think_company` WHERE ( 1=1 AND cid='4' ) LIMIT 1   [ RunTime:0.000547s ]
SQL: SELECT `name` FROM `think_company` WHERE ( 1=1 AND cid='16' ) LIMIT 1   [ RunTime:0.000320s ]
SQL: SELECT `name` FROM `think_company` WHERE ( 1=1 AND cid='9' ) LIMIT 1   [ RunTime:0.000288s ]
SQL: SELECT `name` FROM `think_company` WHERE ( 1=1 AND cid='16' ) LIMIT 1   [ RunTime:0.000322s ]
SQL: SELECT `name` FROM `think_company` WHERE ( 1=1 AND cid='9' ) LIMIT 1   [ RunTime:0.000330s ]

[ 2014-04-10T13:27:54+08:00 ] 0.0.0.0 /NewXiaoZhao/index.php/Index/count
INFO: [ route_check ] --START--
INFO: CheckRoute Behavior ::run [ RunTime:0.001502s ]
INFO: [ route_check ] --END-- [ RunTime:0.001777s ]
INFO: [ app_begin ] --START--
INFO: ReadHtmlCache Behavior ::run [ RunTime:0.000909s ]
INFO: [ app_begin ] --END-- [ RunTime:0.001080s ]
SQL: SHOW COLUMNS FROM `think_company` [ RunTime:0.003304s ]
SQL: SELECT COUNT(*) AS tp_count FROM `think_company` LIMIT 1   [ RunTime:0.000439s ]
SQL: SHOW COLUMNS FROM `think_student` [ RunTime:0.003186s ]
SQL: SELECT COUNT(*) AS tp_count FROM `think_student` LIMIT 1   [ RunTime:0.000599s ]

[ 2014-04-10T13:28:02+08:00 ] 0.0.0.0 /NewXiaoZhao/index.php/Resume/getStudentName
INFO: [ route_check ] --START--
INFO: CheckRoute Behavior ::run [ RunTime:0.001457s ]
INFO: [ route_check ] --END-- [ RunTime:0.001735s ]
INFO: [ app_begin ] --START--
INFO: ReadHtmlCache Behavior ::run [ RunTime:0.000896s ]
INFO: [ app_begin ] --END-- [ RunTime:0.001097s ]
SQL: SHOW COLUMNS FROM `think_resume` [ RunTime:0.004577s ]
SQL: SELECT `name` FROM `think_resume` WHERE ( `sid` = 135 ) LIMIT 1   [ RunTime:0.000660s ]

[ 2014-04-10T13:28:02+08:00 ] 0.0.0.0 /NewXiaoZhao/index.php/Resume/gp
INFO: [ route_check ] --START--
INFO: CheckRoute Behavior ::run [ RunTime:0.001288s ]
INFO: [ route_check ] --END-- [ RunTime:0.001516s ]
INFO: [ app_begin ] --START--
INFO: ReadHtmlCache Behavior ::run [ RunTime:0.001236s ]
INFO: [ app_begin ] --END-- [ RunTime:0.001475s ]
SQL: SHOW COLUMNS FROM `think_educationexp` [ RunTime:0.004693s ]
SQL: SELECT * FROM `think_educationexp` WHERE ( `sid` = 135 )  [ RunTime:0.000803s ]
SQL: SHOW COLUMNS FROM `think_personalexp` [ RunTime:0.004263s ]
SQL: SELECT * FROM `think_personalexp` WHERE ( `sid` = 135 )  [ RunTime:0.001493s ]
SQL: SHOW COLUMNS FROM `think_resume` [ RunTime:0.005322s ]
SQL: SELECT * FROM `think_resume` WHERE ( `sid` = 135 ) LIMIT 1   [ RunTime:0.000603s ]
ERR: 等待更新

[ 2014-04-10T13:28:02+08:00 ] 0.0.0.0 /NewXiaoZhao/index.php/Resume/getStudentResume
INFO: [ route_check ] --START--
INFO: CheckRoute Behavior ::run [ RunTime:0.001801s ]
INFO: [ route_check ] --END-- [ RunTime:0.002055s ]
INFO: [ app_begin ] --START--
INFO: ReadHtmlCache Behavior ::run [ RunTime:0.001418s ]
INFO: [ app_begin ] --END-- [ RunTime:0.001658s ]
SQL: SHOW COLUMNS FROM `think_resume` [ RunTime:0.006287s ]
SQL: SELECT * FROM `think_resume` WHERE ( `sid` = 135 ) LIMIT 1   [ RunTime:0.001006s ]

[ 2014-04-10T13:28:05+08:00 ] 0.0.0.0 /NewXiaoZhao/index.php/PostResume/getPostHistory
INFO: [ route_check ] --START--
INFO: CheckRoute Behavior ::run [ RunTime:0.000992s ]
INFO: [ route_check ] --END-- [ RunTime:0.001136s ]
INFO: [ app_begin ] --START--
INFO: ReadHtmlCache Behavior ::run [ RunTime:0.000862s ]
INFO: [ app_begin ] --END-- [ RunTime:0.001020s ]
SQL: SHOW COLUMNS FROM `think_postresume` [ RunTime:0.003143s ]
SQL: SELECT * FROM `think_postresume` WHERE ( `sid` = 135 )  [ RunTime:0.000518s ]

[ 2014-04-10T13:28:07+08:00 ] 0.0.0.0 /NewXiaoZhao/index.php/Resume/gp
INFO: [ route_check ] --START--
INFO: CheckRoute Behavior ::run [ RunTime:0.001001s ]
INFO: [ route_check ] --END-- [ RunTime:0.001172s ]
INFO: [ app_begin ] --START--
INFO: ReadHtmlCache Behavior ::run [ RunTime:0.000776s ]
INFO: [ app_begin ] --END-- [ RunTime:0.000913s ]
SQL: SHOW COLUMNS FROM `think_educationexp` [ RunTime:0.003529s ]
SQL: SELECT * FROM `think_educationexp` WHERE ( `sid` = 135 )  [ RunTime:0.000462s ]
SQL: SHOW COLUMNS FROM `think_personalexp` [ RunTime:0.003508s ]
SQL: SELECT * FROM `think_personalexp` WHERE ( `sid` = 135 )  [ RunTime:0.000886s ]
SQL: SHOW COLUMNS FROM `think_resume` [ RunTime:0.004321s ]
SQL: SELECT * FROM `think_resume` WHERE ( `sid` = 135 ) LIMIT 1   [ RunTime:0.000533s ]
ERR: 等待更新

[ 2014-04-10T13:28:08+08:00 ] 0.0.0.0 /NewXiaoZhao/index.php/Resume/getStudentResume
INFO: [ route_check ] --START--
INFO: CheckRoute Behavior ::run [ RunTime:0.000845s ]
INFO: [ route_check ] --END-- [ RunTime:0.000995s ]
INFO: [ app_begin ] --START--
INFO: ReadHtmlCache Behavior ::run [ RunTime:0.000630s ]
INFO: [ app_begin ] --END-- [ RunTime:0.000743s ]
SQL: SHOW COLUMNS FROM `think_resume` [ RunTime:0.004448s ]
SQL: SELECT * FROM `think_resume` WHERE ( `sid` = 135 ) LIMIT 1   [ RunTime:0.000422s ]

[ 2014-04-10T13:28:16+08:00 ] 0.0.0.0 /NewXiaoZhao/index.php/Resume/updateBasicInfo
INFO: [ route_check ] --START--
INFO: CheckRoute Behavior ::run [ RunTime:0.000898s ]
INFO: [ route_check ] --END-- [ RunTime:0.001055s ]
INFO: [ app_begin ] --START--
INFO: ReadHtmlCache Behavior ::run [ RunTime:0.000799s ]
INFO: [ app_begin ] --END-- [ RunTime:0.000939s ]
SQL: SHOW COLUMNS FROM `think_resume` [ RunTime:0.003477s ]
SQL: UPDATE `think_resume` SET `sid`=135,`name`='等待更新',`sex`='等待更新',`birth`='1991-2-1',`education`='等待更新',`certificationType`='等待更新',`certificationNum`='等待更新',`location`='等待更新',`email`='等待更新',`phone`='等待更新',`public`='等待更新',`address`='等待更新',`create_time`='2014-03-20',`statement`='<p>等待更新</p>\n',`avtor`='Common/img/StudentAvtor/532ecd36130b1.jpg' WHERE ( `sid` = 135 ) [ RunTime:0.076189s ]

[ 2014-04-10T13:28:16+08:00 ] 0.0.0.0 /NewXiaoZhao/index.php/Resume/gp
INFO: [ route_check ] --START--
INFO: CheckRoute Behavior ::run [ RunTime:0.001053s ]
INFO: [ route_check ] --END-- [ RunTime:0.001195s ]
INFO: [ app_begin ] --START--
INFO: ReadHtmlCache Behavior ::run [ RunTime:0.000787s ]
INFO: [ app_begin ] --END-- [ RunTime:0.000906s ]
SQL: SHOW COLUMNS FROM `think_educationexp` [ RunTime:0.003309s ]
SQL: SELECT * FROM `think_educationexp` WHERE ( `sid` = 135 )  [ RunTime:0.000516s ]
SQL: SHOW COLUMNS FROM `think_personalexp` [ RunTime:0.003150s ]
SQL: SELECT * FROM `think_personalexp` WHERE ( `sid` = 135 )  [ RunTime:0.000497s ]
SQL: SHOW COLUMNS FROM `think_resume` [ RunTime:0.002945s ]
SQL: SELECT * FROM `think_resume` WHERE ( `sid` = 135 ) LIMIT 1   [ RunTime:0.000405s ]
ERR: <p>等待更新</p>


[ 2014-04-10T13:28:47+08:00 ] 0.0.0.0 /NewXiaoZhao/index.php/PostResume/getPostHistory
INFO: [ route_check ] --START--
INFO: CheckRoute Behavior ::run [ RunTime:0.001009s ]
INFO: [ route_check ] --END-- [ RunTime:0.001178s ]
INFO: [ app_begin ] --START--
INFO: ReadHtmlCache Behavior ::run [ RunTime:0.000775s ]
INFO: [ app_begin ] --END-- [ RunTime:0.000894s ]
SQL: SHOW COLUMNS FROM `think_postresume` [ RunTime:0.003037s ]
SQL: SELECT * FROM `think_postresume` WHERE ( `sid` = 135 )  [ RunTime:0.000516s ]

[ 2014-04-10T13:28:48+08:00 ] 0.0.0.0 /NewXiaoZhao/index.php/Resume/gp
INFO: [ route_check ] --START--
INFO: CheckRoute Behavior ::run [ RunTime:0.001014s ]
INFO: [ route_check ] --END-- [ RunTime:0.001203s ]
INFO: [ app_begin ] --START--
INFO: ReadHtmlCache Behavior ::run [ RunTime:0.000818s ]
INFO: [ app_begin ] --END-- [ RunTime:0.000969s ]
SQL: SHOW COLUMNS FROM `think_educationexp` [ RunTime:0.004096s ]
SQL: SELECT * FROM `think_educationexp` WHERE ( `sid` = 135 )  [ RunTime:0.000608s ]
SQL: SHOW COLUMNS FROM `think_personalexp` [ RunTime:0.004046s ]
SQL: SELECT * FROM `think_personalexp` WHERE ( `sid` = 135 )  [ RunTime:0.000695s ]
SQL: SHOW COLUMNS FROM `think_resume` [ RunTime:0.005264s ]
SQL: SELECT * FROM `think_resume` WHERE ( `sid` = 135 ) LIMIT 1   [ RunTime:0.000644s ]
ERR: <p>等待更新</p>


[ 2014-04-10T13:28:48+08:00 ] 0.0.0.0 /NewXiaoZhao/index.php/Resume/getStudentResume
INFO: [ route_check ] --START--
INFO: CheckRoute Behavior ::run [ RunTime:0.001210s ]
INFO: [ route_check ] --END-- [ RunTime:0.001430s ]
INFO: [ app_begin ] --START--
INFO: ReadHtmlCache Behavior ::run [ RunTime:0.000983s ]
INFO: [ app_begin ] --END-- [ RunTime:0.001188s ]
SQL: SHOW COLUMNS FROM `think_resume` [ RunTime:0.003260s ]
SQL: SELECT * FROM `think_resume` WHERE ( `sid` = 135 ) LIMIT 1   [ RunTime:0.000549s ]

[ 2014-04-10T13:28:48+08:00 ] 0.0.0.0 /NewXiaoZhao/index.php/PostResume/getPostHistory
INFO: [ route_check ] --START--
INFO: CheckRoute Behavior ::run [ RunTime:0.001007s ]
INFO: [ route_check ] --END-- [ RunTime:0.001160s ]
INFO: [ app_begin ] --START--
INFO: ReadHtmlCache Behavior ::run [ RunTime:0.000780s ]
INFO: [ app_begin ] --END-- [ RunTime:0.000894s ]
SQL: SHOW COLUMNS FROM `think_postresume` [ RunTime:0.003051s ]
SQL: SELECT * FROM `think_postresume` WHERE ( `sid` = 135 )  [ RunTime:0.000469s ]

[ 2014-04-10T13:28:50+08:00 ] 0.0.0.0 /NewXiaoZhao/index.php/PostResume/getPostHistory
INFO: [ route_check ] --START--
INFO: CheckRoute Behavior ::run [ RunTime:0.001107s ]
INFO: [ route_check ] --END-- [ RunTime:0.001386s ]
INFO: [ app_begin ] --START--
INFO: ReadHtmlCache Behavior ::run [ RunTime:0.000718s ]
INFO: [ app_begin ] --END-- [ RunTime:0.000835s ]
SQL: SHOW COLUMNS FROM `think_postresume` [ RunTime:0.002945s ]
SQL: SELECT * FROM `think_postresume` WHERE ( `sid` = 135 )  [ RunTime:0.000489s ]

[ 2014-04-10T13:28:51+08:00 ] 0.0.0.0 /NewXiaoZhao/index.php/Job/TopJob
INFO: [ route_check ] --START--
INFO: CheckRoute Behavior ::run [ RunTime:0.001290s ]
INFO: [ route_check ] --END-- [ RunTime:0.001519s ]
INFO: [ app_begin ] --START--
INFO: ReadHtmlCache Behavior ::run [ RunTime:0.001124s ]
INFO: [ app_begin ] --END-- [ RunTime:0.001328s ]
SQL: SHOW COLUMNS FROM `think_singlejob` [ RunTime:0.004351s ]
SQL: SELECT `jid`,`cid`,`name`,`resumenum`,`size`,`money`,`location` FROM `think_singlejob` ORDER BY resumenum desc LIMIT 5   [ RunTime:0.001321s ]
SQL: SHOW COLUMNS FROM `think_company` [ RunTime:0.004467s ]
SQL: SELECT `name` FROM `think_company` WHERE ( 1=1 AND cid='4' ) LIMIT 1   [ RunTime:0.000599s ]
SQL: SELECT `name` FROM `think_company` WHERE ( 1=1 AND cid='16' ) LIMIT 1   [ RunTime:0.000460s ]
SQL: SELECT `name` FROM `think_company` WHERE ( 1=1 AND cid='9' ) LIMIT 1   [ RunTime:0.000494s ]
SQL: SELECT `name` FROM `think_company` WHERE ( 1=1 AND cid='16' ) LIMIT 1   [ RunTime:0.000456s ]
SQL: SELECT `name` FROM `think_company` WHERE ( 1=1 AND cid='9' ) LIMIT 1   [ RunTime:0.000408s ]

[ 2014-04-10T13:28:52+08:00 ] 0.0.0.0 /NewXiaoZhao/index.php/Company/TopCompany
INFO: [ route_check ] --START--
INFO: CheckRoute Behavior ::run [ RunTime:0.001275s ]
INFO: [ route_check ] --END-- [ RunTime:0.001481s ]
INFO: [ app_begin ] --START--
INFO: ReadHtmlCache Behavior ::run [ RunTime:0.001077s ]
INFO: [ app_begin ] --END-- [ RunTime:0.001300s ]
SQL: SHOW COLUMNS FROM `think_company` [ RunTime:0.007234s ]
SQL: SELECT `cid`,`name`,`kind`,`size`,`times` FROM `think_company` WHERE ( `status` = 1 ) ORDER BY times desc LIMIT 5   [ RunTime:0.000864s ]
SQL: SHOW COLUMNS FROM `think_singlejob` [ RunTime:0.004262s ]
SQL: SELECT COUNT(*) AS tp_count FROM `think_singlejob` WHERE ( `cid` = 9 ) LIMIT 1   [ RunTime:0.001311s ]
SQL: SELECT COUNT(*) AS tp_count FROM `think_singlejob` WHERE ( `cid` = 4 ) LIMIT 1   [ RunTime:0.000840s ]
SQL: SELECT COUNT(*) AS tp_count FROM `think_singlejob` WHERE ( `cid` = 16 ) LIMIT 1   [ RunTime:0.000880s ]
SQL: SELECT COUNT(*) AS tp_count FROM `think_singlejob` WHERE ( `cid` = 8 ) LIMIT 1   [ RunTime:0.001053s ]
SQL: SELECT COUNT(*) AS tp_count FROM `think_singlejob` WHERE ( `cid` = 10 ) LIMIT 1   [ RunTime:0.000756s ]

[ 2014-04-10T13:28:52+08:00 ] 0.0.0.0 /NewXiaoZhao/index.php/Index/count
INFO: [ route_check ] --START--
INFO: CheckRoute Behavior ::run [ RunTime:0.001543s ]
INFO: [ route_check ] --END-- [ RunTime:0.001779s ]
INFO: [ app_begin ] --START--
INFO: ReadHtmlCache Behavior ::run [ RunTime:0.001645s ]
INFO: [ app_begin ] --END-- [ RunTime:0.001874s ]
SQL: SHOW COLUMNS FROM `think_company` [ RunTime:0.004903s ]
SQL: SELECT COUNT(*) AS tp_count FROM `think_company` LIMIT 1   [ RunTime:0.000499s ]
SQL: SHOW COLUMNS FROM `think_student` [ RunTime:0.004762s ]
SQL: SELECT COUNT(*) AS tp_count FROM `think_student` LIMIT 1   [ RunTime:0.000452s ]

[ 2014-04-10T13:29:05+08:00 ] 0.0.0.0 /NewXiaoZhao/index.php/Company/getCompanyBasicInfo
INFO: [ route_check ] --START--
INFO: CheckRoute Behavior ::run [ RunTime:0.001281s ]
INFO: [ route_check ] --END-- [ RunTime:0.001530s ]
INFO: [ app_begin ] --START--
INFO: ReadHtmlCache Behavior ::run [ RunTime:0.002060s ]
INFO: [ app_begin ] --END-- [ RunTime:0.002280s ]
SQL: SHOW COLUMNS FROM `think_company` [ RunTime:0.004370s ]
SQL: SELECT * FROM `think_company` WHERE ( `cid` = 10 ) LIMIT 1   [ RunTime:0.000689s ]

[ 2014-04-10T13:29:05+08:00 ] 0.0.0.0 /NewXiaoZhao/index.php/Company/joblist
INFO: [ route_check ] --START--
INFO: CheckRoute Behavior ::run [ RunTime:0.001505s ]
INFO: [ route_check ] --END-- [ RunTime:0.001781s ]
INFO: [ app_begin ] --START--
INFO: ReadHtmlCache Behavior ::run [ RunTime:0.001046s ]
INFO: [ app_begin ] --END-- [ RunTime:0.001230s ]
SQL: SHOW COLUMNS FROM `think_singlejob` [ RunTime:0.004661s ]
SQL: SELECT * FROM `think_singlejob` WHERE ( `cid` = 10 ) ORDER BY jid desc  [ RunTime:0.001195s ]

[ 2014-04-10T13:29:05+08:00 ] 0.0.0.0 /NewXiaoZhao/index.php/Company/getCompanyBasicInfo
INFO: [ route_check ] --START--
INFO: CheckRoute Behavior ::run [ RunTime:0.001450s ]
INFO: [ route_check ] --END-- [ RunTime:0.001665s ]
INFO: [ app_begin ] --START--
INFO: ReadHtmlCache Behavior ::run [ RunTime:0.002677s ]
INFO: [ app_begin ] --END-- [ RunTime:0.002961s ]
SQL: SHOW COLUMNS FROM `think_company` [ RunTime:0.005041s ]
SQL: SELECT * FROM `think_company` WHERE ( `cid` = 10 ) LIMIT 1   [ RunTime:0.001209s ]

[ 2014-04-10T13:29:05+08:00 ] 0.0.0.0 /NewXiaoZhao/index.php/Index/count
INFO: [ route_check ] --START--
INFO: CheckRoute Behavior ::run [ RunTime:0.002090s ]
INFO: [ route_check ] --END-- [ RunTime:0.002388s ]
INFO: [ app_begin ] --START--
INFO: ReadHtmlCache Behavior ::run [ RunTime:0.001957s ]
INFO: [ app_begin ] --END-- [ RunTime:0.002218s ]
SQL: SHOW COLUMNS FROM `think_company` [ RunTime:0.004527s ]
SQL: SELECT COUNT(*) AS tp_count FROM `think_company` LIMIT 1   [ RunTime:0.000820s ]
SQL: SHOW COLUMNS FROM `think_student` [ RunTime:0.005215s ]
SQL: SELECT COUNT(*) AS tp_count FROM `think_student` LIMIT 1   [ RunTime:0.000476s ]

[ 2014-04-10T13:29:05+08:00 ] 0.0.0.0 /NewXiaoZhao/index.php/Company/joblist
INFO: [ route_check ] --START--
INFO: CheckRoute Behavior ::run [ RunTime:0.001496s ]
INFO: [ route_check ] --END-- [ RunTime:0.001742s ]
INFO: [ app_begin ] --START--
INFO: ReadHtmlCache Behavior ::run [ RunTime:0.001282s ]
INFO: [ app_begin ] --END-- [ RunTime:0.001539s ]
SQL: SHOW COLUMNS FROM `think_singlejob` [ RunTime:0.003116s ]
SQL: SELECT * FROM `think_singlejob` WHERE ( `cid` = 10 ) ORDER BY jid desc  [ RunTime:0.000745s ]

[ 2014-04-10T13:29:14+08:00 ] 0.0.0.0 /NewXiaoZhao/index.php/Job/singlejob
INFO: [ route_check ] --START--
INFO: CheckRoute Behavior ::run [ RunTime:0.001313s ]
INFO: [ route_check ] --END-- [ RunTime:0.001592s ]
INFO: [ app_begin ] --START--
INFO: ReadHtmlCache Behavior ::run [ RunTime:0.001108s ]
INFO: [ app_begin ] --END-- [ RunTime:0.001321s ]
SQL: SHOW COLUMNS FROM `think_singlejob` [ RunTime:0.003854s ]
SQL: SELECT * FROM `think_singlejob` WHERE ( `jid` = 94 ) LIMIT 1   [ RunTime:0.000614s ]

[ 2014-04-10T13:29:14+08:00 ] 0.0.0.0 /NewXiaoZhao/index.php/Job/singlejob
INFO: [ route_check ] --START--
INFO: CheckRoute Behavior ::run [ RunTime:0.001198s ]
INFO: [ route_check ] --END-- [ RunTime:0.001427s ]
INFO: [ app_begin ] --START--
INFO: ReadHtmlCache Behavior ::run [ RunTime:0.001053s ]
INFO: [ app_begin ] --END-- [ RunTime:0.001258s ]
SQL: SHOW COLUMNS FROM `think_singlejob` [ RunTime:0.005585s ]
SQL: SELECT * FROM `think_singlejob` WHERE ( `jid` = 94 ) LIMIT 1   [ RunTime:0.000787s ]

[ 2014-04-10T13:29:14+08:00 ] 0.0.0.0 /NewXiaoZhao/index.php/Index/count
INFO: [ route_check ] --START--
INFO: CheckRoute Behavior ::run [ RunTime:0.001675s ]
INFO: [ route_check ] --END-- [ RunTime:0.001949s ]
INFO: [ app_begin ] --START--
INFO: ReadHtmlCache Behavior ::run [ RunTime:0.001224s ]
INFO: [ app_begin ] --END-- [ RunTime:0.001464s ]
SQL: SHOW COLUMNS FROM `think_company` [ RunTime:0.004239s ]
SQL: SELECT COUNT(*) AS tp_count FROM `think_company` LIMIT 1   [ RunTime:0.000503s ]
SQL: SHOW COLUMNS FROM `think_student` [ RunTime:0.004129s ]
SQL: SELECT COUNT(*) AS tp_count FROM `think_student` LIMIT 1   [ RunTime:0.000587s ]

[ 2014-04-10T13:29:14+08:00 ] 0.0.0.0 /NewXiaoZhao/index.php/Company/getCompanyBasicInfo
INFO: [ route_check ] --START--
INFO: CheckRoute Behavior ::run [ RunTime:0.001360s ]
INFO: [ route_check ] --END-- [ RunTime:0.001590s ]
INFO: [ app_begin ] --START--
INFO: ReadHtmlCache Behavior ::run [ RunTime:0.000960s ]
INFO: [ app_begin ] --END-- [ RunTime:0.001163s ]
SQL: SHOW COLUMNS FROM `think_company` [ RunTime:0.003076s ]
SQL: SELECT * FROM `think_company` WHERE ( `cid` = 10 ) LIMIT 1   [ RunTime:0.000519s ]

[ 2014-04-10T13:29:14+08:00 ] 0.0.0.0 /NewXiaoZhao/index.php/Company/getCompanyBasicInfo
INFO: [ route_check ] --START--
INFO: CheckRoute Behavior ::run [ RunTime:0.000900s ]
INFO: [ route_check ] --END-- [ RunTime:0.001055s ]
INFO: [ app_begin ] --START--
INFO: ReadHtmlCache Behavior ::run [ RunTime:0.000803s ]
INFO: [ app_begin ] --END-- [ RunTime:0.000997s ]
SQL: SHOW COLUMNS FROM `think_company` [ RunTime:0.005315s ]
SQL: SELECT * FROM `think_company` WHERE ( `cid` = 10 ) LIMIT 1   [ RunTime:0.001447s ]

[ 2014-04-10T14:51:23+08:00 ] 0.0.0.0 /NewXiaoZhao/index.php/Login/logoff
INFO: [ route_check ] --START--
INFO: CheckRoute Behavior ::run [ RunTime:0.001195s ]
INFO: [ route_check ] --END-- [ RunTime:0.001356s ]
INFO: [ app_begin ] --START--
INFO: ReadHtmlCache Behavior ::run [ RunTime:0.000823s ]
INFO: [ app_begin ] --END-- [ RunTime:0.000952s ]

[ 2014-04-10T14:51:27+08:00 ] 0.0.0.0 /NewXiaoZhao/index.php/Company/TopCompany
INFO: [ route_check ] --START--
INFO: CheckRoute Behavior ::run [ RunTime:0.001621s ]
INFO: [ route_check ] --END-- [ RunTime:0.003128s ]
INFO: [ app_begin ] --START--
INFO: ReadHtmlCache Behavior ::run [ RunTime:0.001401s ]
INFO: [ app_begin ] --END-- [ RunTime:0.002059s ]
SQL: SHOW COLUMNS FROM `think_company` [ RunTime:0.004453s ]
SQL: SELECT `cid`,`name`,`kind`,`size`,`times` FROM `think_company` WHERE ( `status` = 1 ) ORDER BY times desc LIMIT 5   [ RunTime:0.000769s ]
SQL: SHOW COLUMNS FROM `think_singlejob` [ RunTime:0.004439s ]
SQL: SELECT COUNT(*) AS tp_count FROM `think_singlejob` WHERE ( `cid` = 9 ) LIMIT 1   [ RunTime:0.000694s ]
SQL: SELECT COUNT(*) AS tp_count FROM `think_singlejob` WHERE ( `cid` = 4 ) LIMIT 1   [ RunTime:0.000435s ]
SQL: SELECT COUNT(*) AS tp_count FROM `think_singlejob` WHERE ( `cid` = 16 ) LIMIT 1   [ RunTime:0.000468s ]
SQL: SELECT COUNT(*) AS tp_count FROM `think_singlejob` WHERE ( `cid` = 8 ) LIMIT 1   [ RunTime:0.000518s ]
SQL: SELECT COUNT(*) AS tp_count FROM `think_singlejob` WHERE ( `cid` = 10 ) LIMIT 1   [ RunTime:0.000610s ]

[ 2014-04-10T14:51:27+08:00 ] 0.0.0.0 /NewXiaoZhao/index.php/Job/TopJob
INFO: [ route_check ] --START--
INFO: CheckRoute Behavior ::run [ RunTime:0.002104s ]
INFO: [ route_check ] --END-- [ RunTime:0.002327s ]
INFO: [ app_begin ] --START--
INFO: ReadHtmlCache Behavior ::run [ RunTime:0.001186s ]
INFO: [ app_begin ] --END-- [ RunTime:0.001406s ]
SQL: SHOW COLUMNS FROM `think_singlejob` [ RunTime:0.004278s ]
SQL: SELECT `jid`,`cid`,`name`,`resumenum`,`size`,`money`,`location` FROM `think_singlejob` ORDER BY resumenum desc LIMIT 5   [ RunTime:0.001477s ]
SQL: SHOW COLUMNS FROM `think_company` [ RunTime:0.005584s ]
SQL: SELECT `name` FROM `think_company` WHERE ( 1=1 AND cid='4' ) LIMIT 1   [ RunTime:0.000596s ]
SQL: SELECT `name` FROM `think_company` WHERE ( 1=1 AND cid='16' ) LIMIT 1   [ RunTime:0.000511s ]
SQL: SELECT `name` FROM `think_company` WHERE ( 1=1 AND cid='9' ) LIMIT 1   [ RunTime:0.000661s ]
SQL: SELECT `name` FROM `think_company` WHERE ( 1=1 AND cid='16' ) LIMIT 1   [ RunTime:0.000582s ]
SQL: SELECT `name` FROM `think_company` WHERE ( 1=1 AND cid='9' ) LIMIT 1   [ RunTime:0.000476s ]

[ 2014-04-10T14:51:27+08:00 ] 0.0.0.0 /NewXiaoZhao/index.php/Index/count
INFO: [ route_check ] --START--
INFO: CheckRoute Behavior ::run [ RunTime:0.001938s ]
INFO: [ route_check ] --END-- [ RunTime:0.002275s ]
INFO: [ app_begin ] --START--
INFO: ReadHtmlCache Behavior ::run [ RunTime:0.001236s ]
INFO: [ app_begin ] --END-- [ RunTime:0.001482s ]
SQL: SHOW COLUMNS FROM `think_company` [ RunTime:0.004007s ]
SQL: SELECT COUNT(*) AS tp_count FROM `think_company` LIMIT 1   [ RunTime:0.000462s ]
SQL: SHOW COLUMNS FROM `think_student` [ RunTime:0.004264s ]
SQL: SELECT COUNT(*) AS tp_count FROM `think_student` LIMIT 1   [ RunTime:0.000810s ]

[ 2014-04-10T14:52:01+08:00 ] 0.0.0.0 /NewXiaoZhao/index.php/Index/count
INFO: [ route_check ] --START--
INFO: CheckRoute Behavior ::run [ RunTime:0.001633s ]
INFO: [ route_check ] --END-- [ RunTime:0.001939s ]
INFO: [ app_begin ] --START--
INFO: ReadHtmlCache Behavior ::run [ RunTime:0.001632s ]
INFO: [ app_begin ] --END-- [ RunTime:0.001934s ]
SQL: SHOW COLUMNS FROM `think_company` [ RunTime:0.004109s ]
SQL: SELECT COUNT(*) AS tp_count FROM `think_company` LIMIT 1   [ RunTime:0.000535s ]
SQL: SHOW COLUMNS FROM `think_student` [ RunTime:0.003110s ]
SQL: SELECT COUNT(*) AS tp_count FROM `think_student` LIMIT 1   [ RunTime:0.000360s ]

[ 2014-04-10T14:52:05+08:00 ] 0.0.0.0 /NewXiaoZhao/index.php/Company/companyList
INFO: [ route_check ] --START--
INFO: CheckRoute Behavior ::run [ RunTime:0.001351s ]
INFO: [ route_check ] --END-- [ RunTime:0.001610s ]
INFO: [ app_begin ] --START--
INFO: ReadHtmlCache Behavior ::run [ RunTime:0.000971s ]
INFO: [ app_begin ] --END-- [ RunTime:0.001193s ]
SQL: SHOW COLUMNS FROM `think_company` [ RunTime:0.004352s ]
SQL: SELECT `cid`,`name`,`statement`,`avtor` FROM `think_company` ORDER BY cid desc LIMIT 0,9   [ RunTime:0.001007s ]
SQL: SHOW COLUMNS FROM `think_singlejob` [ RunTime:0.004002s ]
SQL: SELECT `jid`,`name`,`size` FROM `think_singlejob` WHERE ( 1=1 AND cid='18' )  [ RunTime:0.000651s ]
SQL: SELECT `jid`,`name`,`size` FROM `think_singlejob` WHERE ( 1=1 AND cid='17' )  [ RunTime:0.000480s ]
SQL: SELECT `jid`,`name`,`size` FROM `think_singlejob` WHERE ( 1=1 AND cid='16' )  [ RunTime:0.000576s ]
SQL: SELECT `jid`,`name`,`size` FROM `think_singlejob` WHERE ( 1=1 AND cid='13' )  [ RunTime:0.000487s ]
SQL: SELECT `jid`,`name`,`size` FROM `think_singlejob` WHERE ( 1=1 AND cid='12' )  [ RunTime:0.000503s ]
SQL: SELECT `jid`,`name`,`size` FROM `think_singlejob` WHERE ( 1=1 AND cid='11' )  [ RunTime:0.000558s ]
SQL: SELECT `jid`,`name`,`size` FROM `think_singlejob` WHERE ( 1=1 AND cid='10' )  [ RunTime:0.000770s ]
SQL: SELECT `jid`,`name`,`size` FROM `think_singlejob` WHERE ( 1=1 AND cid='9' )  [ RunTime:0.000565s ]
SQL: SELECT `jid`,`name`,`size` FROM `think_singlejob` WHERE ( 1=1 AND cid='8' )  [ RunTime:0.000565s ]

[ 2014-04-10T14:52:05+08:00 ] 0.0.0.0 /NewXiaoZhao/index.php/Company/companyPageCount
INFO: [ route_check ] --START--
INFO: CheckRoute Behavior ::run [ RunTime:0.003079s ]
INFO: [ route_check ] --END-- [ RunTime:0.003455s ]
INFO: [ app_begin ] --START--
INFO: ReadHtmlCache Behavior ::run [ RunTime:0.001159s ]
INFO: [ app_begin ] --END-- [ RunTime:0.001404s ]
SQL: SHOW COLUMNS FROM `think_company` [ RunTime:0.004827s ]
SQL: SELECT COUNT(*) AS tp_count FROM `think_company` LIMIT 1   [ RunTime:0.000609s ]

[ 2014-04-10T14:52:05+08:00 ] 0.0.0.0 /NewXiaoZhao/index.php/Company/companyList
INFO: [ route_check ] --START--
INFO: CheckRoute Behavior ::run [ RunTime:0.001536s ]
INFO: [ route_check ] --END-- [ RunTime:0.001794s ]
INFO: [ app_begin ] --START--
INFO: ReadHtmlCache Behavior ::run [ RunTime:0.001867s ]
INFO: [ app_begin ] --END-- [ RunTime:0.002150s ]
SQL: SHOW COLUMNS FROM `think_company` [ RunTime:0.005318s ]
SQL: SELECT `cid`,`name`,`statement`,`avtor` FROM `think_company` ORDER BY cid desc LIMIT 0,9   [ RunTime:0.001190s ]
SQL: SHOW COLUMNS FROM `think_singlejob` [ RunTime:0.006015s ]
SQL: SELECT `jid`,`name`,`size` FROM `think_singlejob` WHERE ( 1=1 AND cid='18' )  [ RunTime:0.000892s ]
SQL: SELECT `jid`,`name`,`size` FROM `think_singlejob` WHERE ( 1=1 AND cid='17' )  [ RunTime:0.000668s ]
SQL: SELECT `jid`,`name`,`size` FROM `think_singlejob` WHERE ( 1=1 AND cid='16' )  [ RunTime:0.000767s ]
SQL: SELECT `jid`,`name`,`size` FROM `think_singlejob` WHERE ( 1=1 AND cid='13' )  [ RunTime:0.000652s ]
SQL: SELECT `jid`,`name`,`size` FROM `think_singlejob` WHERE ( 1=1 AND cid='12' )  [ RunTime:0.000534s ]
SQL: SELECT `jid`,`name`,`size` FROM `think_singlejob` WHERE ( 1=1 AND cid='11' )  [ RunTime:0.000579s ]
SQL: SELECT `jid`,`name`,`size` FROM `think_singlejob` WHERE ( 1=1 AND cid='10' )  [ RunTime:0.000501s ]
SQL: SELECT `jid`,`name`,`size` FROM `think_singlejob` WHERE ( 1=1 AND cid='9' )  [ RunTime:0.000605s ]
SQL: SELECT `jid`,`name`,`size` FROM `think_singlejob` WHERE ( 1=1 AND cid='8' )  [ RunTime:0.000640s ]

[ 2014-04-10T14:52:05+08:00 ] 0.0.0.0 /NewXiaoZhao/index.php/Index/count
INFO: [ route_check ] --START--
INFO: CheckRoute Behavior ::run [ RunTime:0.001558s ]
INFO: [ route_check ] --END-- [ RunTime:0.001807s ]
INFO: [ app_begin ] --START--
INFO: ReadHtmlCache Behavior ::run [ RunTime:0.002588s ]
INFO: [ app_begin ] --END-- [ RunTime:0.002857s ]
SQL: SHOW COLUMNS FROM `think_company` [ RunTime:0.004802s ]
SQL: SELECT COUNT(*) AS tp_count FROM `think_company` LIMIT 1   [ RunTime:0.000549s ]
SQL: SHOW COLUMNS FROM `think_student` [ RunTime:0.004518s ]
SQL: SELECT COUNT(*) AS tp_count FROM `think_student` LIMIT 1   [ RunTime:0.000689s ]

[ 2014-04-10T15:15:06+08:00 ] 0.0.0.0 /NewXiaoZhao/index.php/Job/TopJob
INFO: [ route_check ] --START--
INFO: CheckRoute Behavior ::run [ RunTime:0.001616s ]
INFO: [ route_check ] --END-- [ RunTime:0.001858s ]
INFO: [ app_begin ] --START--
INFO: ReadHtmlCache Behavior ::run [ RunTime:0.001353s ]
INFO: [ app_begin ] --END-- [ RunTime:0.001565s ]
SQL: SHOW COLUMNS FROM `think_singlejob` [ RunTime:0.004448s ]
SQL: SELECT `jid`,`cid`,`name`,`resumenum`,`size`,`money`,`location` FROM `think_singlejob` ORDER BY resumenum desc LIMIT 5   [ RunTime:0.000847s ]
SQL: SHOW COLUMNS FROM `think_company` [ RunTime:0.004174s ]
SQL: SELECT `name` FROM `think_company` WHERE ( 1=1 AND cid='4' ) LIMIT 1   [ RunTime:0.000676s ]
SQL: SELECT `name` FROM `think_company` WHERE ( 1=1 AND cid='16' ) LIMIT 1   [ RunTime:0.000481s ]
SQL: SELECT `name` FROM `think_company` WHERE ( 1=1 AND cid='9' ) LIMIT 1   [ RunTime:0.000442s ]
SQL: SELECT `name` FROM `think_company` WHERE ( 1=1 AND cid='16' ) LIMIT 1   [ RunTime:0.000576s ]
SQL: SELECT `name` FROM `think_company` WHERE ( 1=1 AND cid='9' ) LIMIT 1   [ RunTime:0.000595s ]

[ 2014-04-10T15:15:06+08:00 ] 0.0.0.0 /NewXiaoZhao/index.php/Company/TopCompany
INFO: [ route_check ] --START--
INFO: CheckRoute Behavior ::run [ RunTime:0.001753s ]
INFO: [ route_check ] --END-- [ RunTime:0.001989s ]
INFO: [ app_begin ] --START--
INFO: ReadHtmlCache Behavior ::run [ RunTime:0.001285s ]
INFO: [ app_begin ] --END-- [ RunTime:0.001533s ]
SQL: SHOW COLUMNS FROM `think_company` [ RunTime:0.003599s ]
SQL: SELECT `cid`,`name`,`kind`,`size`,`times` FROM `think_company` WHERE ( `status` = 1 ) ORDER BY times desc LIMIT 5   [ RunTime:0.000673s ]
SQL: SHOW COLUMNS FROM `think_singlejob` [ RunTime:0.003545s ]
SQL: SELECT COUNT(*) AS tp_count FROM `think_singlejob` WHERE ( `cid` = 9 ) LIMIT 1   [ RunTime:0.000551s ]
SQL: SELECT COUNT(*) AS tp_count FROM `think_singlejob` WHERE ( `cid` = 4 ) LIMIT 1   [ RunTime:0.000494s ]
SQL: SELECT COUNT(*) AS tp_count FROM `think_singlejob` WHERE ( `cid` = 16 ) LIMIT 1   [ RunTime:0.000566s ]
SQL: SELECT COUNT(*) AS tp_count FROM `think_singlejob` WHERE ( `cid` = 8 ) LIMIT 1   [ RunTime:0.000368s ]
SQL: SELECT COUNT(*) AS tp_count FROM `think_singlejob` WHERE ( `cid` = 10 ) LIMIT 1   [ RunTime:0.000348s ]

[ 2014-04-10T15:15:06+08:00 ] 0.0.0.0 /NewXiaoZhao/index.php/Index/count
INFO: [ route_check ] --START--
INFO: CheckRoute Behavior ::run [ RunTime:0.002278s ]
INFO: [ route_check ] --END-- [ RunTime:0.002624s ]
INFO: [ app_begin ] --START--
INFO: ReadHtmlCache Behavior ::run [ RunTime:0.002882s ]
INFO: [ app_begin ] --END-- [ RunTime:0.003125s ]
SQL: SHOW COLUMNS FROM `think_company` [ RunTime:0.004558s ]
SQL: SELECT COUNT(*) AS tp_count FROM `think_company` LIMIT 1   [ RunTime:0.000536s ]
SQL: SHOW COLUMNS FROM `think_student` [ RunTime:0.004212s ]
SQL: SELECT COUNT(*) AS tp_count FROM `think_student` LIMIT 1   [ RunTime:0.000487s ]

[ 2014-04-10T15:23:51+08:00 ] 0.0.0.0 /NewXiaoZhao/index.php/Index/count
INFO: [ route_check ] --START--
INFO: CheckRoute Behavior ::run [ RunTime:0.001857s ]
INFO: [ route_check ] --END-- [ RunTime:0.002146s ]
INFO: [ app_begin ] --START--
INFO: ReadHtmlCache Behavior ::run [ RunTime:0.001697s ]
INFO: [ app_begin ] --END-- [ RunTime:0.001951s ]
SQL: SHOW COLUMNS FROM `think_company` [ RunTime:0.004204s ]
SQL: SELECT COUNT(*) AS tp_count FROM `think_company` LIMIT 1   [ RunTime:0.000500s ]
SQL: SHOW COLUMNS FROM `think_student` [ RunTime:0.003781s ]
SQL: SELECT COUNT(*) AS tp_count FROM `think_student` LIMIT 1   [ RunTime:0.000483s ]

[ 2014-04-10T15:23:53+08:00 ] 0.0.0.0 /NewXiaoZhao/index.php/Company/companyList
INFO: [ route_check ] --START--
INFO: CheckRoute Behavior ::run [ RunTime:0.002081s ]
INFO: [ route_check ] --END-- [ RunTime:0.002379s ]
INFO: [ app_begin ] --START--
INFO: ReadHtmlCache Behavior ::run [ RunTime:0.000960s ]
INFO: [ app_begin ] --END-- [ RunTime:0.001155s ]
SQL: SHOW COLUMNS FROM `think_company` [ RunTime:0.004991s ]
SQL: SELECT `cid`,`name`,`statement`,`avtor` FROM `think_company` ORDER BY cid desc LIMIT 0,9   [ RunTime:0.001034s ]
SQL: SHOW COLUMNS FROM `think_singlejob` [ RunTime:0.004892s ]
SQL: SELECT `jid`,`name`,`size` FROM `think_singlejob` WHERE ( 1=1 AND cid='18' )  [ RunTime:0.000986s ]
SQL: SELECT `jid`,`name`,`size` FROM `think_singlejob` WHERE ( 1=1 AND cid='17' )  [ RunTime:0.000909s ]
SQL: SELECT `jid`,`name`,`size` FROM `think_singlejob` WHERE ( 1=1 AND cid='16' )  [ RunTime:0.000842s ]
SQL: SELECT `jid`,`name`,`size` FROM `think_singlejob` WHERE ( 1=1 AND cid='13' )  [ RunTime:0.000685s ]
SQL: SELECT `jid`,`name`,`size` FROM `think_singlejob` WHERE ( 1=1 AND cid='12' )  [ RunTime:0.001245s ]
SQL: SELECT `jid`,`name`,`size` FROM `think_singlejob` WHERE ( 1=1 AND cid='11' )  [ RunTime:0.000975s ]
SQL: SELECT `jid`,`name`,`size` FROM `think_singlejob` WHERE ( 1=1 AND cid='10' )  [ RunTime:0.001660s ]
SQL: SELECT `jid`,`name`,`size` FROM `think_singlejob` WHERE ( 1=1 AND cid='9' )  [ RunTime:0.001002s ]
SQL: SELECT `jid`,`name`,`size` FROM `think_singlejob` WHERE ( 1=1 AND cid='8' )  [ RunTime:0.000426s ]

[ 2014-04-10T15:23:53+08:00 ] 0.0.0.0 /NewXiaoZhao/index.php/Company/companyPageCount
INFO: [ route_check ] --START--
INFO: CheckRoute Behavior ::run [ RunTime:0.001522s ]
INFO: [ route_check ] --END-- [ RunTime:0.001755s ]
INFO: [ app_begin ] --START--
INFO: ReadHtmlCache Behavior ::run [ RunTime:0.001196s ]
INFO: [ app_begin ] --END-- [ RunTime:0.001406s ]
SQL: SHOW COLUMNS FROM `think_company` [ RunTime:0.003735s ]
SQL: SELECT COUNT(*) AS tp_count FROM `think_company` LIMIT 1   [ RunTime:0.000442s ]

[ 2014-04-10T15:23:53+08:00 ] 0.0.0.0 /NewXiaoZhao/index.php/Company/companyList
INFO: [ route_check ] --START--
INFO: CheckRoute Behavior ::run [ RunTime:0.001497s ]
INFO: [ route_check ] --END-- [ RunTime:0.001714s ]
INFO: [ app_begin ] --START--
INFO: ReadHtmlCache Behavior ::run [ RunTime:0.001112s ]
INFO: [ app_begin ] --END-- [ RunTime:0.001347s ]
SQL: SHOW COLUMNS FROM `think_company` [ RunTime:0.004612s ]
SQL: SELECT `cid`,`name`,`statement`,`avtor` FROM `think_company` ORDER BY cid desc LIMIT 0,9   [ RunTime:0.001005s ]
SQL: SHOW COLUMNS FROM `think_singlejob` [ RunTime:0.004352s ]
SQL: SELECT `jid`,`name`,`size` FROM `think_singlejob` WHERE ( 1=1 AND cid='18' )  [ RunTime:0.000662s ]
SQL: SELECT `jid`,`name`,`size` FROM `think_singlejob` WHERE ( 1=1 AND cid='17' )  [ RunTime:0.000392s ]
SQL: SELECT `jid`,`name`,`size` FROM `think_singlejob` WHERE ( 1=1 AND cid='16' )  [ RunTime:0.000383s ]
SQL: SELECT `jid`,`name`,`size` FROM `think_singlejob` WHERE ( 1=1 AND cid='13' )  [ RunTime:0.000423s ]
SQL: SELECT `jid`,`name`,`size` FROM `think_singlejob` WHERE ( 1=1 AND cid='12' )  [ RunTime:0.000469s ]
SQL: SELECT `jid`,`name`,`size` FROM `think_singlejob` WHERE ( 1=1 AND cid='11' )  [ RunTime:0.000419s ]
SQL: SELECT `jid`,`name`,`size` FROM `think_singlejob` WHERE ( 1=1 AND cid='10' )  [ RunTime:0.000382s ]
SQL: SELECT `jid`,`name`,`size` FROM `think_singlejob` WHERE ( 1=1 AND cid='9' )  [ RunTime:0.000407s ]
SQL: SELECT `jid`,`name`,`size` FROM `think_singlejob` WHERE ( 1=1 AND cid='8' )  [ RunTime:0.000445s ]

[ 2014-04-10T15:23:53+08:00 ] 0.0.0.0 /NewXiaoZhao/index.php/Index/count
INFO: [ route_check ] --START--
INFO: CheckRoute Behavior ::run [ RunTime:0.002173s ]
INFO: [ route_check ] --END-- [ RunTime:0.002479s ]
INFO: [ app_begin ] --START--
INFO: ReadHtmlCache Behavior ::run [ RunTime:0.001347s ]
INFO: [ app_begin ] --END-- [ RunTime:0.001621s ]
SQL: SHOW COLUMNS FROM `think_company` [ RunTime:0.003475s ]
SQL: SELECT COUNT(*) AS tp_count FROM `think_company` LIMIT 1   [ RunTime:0.000452s ]
SQL: SHOW COLUMNS FROM `think_student` [ RunTime:0.003756s ]
SQL: SELECT COUNT(*) AS tp_count FROM `think_student` LIMIT 1   [ RunTime:0.000779s ]

[ 2014-04-10T15:23:58+08:00 ] 0.0.0.0 /NewXiaoZhao/index.php/Index/count
INFO: [ route_check ] --START--
INFO: CheckRoute Behavior ::run [ RunTime:0.000858s ]
INFO: [ route_check ] --END-- [ RunTime:0.001010s ]
INFO: [ app_begin ] --START--
INFO: ReadHtmlCache Behavior ::run [ RunTime:0.000619s ]
INFO: [ app_begin ] --END-- [ RunTime:0.000732s ]
SQL: SHOW COLUMNS FROM `think_company` [ RunTime:0.003541s ]
SQL: SELECT COUNT(*) AS tp_count FROM `think_company` LIMIT 1   [ RunTime:0.000373s ]
SQL: SHOW COLUMNS FROM `think_student` [ RunTime:0.003605s ]
SQL: SELECT COUNT(*) AS tp_count FROM `think_student` LIMIT 1   [ RunTime:0.000355s ]

[ 2014-04-10T15:24:00+08:00 ] 0.0.0.0 /NewXiaoZhao/index.php/Company/TopCompany
INFO: [ route_check ] --START--
INFO: CheckRoute Behavior ::run [ RunTime:0.001241s ]
INFO: [ route_check ] --END-- [ RunTime:0.001482s ]
INFO: [ app_begin ] --START--
INFO: ReadHtmlCache Behavior ::run [ RunTime:0.001022s ]
INFO: [ app_begin ] --END-- [ RunTime:0.001229s ]
SQL: SHOW COLUMNS FROM `think_company` [ RunTime:0.004266s ]
SQL: SELECT `cid`,`name`,`kind`,`size`,`times` FROM `think_company` WHERE ( `status` = 1 ) ORDER BY times desc LIMIT 5   [ RunTime:0.000767s ]
SQL: SHOW COLUMNS FROM `think_singlejob` [ RunTime:0.004604s ]
SQL: SELECT COUNT(*) AS tp_count FROM `think_singlejob` WHERE ( `cid` = 9 ) LIMIT 1   [ RunTime:0.000640s ]
SQL: SELECT COUNT(*) AS tp_count FROM `think_singlejob` WHERE ( `cid` = 4 ) LIMIT 1   [ RunTime:0.000496s ]
SQL: SELECT COUNT(*) AS tp_count FROM `think_singlejob` WHERE ( `cid` = 16 ) LIMIT 1   [ RunTime:0.000505s ]
SQL: SELECT COUNT(*) AS tp_count FROM `think_singlejob` WHERE ( `cid` = 8 ) LIMIT 1   [ RunTime:0.000553s ]
SQL: SELECT COUNT(*) AS tp_count FROM `think_singlejob` WHERE ( `cid` = 10 ) LIMIT 1   [ RunTime:0.000591s ]

[ 2014-04-10T15:24:00+08:00 ] 0.0.0.0 /NewXiaoZhao/index.php/Job/TopJob
INFO: [ route_check ] --START--
INFO: CheckRoute Behavior ::run [ RunTime:0.001542s ]
INFO: [ route_check ] --END-- [ RunTime:0.001774s ]
INFO: [ app_begin ] --START--
INFO: ReadHtmlCache Behavior ::run [ RunTime:0.000982s ]
INFO: [ app_begin ] --END-- [ RunTime:0.001209s ]
SQL: SHOW COLUMNS FROM `think_singlejob` [ RunTime:0.005332s ]
SQL: SELECT `jid`,`cid`,`name`,`resumenum`,`size`,`money`,`location` FROM `think_singlejob` ORDER BY resumenum desc LIMIT 5   [ RunTime:0.001230s ]
SQL: SHOW COLUMNS FROM `think_company` [ RunTime:0.005042s ]
SQL: SELECT `name` FROM `think_company` WHERE ( 1=1 AND cid='4' ) LIMIT 1   [ RunTime:0.000628s ]
SQL: SELECT `name` FROM `think_company` WHERE ( 1=1 AND cid='16' ) LIMIT 1   [ RunTime:0.000420s ]
SQL: SELECT `name` FROM `think_company` WHERE ( 1=1 AND cid='9' ) LIMIT 1   [ RunTime:0.000537s ]
SQL: SELECT `name` FROM `think_company` WHERE ( 1=1 AND cid='16' ) LIMIT 1   [ RunTime:0.000437s ]
SQL: SELECT `name` FROM `think_company` WHERE ( 1=1 AND cid='9' ) LIMIT 1   [ RunTime:0.000306s ]

[ 2014-04-10T15:24:00+08:00 ] 0.0.0.0 /NewXiaoZhao/index.php/Index/count
INFO: [ route_check ] --START--
INFO: CheckRoute Behavior ::run [ RunTime:0.001439s ]
INFO: [ route_check ] --END-- [ RunTime:0.001669s ]
INFO: [ app_begin ] --START--
INFO: ReadHtmlCache Behavior ::run [ RunTime:0.001221s ]
INFO: [ app_begin ] --END-- [ RunTime:0.001489s ]
SQL: SHOW COLUMNS FROM `think_company` [ RunTime:0.004319s ]
SQL: SELECT COUNT(*) AS tp_count FROM `think_company` LIMIT 1   [ RunTime:0.000474s ]
SQL: SHOW COLUMNS FROM `think_student` [ RunTime:0.004036s ]
SQL: SELECT COUNT(*) AS tp_count FROM `think_student` LIMIT 1   [ RunTime:0.000490s ]

[ 2014-04-10T15:29:08+08:00 ] 0.0.0.0 /NewXiaoZhao/index.php/Login/login
INFO: [ route_check ] --START--
INFO: CheckRoute Behavior ::run [ RunTime:0.000944s ]
INFO: [ route_check ] --END-- [ RunTime:0.001095s ]
INFO: [ app_begin ] --START--
INFO: ReadHtmlCache Behavior ::run [ RunTime:0.000706s ]
INFO: [ app_begin ] --END-- [ RunTime:0.000819s ]
SQL: SHOW COLUMNS FROM `think_student` [ RunTime:0.043774s ]
SQL: SELECT * FROM `think_student` WHERE ( `username` = 'xy' ) AND ( `password` = '6f52bf637ea4c6c893aec790bed749b3' ) LIMIT 1   [ RunTime:0.000479s ]

[ 2014-04-10T15:29:09+08:00 ] 0.0.0.0 /NewXiaoZhao/index.php/Company/TopCompany
INFO: [ route_check ] --START--
INFO: CheckRoute Behavior ::run [ RunTime:0.001626s ]
INFO: [ route_check ] --END-- [ RunTime:0.001930s ]
INFO: [ app_begin ] --START--
INFO: ReadHtmlCache Behavior ::run [ RunTime:0.000981s ]
INFO: [ app_begin ] --END-- [ RunTime:0.001183s ]
SQL: SHOW COLUMNS FROM `think_company` [ RunTime:0.005004s ]
SQL: SELECT `cid`,`name`,`kind`,`size`,`times` FROM `think_company` WHERE ( `status` = 1 ) ORDER BY times desc LIMIT 5   [ RunTime:0.001229s ]
SQL: SHOW COLUMNS FROM `think_singlejob` [ RunTime:0.004670s ]
SQL: SELECT COUNT(*) AS tp_count FROM `think_singlejob` WHERE ( `cid` = 9 ) LIMIT 1   [ RunTime:0.000749s ]
SQL: SELECT COUNT(*) AS tp_count FROM `think_singlejob` WHERE ( `cid` = 4 ) LIMIT 1   [ RunTime:0.000576s ]
SQL: SELECT COUNT(*) AS tp_count FROM `think_singlejob` WHERE ( `cid` = 16 ) LIMIT 1   [ RunTime:0.000529s ]
SQL: SELECT COUNT(*) AS tp_count FROM `think_singlejob` WHERE ( `cid` = 8 ) LIMIT 1   [ RunTime:0.000473s ]
SQL: SELECT COUNT(*) AS tp_count FROM `think_singlejob` WHERE ( `cid` = 10 ) LIMIT 1   [ RunTime:0.000725s ]

[ 2014-04-10T15:29:09+08:00 ] 0.0.0.0 /NewXiaoZhao/index.php/Job/TopJob
INFO: [ route_check ] --START--
INFO: CheckRoute Behavior ::run [ RunTime:0.001908s ]
INFO: [ route_check ] --END-- [ RunTime:0.002137s ]
INFO: [ app_begin ] --START--
INFO: ReadHtmlCache Behavior ::run [ RunTime:0.001175s ]
INFO: [ app_begin ] --END-- [ RunTime:0.001408s ]
SQL: SHOW COLUMNS FROM `think_singlejob` [ RunTime:0.005352s ]
SQL: SELECT `jid`,`cid`,`name`,`resumenum`,`size`,`money`,`location` FROM `think_singlejob` ORDER BY resumenum desc LIMIT 5   [ RunTime:0.000747s ]
SQL: SHOW COLUMNS FROM `think_company` [ RunTime:0.004329s ]
SQL: SELECT `name` FROM `think_company` WHERE ( 1=1 AND cid='4' ) LIMIT 1   [ RunTime:0.000538s ]
SQL: SELECT `name` FROM `think_company` WHERE ( 1=1 AND cid='16' ) LIMIT 1   [ RunTime:0.000362s ]
SQL: SELECT `name` FROM `think_company` WHERE ( 1=1 AND cid='9' ) LIMIT 1   [ RunTime:0.000345s ]
SQL: SELECT `name` FROM `think_company` WHERE ( 1=1 AND cid='16' ) LIMIT 1   [ RunTime:0.000351s ]
SQL: SELECT `name` FROM `think_company` WHERE ( 1=1 AND cid='9' ) LIMIT 1   [ RunTime:0.000315s ]

[ 2014-04-10T15:29:09+08:00 ] 0.0.0.0 /NewXiaoZhao/index.php/Index/count
INFO: [ route_check ] --START--
INFO: CheckRoute Behavior ::run [ RunTime:0.001833s ]
INFO: [ route_check ] --END-- [ RunTime:0.002093s ]
INFO: [ app_begin ] --START--
INFO: ReadHtmlCache Behavior ::run [ RunTime:0.001115s ]
INFO: [ app_begin ] --END-- [ RunTime:0.001315s ]
SQL: SHOW COLUMNS FROM `think_company` [ RunTime:0.004134s ]
SQL: SELECT COUNT(*) AS tp_count FROM `think_company` LIMIT 1   [ RunTime:0.000781s ]
SQL: SHOW COLUMNS FROM `think_student` [ RunTime:0.004198s ]
SQL: SELECT COUNT(*) AS tp_count FROM `think_student` LIMIT 1   [ RunTime:0.000492s ]

[ 2014-04-10T15:29:11+08:00 ] 0.0.0.0 /NewXiaoZhao/index.php/Resume/getStudentName
INFO: [ route_check ] --START--
INFO: CheckRoute Behavior ::run [ RunTime:0.001398s ]
INFO: [ route_check ] --END-- [ RunTime:0.001654s ]
INFO: [ app_begin ] --START--
INFO: ReadHtmlCache Behavior ::run [ RunTime:0.001043s ]
INFO: [ app_begin ] --END-- [ RunTime:0.001260s ]
SQL: SHOW COLUMNS FROM `think_resume` [ RunTime:0.004493s ]
SQL: SELECT `name` FROM `think_resume` WHERE ( `sid` = 135 ) LIMIT 1   [ RunTime:0.000726s ]

[ 2014-04-10T15:29:11+08:00 ] 0.0.0.0 /NewXiaoZhao/index.php/Resume/gp
INFO: [ route_check ] --START--
INFO: CheckRoute Behavior ::run [ RunTime:0.001479s ]
INFO: [ route_check ] --END-- [ RunTime:0.001740s ]
INFO: [ app_begin ] --START--
INFO: ReadHtmlCache Behavior ::run [ RunTime:0.001198s ]
INFO: [ app_begin ] --END-- [ RunTime:0.001447s ]
SQL: SHOW COLUMNS FROM `think_educationexp` [ RunTime:0.004428s ]
SQL: SELECT * FROM `think_educationexp` WHERE ( `sid` = 135 )  [ RunTime:0.000671s ]
SQL: SHOW COLUMNS FROM `think_personalexp` [ RunTime:0.004806s ]
SQL: SELECT * FROM `think_personalexp` WHERE ( `sid` = 135 )  [ RunTime:0.001639s ]
SQL: SHOW COLUMNS FROM `think_resume` [ RunTime:0.005223s ]
SQL: SELECT * FROM `think_resume` WHERE ( `sid` = 135 ) LIMIT 1   [ RunTime:0.000882s ]
ERR: <p>等待更新</p>


[ 2014-04-10T15:29:11+08:00 ] 0.0.0.0 /NewXiaoZhao/index.php/Resume/getStudentResume
INFO: [ route_check ] --START--
INFO: CheckRoute Behavior ::run [ RunTime:0.002302s ]
INFO: [ route_check ] --END-- [ RunTime:0.002626s ]
INFO: [ app_begin ] --START--
INFO: ReadHtmlCache Behavior ::run [ RunTime:0.001200s ]
INFO: [ app_begin ] --END-- [ RunTime:0.001437s ]
SQL: SHOW COLUMNS FROM `think_resume` [ RunTime:0.003293s ]
SQL: SELECT * FROM `think_resume` WHERE ( `sid` = 135 ) LIMIT 1   [ RunTime:0.001436s ]

[ 2014-04-10T15:29:24+08:00 ] 0.0.0.0 /NewXiaoZhao/index.php/Job/TopJob
INFO: [ route_check ] --START--
INFO: CheckRoute Behavior ::run [ RunTime:0.001305s ]
INFO: [ route_check ] --END-- [ RunTime:0.001545s ]
INFO: [ app_begin ] --START--
INFO: ReadHtmlCache Behavior ::run [ RunTime:0.001086s ]
INFO: [ app_begin ] --END-- [ RunTime:0.001302s ]
SQL: SHOW COLUMNS FROM `think_singlejob` [ RunTime:0.004252s ]
SQL: SELECT `jid`,`cid`,`name`,`resumenum`,`size`,`money`,`location` FROM `think_singlejob` ORDER BY resumenum desc LIMIT 5   [ RunTime:0.000798s ]
SQL: SHOW COLUMNS FROM `think_company` [ RunTime:0.004375s ]
SQL: SELECT `name` FROM `think_company` WHERE ( 1=1 AND cid='4' ) LIMIT 1   [ RunTime:0.000996s ]
SQL: SELECT `name` FROM `think_company` WHERE ( 1=1 AND cid='16' ) LIMIT 1   [ RunTime:0.000681s ]
SQL: SELECT `name` FROM `think_company` WHERE ( 1=1 AND cid='9' ) LIMIT 1   [ RunTime:0.000670s ]
SQL: SELECT `name` FROM `think_company` WHERE ( 1=1 AND cid='16' ) LIMIT 1   [ RunTime:0.000623s ]
SQL: SELECT `name` FROM `think_company` WHERE ( 1=1 AND cid='9' ) LIMIT 1   [ RunTime:0.000711s ]

[ 2014-04-10T15:29:24+08:00 ] 0.0.0.0 /NewXiaoZhao/index.php/Company/TopCompany
INFO: [ route_check ] --START--
INFO: CheckRoute Behavior ::run [ RunTime:0.001245s ]
INFO: [ route_check ] --END-- [ RunTime:0.001468s ]
INFO: [ app_begin ] --START--
INFO: ReadHtmlCache Behavior ::run [ RunTime:0.001133s ]
INFO: [ app_begin ] --END-- [ RunTime:0.001501s ]
SQL: SHOW COLUMNS FROM `think_company` [ RunTime:0.004239s ]
SQL: SELECT `cid`,`name`,`kind`,`size`,`times` FROM `think_company` WHERE ( `status` = 1 ) ORDER BY times desc LIMIT 5   [ RunTime:0.000650s ]
SQL: SHOW COLUMNS FROM `think_singlejob` [ RunTime:0.004292s ]
SQL: SELECT COUNT(*) AS tp_count FROM `think_singlejob` WHERE ( `cid` = 9 ) LIMIT 1   [ RunTime:0.000948s ]
SQL: SELECT COUNT(*) AS tp_count FROM `think_singlejob` WHERE ( `cid` = 4 ) LIMIT 1   [ RunTime:0.000605s ]
SQL: SELECT COUNT(*) AS tp_count FROM `think_singlejob` WHERE ( `cid` = 16 ) LIMIT 1   [ RunTime:0.000481s ]
SQL: SELECT COUNT(*) AS tp_count FROM `think_singlejob` WHERE ( `cid` = 8 ) LIMIT 1   [ RunTime:0.000443s ]
SQL: SELECT COUNT(*) AS tp_count FROM `think_singlejob` WHERE ( `cid` = 10 ) LIMIT 1   [ RunTime:0.000441s ]

[ 2014-04-10T15:29:24+08:00 ] 0.0.0.0 /NewXiaoZhao/index.php/Index/count
INFO: [ route_check ] --START--
INFO: CheckRoute Behavior ::run [ RunTime:0.001394s ]
INFO: [ route_check ] --END-- [ RunTime:0.001654s ]
INFO: [ app_begin ] --START--
INFO: ReadHtmlCache Behavior ::run [ RunTime:0.001083s ]
INFO: [ app_begin ] --END-- [ RunTime:0.001303s ]
SQL: SHOW COLUMNS FROM `think_company` [ RunTime:0.003926s ]
SQL: SELECT COUNT(*) AS tp_count FROM `think_company` LIMIT 1   [ RunTime:0.000570s ]
SQL: SHOW COLUMNS FROM `think_student` [ RunTime:0.003635s ]
SQL: SELECT COUNT(*) AS tp_count FROM `think_student` LIMIT 1   [ RunTime:0.000440s ]

[ 2014-04-10T16:37:14+08:00 ] 0.0.0.0 /NewXiaoZhao/index.php/Index/count
INFO: [ route_check ] --START--
INFO: CheckRoute Behavior ::run [ RunTime:0.002148s ]
INFO: [ route_check ] --END-- [ RunTime:0.002387s ]
INFO: [ app_begin ] --START--
INFO: ReadHtmlCache Behavior ::run [ RunTime:0.002567s ]
INFO: [ app_begin ] --END-- [ RunTime:0.002981s ]
SQL: SHOW COLUMNS FROM `think_company` [ RunTime:0.003382s ]
SQL: SELECT COUNT(*) AS tp_count FROM `think_company` LIMIT 1   [ RunTime:0.000489s ]
SQL: SHOW COLUMNS FROM `think_student` [ RunTime:0.003642s ]
SQL: SELECT COUNT(*) AS tp_count FROM `think_student` LIMIT 1   [ RunTime:0.000364s ]

[ 2014-04-10T16:37:15+08:00 ] 0.0.0.0 /NewXiaoZhao/index.php/Company/companyList
INFO: [ route_check ] --START--
INFO: CheckRoute Behavior ::run [ RunTime:0.003085s ]
INFO: [ route_check ] --END-- [ RunTime:0.003419s ]
INFO: [ app_begin ] --START--
INFO: ReadHtmlCache Behavior ::run [ RunTime:0.001108s ]
INFO: [ app_begin ] --END-- [ RunTime:0.001333s ]
SQL: SHOW COLUMNS FROM `think_company` [ RunTime:0.004609s ]
SQL: SELECT `cid`,`name`,`statement`,`avtor` FROM `think_company` ORDER BY cid desc LIMIT 0,9   [ RunTime:0.001785s ]
SQL: SHOW COLUMNS FROM `think_singlejob` [ RunTime:0.004177s ]
SQL: SELECT `jid`,`name`,`size` FROM `think_singlejob` WHERE ( 1=1 AND cid='18' )  [ RunTime:0.001190s ]
SQL: SELECT `jid`,`name`,`size` FROM `think_singlejob` WHERE ( 1=1 AND cid='17' )  [ RunTime:0.001023s ]
SQL: SELECT `jid`,`name`,`size` FROM `think_singlejob` WHERE ( 1=1 AND cid='16' )  [ RunTime:0.001016s ]
SQL: SELECT `jid`,`name`,`size` FROM `think_singlejob` WHERE ( 1=1 AND cid='13' )  [ RunTime:0.000935s ]
SQL: SELECT `jid`,`name`,`size` FROM `think_singlejob` WHERE ( 1=1 AND cid='12' )  [ RunTime:0.000706s ]
SQL: SELECT `jid`,`name`,`size` FROM `think_singlejob` WHERE ( 1=1 AND cid='11' )  [ RunTime:0.000359s ]
SQL: SELECT `jid`,`name`,`size` FROM `think_singlejob` WHERE ( 1=1 AND cid='10' )  [ RunTime:0.000336s ]
SQL: SELECT `jid`,`name`,`size` FROM `think_singlejob` WHERE ( 1=1 AND cid='9' )  [ RunTime:0.000285s ]
SQL: SELECT `jid`,`name`,`size` FROM `think_singlejob` WHERE ( 1=1 AND cid='8' )  [ RunTime:0.000277s ]

[ 2014-04-10T16:37:15+08:00 ] 0.0.0.0 /NewXiaoZhao/index.php/Company/companyPageCount
INFO: [ route_check ] --START--
INFO: CheckRoute Behavior ::run [ RunTime:0.001564s ]
INFO: [ route_check ] --END-- [ RunTime:0.001793s ]
INFO: [ app_begin ] --START--
INFO: ReadHtmlCache Behavior ::run [ RunTime:0.001061s ]
INFO: [ app_begin ] --END-- [ RunTime:0.001259s ]
SQL: SHOW COLUMNS FROM `think_company` [ RunTime:0.004462s ]
SQL: SELECT COUNT(*) AS tp_count FROM `think_company` LIMIT 1   [ RunTime:0.000657s ]

[ 2014-04-10T16:37:15+08:00 ] 0.0.0.0 /NewXiaoZhao/index.php/Company/companyList
INFO: [ route_check ] --START--
INFO: CheckRoute Behavior ::run [ RunTime:0.001466s ]
INFO: [ route_check ] --END-- [ RunTime:0.001713s ]
INFO: [ app_begin ] --START--
INFO: ReadHtmlCache Behavior ::run [ RunTime:0.001114s ]
INFO: [ app_begin ] --END-- [ RunTime:0.001356s ]
SQL: SHOW COLUMNS FROM `think_company` [ RunTime:0.004452s ]
SQL: SELECT `cid`,`name`,`statement`,`avtor` FROM `think_company` ORDER BY cid desc LIMIT 0,9   [ RunTime:0.001097s ]
SQL: SHOW COLUMNS FROM `think_singlejob` [ RunTime:0.004413s ]
SQL: SELECT `jid`,`name`,`size` FROM `think_singlejob` WHERE ( 1=1 AND cid='18' )  [ RunTime:0.000727s ]
SQL: SELECT `jid`,`name`,`size` FROM `think_singlejob` WHERE ( 1=1 AND cid='17' )  [ RunTime:0.000625s ]
SQL: SELECT `jid`,`name`,`size` FROM `think_singlejob` WHERE ( 1=1 AND cid='16' )  [ RunTime:0.000636s ]
SQL: SELECT `jid`,`name`,`size` FROM `think_singlejob` WHERE ( 1=1 AND cid='13' )  [ RunTime:0.000407s ]
SQL: SELECT `jid`,`name`,`size` FROM `think_singlejob` WHERE ( 1=1 AND cid='12' )  [ RunTime:0.000333s ]
SQL: SELECT `jid`,`name`,`size` FROM `think_singlejob` WHERE ( 1=1 AND cid='11' )  [ RunTime:0.000313s ]
SQL: SELECT `jid`,`name`,`size` FROM `think_singlejob` WHERE ( 1=1 AND cid='10' )  [ RunTime:0.000344s ]
SQL: SELECT `jid`,`name`,`size` FROM `think_singlejob` WHERE ( 1=1 AND cid='9' )  [ RunTime:0.000356s ]
SQL: SELECT `jid`,`name`,`size` FROM `think_singlejob` WHERE ( 1=1 AND cid='8' )  [ RunTime:0.000338s ]

[ 2014-04-10T16:37:15+08:00 ] 0.0.0.0 /NewXiaoZhao/index.php/Index/count
INFO: [ route_check ] --START--
INFO: CheckRoute Behavior ::run [ RunTime:0.002023s ]
INFO: [ route_check ] --END-- [ RunTime:0.002245s ]
INFO: [ app_begin ] --START--
INFO: ReadHtmlCache Behavior ::run [ RunTime:0.001211s ]
INFO: [ app_begin ] --END-- [ RunTime:0.001437s ]
SQL: SHOW COLUMNS FROM `think_company` [ RunTime:0.003710s ]
SQL: SELECT COUNT(*) AS tp_count FROM `think_company` LIMIT 1   [ RunTime:0.000538s ]
SQL: SHOW COLUMNS FROM `think_student` [ RunTime:0.004465s ]
SQL: SELECT COUNT(*) AS tp_count FROM `think_student` LIMIT 1   [ RunTime:0.000529s ]

[ 2014-04-10T16:37:21+08:00 ] 0.0.0.0 /NewXiaoZhao/index.php/Company/companyList
INFO: [ route_check ] --START--
INFO: CheckRoute Behavior ::run [ RunTime:0.001007s ]
INFO: [ route_check ] --END-- [ RunTime:0.001175s ]
INFO: [ app_begin ] --START--
INFO: ReadHtmlCache Behavior ::run [ RunTime:0.001794s ]
INFO: [ app_begin ] --END-- [ RunTime:0.001947s ]
SQL: SHOW COLUMNS FROM `think_company` [ RunTime:0.003446s ]
SQL: SELECT `cid`,`name`,`statement`,`avtor` FROM `think_company` ORDER BY cid desc LIMIT 9,18   [ RunTime:0.000649s ]
SQL: SHOW COLUMNS FROM `think_singlejob` [ RunTime:0.003456s ]
SQL: SELECT `jid`,`name`,`size` FROM `think_singlejob` WHERE ( 1=1 AND cid='7' )  [ RunTime:0.000571s ]
SQL: SELECT `jid`,`name`,`size` FROM `think_singlejob` WHERE ( 1=1 AND cid='4' )  [ RunTime:0.000456s ]

[ 2014-04-10T16:37:22+08:00 ] 0.0.0.0 /NewXiaoZhao/index.php/Index/count
INFO: [ route_check ] --START--
INFO: CheckRoute Behavior ::run [ RunTime:0.001007s ]
INFO: [ route_check ] --END-- [ RunTime:0.001213s ]
INFO: [ app_begin ] --START--
INFO: ReadHtmlCache Behavior ::run [ RunTime:0.000865s ]
INFO: [ app_begin ] --END-- [ RunTime:0.001010s ]
SQL: SHOW COLUMNS FROM `think_company` [ RunTime:0.003137s ]
SQL: SELECT COUNT(*) AS tp_count FROM `think_company` LIMIT 1   [ RunTime:0.000484s ]
SQL: SHOW COLUMNS FROM `think_student` [ RunTime:0.003992s ]
SQL: SELECT COUNT(*) AS tp_count FROM `think_student` LIMIT 1   [ RunTime:0.000413s ]

[ 2014-04-10T16:37:26+08:00 ] 0.0.0.0 /NewXiaoZhao/index.php/Company/TopCompany
INFO: [ route_check ] --START--
INFO: CheckRoute Behavior ::run [ RunTime:0.001583s ]
INFO: [ route_check ] --END-- [ RunTime:0.001826s ]
INFO: [ app_begin ] --START--
INFO: ReadHtmlCache Behavior ::run [ RunTime:0.001070s ]
INFO: [ app_begin ] --END-- [ RunTime:0.001287s ]
SQL: SHOW COLUMNS FROM `think_company` [ RunTime:0.005103s ]
SQL: SELECT `cid`,`name`,`kind`,`size`,`times` FROM `think_company` WHERE ( `status` = 1 ) ORDER BY times desc LIMIT 5   [ RunTime:0.000964s ]
SQL: SHOW COLUMNS FROM `think_singlejob` [ RunTime:0.005078s ]
SQL: SELECT COUNT(*) AS tp_count FROM `think_singlejob` WHERE ( `cid` = 9 ) LIMIT 1   [ RunTime:0.000630s ]
SQL: SELECT COUNT(*) AS tp_count FROM `think_singlejob` WHERE ( `cid` = 4 ) LIMIT 1   [ RunTime:0.000354s ]
SQL: SELECT COUNT(*) AS tp_count FROM `think_singlejob` WHERE ( `cid` = 16 ) LIMIT 1   [ RunTime:0.000333s ]
SQL: SELECT COUNT(*) AS tp_count FROM `think_singlejob` WHERE ( `cid` = 8 ) LIMIT 1   [ RunTime:0.000605s ]
SQL: SELECT COUNT(*) AS tp_count FROM `think_singlejob` WHERE ( `cid` = 10 ) LIMIT 1   [ RunTime:0.000523s ]

[ 2014-04-10T16:37:26+08:00 ] 0.0.0.0 /NewXiaoZhao/index.php/Job/TopJob
INFO: [ route_check ] --START--
INFO: CheckRoute Behavior ::run [ RunTime:0.001335s ]
INFO: [ route_check ] --END-- [ RunTime:0.001583s ]
INFO: [ app_begin ] --START--
INFO: ReadHtmlCache Behavior ::run [ RunTime:0.001101s ]
INFO: [ app_begin ] --END-- [ RunTime:0.001299s ]
SQL: SHOW COLUMNS FROM `think_singlejob` [ RunTime:0.005683s ]
SQL: SELECT `jid`,`cid`,`name`,`resumenum`,`size`,`money`,`location` FROM `think_singlejob` ORDER BY resumenum desc LIMIT 5   [ RunTime:0.000907s ]
SQL: SHOW COLUMNS FROM `think_company` [ RunTime:0.005808s ]
SQL: SELECT `name` FROM `think_company` WHERE ( 1=1 AND cid='4' ) LIMIT 1   [ RunTime:0.000876s ]
SQL: SELECT `name` FROM `think_company` WHERE ( 1=1 AND cid='16' ) LIMIT 1   [ RunTime:0.001158s ]
SQL: SELECT `name` FROM `think_company` WHERE ( 1=1 AND cid='9' ) LIMIT 1   [ RunTime:0.000654s ]
SQL: SELECT `name` FROM `think_company` WHERE ( 1=1 AND cid='16' ) LIMIT 1   [ RunTime:0.000643s ]
SQL: SELECT `name` FROM `think_company` WHERE ( 1=1 AND cid='9' ) LIMIT 1   [ RunTime:0.000608s ]

[ 2014-04-10T16:37:26+08:00 ] 0.0.0.0 /NewXiaoZhao/index.php/Index/count
INFO: [ route_check ] --START--
INFO: CheckRoute Behavior ::run [ RunTime:0.001387s ]
INFO: [ route_check ] --END-- [ RunTime:0.001634s ]
INFO: [ app_begin ] --START--
INFO: ReadHtmlCache Behavior ::run [ RunTime:0.000998s ]
INFO: [ app_begin ] --END-- [ RunTime:0.001186s ]
SQL: SHOW COLUMNS FROM `think_company` [ RunTime:0.003741s ]
SQL: SELECT COUNT(*) AS tp_count FROM `think_company` LIMIT 1   [ RunTime:0.000425s ]
SQL: SHOW COLUMNS FROM `think_student` [ RunTime:0.006057s ]
SQL: SELECT COUNT(*) AS tp_count FROM `think_student` LIMIT 1   [ RunTime:0.000722s ]

[ 2014-04-10T16:37:32+08:00 ] 0.0.0.0 /NewXiaoZhao/index.php/Index/count
INFO: [ route_check ] --START--
INFO: CheckRoute Behavior ::run [ RunTime:0.001830s ]
INFO: [ route_check ] --END-- [ RunTime:0.002153s ]
INFO: [ app_begin ] --START--
INFO: ReadHtmlCache Behavior ::run [ RunTime:0.001255s ]
INFO: [ app_begin ] --END-- [ RunTime:0.001520s ]
SQL: SHOW COLUMNS FROM `think_company` [ RunTime:0.003293s ]
SQL: SELECT COUNT(*) AS tp_count FROM `think_company` LIMIT 1   [ RunTime:0.000451s ]
SQL: SHOW COLUMNS FROM `think_student` [ RunTime:0.003308s ]
SQL: SELECT COUNT(*) AS tp_count FROM `think_student` LIMIT 1   [ RunTime:0.000531s ]

[ 2014-04-10T16:37:34+08:00 ] 0.0.0.0 /NewXiaoZhao/index.php/Company/companyList
INFO: [ route_check ] --START--
INFO: CheckRoute Behavior ::run [ RunTime:0.002305s ]
INFO: [ route_check ] --END-- [ RunTime:0.002568s ]
INFO: [ app_begin ] --START--
INFO: ReadHtmlCache Behavior ::run [ RunTime:0.001003s ]
INFO: [ app_begin ] --END-- [ RunTime:0.001211s ]
SQL: SHOW COLUMNS FROM `think_company` [ RunTime:0.004572s ]
SQL: SELECT `cid`,`name`,`statement`,`avtor` FROM `think_company` ORDER BY cid desc LIMIT 0,9   [ RunTime:0.000955s ]
SQL: SHOW COLUMNS FROM `think_singlejob` [ RunTime:0.004981s ]
SQL: SELECT `jid`,`name`,`size` FROM `think_singlejob` WHERE ( 1=1 AND cid='18' )  [ RunTime:0.000760s ]
SQL: SELECT `jid`,`name`,`size` FROM `think_singlejob` WHERE ( 1=1 AND cid='17' )  [ RunTime:0.000624s ]
SQL: SELECT `jid`,`name`,`size` FROM `think_singlejob` WHERE ( 1=1 AND cid='16' )  [ RunTime:0.000514s ]
SQL: SELECT `jid`,`name`,`size` FROM `think_singlejob` WHERE ( 1=1 AND cid='13' )  [ RunTime:0.000585s ]
SQL: SELECT `jid`,`name`,`size` FROM `think_singlejob` WHERE ( 1=1 AND cid='12' )  [ RunTime:0.000703s ]
SQL: SELECT `jid`,`name`,`size` FROM `think_singlejob` WHERE ( 1=1 AND cid='11' )  [ RunTime:0.000786s ]
SQL: SELECT `jid`,`name`,`size` FROM `think_singlejob` WHERE ( 1=1 AND cid='10' )  [ RunTime:0.000683s ]
SQL: SELECT `jid`,`name`,`size` FROM `think_singlejob` WHERE ( 1=1 AND cid='9' )  [ RunTime:0.000971s ]
SQL: SELECT `jid`,`name`,`size` FROM `think_singlejob` WHERE ( 1=1 AND cid='8' )  [ RunTime:0.000903s ]

[ 2014-04-10T16:37:34+08:00 ] 0.0.0.0 /NewXiaoZhao/index.php/Company/companyPageCount
INFO: [ route_check ] --START--
INFO: CheckRoute Behavior ::run [ RunTime:0.001352s ]
INFO: [ route_check ] --END-- [ RunTime:0.001578s ]
INFO: [ app_begin ] --START--
INFO: ReadHtmlCache Behavior ::run [ RunTime:0.000961s ]
INFO: [ app_begin ] --END-- [ RunTime:0.001145s ]
SQL: SHOW COLUMNS FROM `think_company` [ RunTime:0.003742s ]
SQL: SELECT COUNT(*) AS tp_count FROM `think_company` LIMIT 1   [ RunTime:0.000434s ]

[ 2014-04-10T16:37:34+08:00 ] 0.0.0.0 /NewXiaoZhao/index.php/Company/companyList
INFO: [ route_check ] --START--
INFO: CheckRoute Behavior ::run [ RunTime:0.001249s ]
INFO: [ route_check ] --END-- [ RunTime:0.001461s ]
INFO: [ app_begin ] --START--
INFO: ReadHtmlCache Behavior ::run [ RunTime:0.000924s ]
INFO: [ app_begin ] --END-- [ RunTime:0.001109s ]
SQL: SHOW COLUMNS FROM `think_company` [ RunTime:0.004580s ]
SQL: SELECT `cid`,`name`,`statement`,`avtor` FROM `think_company` ORDER BY cid desc LIMIT 0,9   [ RunTime:0.001066s ]
SQL: SHOW COLUMNS FROM `think_singlejob` [ RunTime:0.004547s ]
SQL: SELECT `jid`,`name`,`size` FROM `think_singlejob` WHERE ( 1=1 AND cid='18' )  [ RunTime:0.000742s ]
SQL: SELECT `jid`,`name`,`size` FROM `think_singlejob` WHERE ( 1=1 AND cid='17' )  [ RunTime:0.000513s ]
SQL: SELECT `jid`,`name`,`size` FROM `think_singlejob` WHERE ( 1=1 AND cid='16' )  [ RunTime:0.000450s ]
SQL: SELECT `jid`,`name`,`size` FROM `think_singlejob` WHERE ( 1=1 AND cid='13' )  [ RunTime:0.000417s ]
SQL: SELECT `jid`,`name`,`size` FROM `think_singlejob` WHERE ( 1=1 AND cid='12' )  [ RunTime:0.000413s ]
SQL: SELECT `jid`,`name`,`size` FROM `think_singlejob` WHERE ( 1=1 AND cid='11' )  [ RunTime:0.000457s ]
SQL: SELECT `jid`,`name`,`size` FROM `think_singlejob` WHERE ( 1=1 AND cid='10' )  [ RunTime:0.000478s ]
SQL: SELECT `jid`,`name`,`size` FROM `think_singlejob` WHERE ( 1=1 AND cid='9' )  [ RunTime:0.000494s ]
SQL: SELECT `jid`,`name`,`size` FROM `think_singlejob` WHERE ( 1=1 AND cid='8' )  [ RunTime:0.000638s ]

[ 2014-04-10T16:37:34+08:00 ] 0.0.0.0 /NewXiaoZhao/index.php/Index/count
INFO: [ route_check ] --START--
INFO: CheckRoute Behavior ::run [ RunTime:0.002039s ]
INFO: [ route_check ] --END-- [ RunTime:0.002295s ]
INFO: [ app_begin ] --START--
INFO: ReadHtmlCache Behavior ::run [ RunTime:0.001520s ]
INFO: [ app_begin ] --END-- [ RunTime:0.002039s ]
SQL: SHOW COLUMNS FROM `think_company` [ RunTime:0.005339s ]
SQL: SELECT COUNT(*) AS tp_count FROM `think_company` LIMIT 1   [ RunTime:0.000893s ]
SQL: SHOW COLUMNS FROM `think_student` [ RunTime:0.003776s ]
SQL: SELECT COUNT(*) AS tp_count FROM `think_student` LIMIT 1   [ RunTime:0.000716s ]

[ 2014-04-10T16:37:35+08:00 ] 0.0.0.0 /NewXiaoZhao/index.php/Job/TopJob
INFO: [ route_check ] --START--
INFO: CheckRoute Behavior ::run [ RunTime:0.001310s ]
INFO: [ route_check ] --END-- [ RunTime:0.001545s ]
INFO: [ app_begin ] --START--
INFO: ReadHtmlCache Behavior ::run [ RunTime:0.000903s ]
INFO: [ app_begin ] --END-- [ RunTime:0.001081s ]
SQL: SHOW COLUMNS FROM `think_singlejob` [ RunTime:0.006265s ]
SQL: SELECT `jid`,`cid`,`name`,`resumenum`,`size`,`money`,`location` FROM `think_singlejob` ORDER BY resumenum desc LIMIT 5   [ RunTime:0.000887s ]
SQL: SHOW COLUMNS FROM `think_company` [ RunTime:0.005254s ]
SQL: SELECT `name` FROM `think_company` WHERE ( 1=1 AND cid='4' ) LIMIT 1   [ RunTime:0.000710s ]
SQL: SELECT `name` FROM `think_company` WHERE ( 1=1 AND cid='16' ) LIMIT 1   [ RunTime:0.000627s ]
SQL: SELECT `name` FROM `think_company` WHERE ( 1=1 AND cid='9' ) LIMIT 1   [ RunTime:0.000545s ]
SQL: SELECT `name` FROM `think_company` WHERE ( 1=1 AND cid='16' ) LIMIT 1   [ RunTime:0.000685s ]
SQL: SELECT `name` FROM `think_company` WHERE ( 1=1 AND cid='9' ) LIMIT 1   [ RunTime:0.001390s ]

[ 2014-04-10T16:37:35+08:00 ] 0.0.0.0 /NewXiaoZhao/index.php/Company/TopCompany
INFO: [ route_check ] --START--
INFO: CheckRoute Behavior ::run [ RunTime:0.001214s ]
INFO: [ route_check ] --END-- [ RunTime:0.001419s ]
INFO: [ app_begin ] --START--
INFO: ReadHtmlCache Behavior ::run [ RunTime:0.000983s ]
INFO: [ app_begin ] --END-- [ RunTime:0.001178s ]
SQL: SHOW COLUMNS FROM `think_company` [ RunTime:0.004300s ]
SQL: SELECT `cid`,`name`,`kind`,`size`,`times` FROM `think_company` WHERE ( `status` = 1 ) ORDER BY times desc LIMIT 5   [ RunTime:0.000774s ]
SQL: SHOW COLUMNS FROM `think_singlejob` [ RunTime:0.004334s ]
SQL: SELECT COUNT(*) AS tp_count FROM `think_singlejob` WHERE ( `cid` = 9 ) LIMIT 1   [ RunTime:0.000655s ]
SQL: SELECT COUNT(*) AS tp_count FROM `think_singlejob` WHERE ( `cid` = 4 ) LIMIT 1   [ RunTime:0.000558s ]
SQL: SELECT COUNT(*) AS tp_count FROM `think_singlejob` WHERE ( `cid` = 16 ) LIMIT 1   [ RunTime:0.000518s ]
SQL: SELECT COUNT(*) AS tp_count FROM `think_singlejob` WHERE ( `cid` = 8 ) LIMIT 1   [ RunTime:0.000464s ]
SQL: SELECT COUNT(*) AS tp_count FROM `think_singlejob` WHERE ( `cid` = 10 ) LIMIT 1   [ RunTime:0.000464s ]

[ 2014-04-10T16:37:35+08:00 ] 0.0.0.0 /NewXiaoZhao/index.php/Index/count
INFO: [ route_check ] --START--
INFO: CheckRoute Behavior ::run [ RunTime:0.001422s ]
INFO: [ route_check ] --END-- [ RunTime:0.001668s ]
INFO: [ app_begin ] --START--
INFO: ReadHtmlCache Behavior ::run [ RunTime:0.001028s ]
INFO: [ app_begin ] --END-- [ RunTime:0.001242s ]
SQL: SHOW COLUMNS FROM `think_company` [ RunTime:0.003450s ]
SQL: SELECT COUNT(*) AS tp_count FROM `think_company` LIMIT 1   [ RunTime:0.000461s ]
SQL: SHOW COLUMNS FROM `think_student` [ RunTime:0.005821s ]
SQL: SELECT COUNT(*) AS tp_count FROM `think_student` LIMIT 1   [ RunTime:0.001022s ]

