[ 2014-04-11T09:44:50+08:00 ] 0.0.0.0 /NewXiaoZhao/
INFO: [ app_begin ] --START--
INFO: ReadHtmlCache Behavior ::run [ RunTime:0.001125s ]
INFO: [ app_begin ] --END-- [ RunTime:0.001303s ]
NOTIC: [2] Missing argument 1 for Action::show(), called in D:\PHPlearn\NewXiaoZhao\Lib\Action\IndexAction.class.php on line 6 and defined D:\PHPlearn\NewXiaoZhao\ThinkPHP\Lib\Core\Action.class.php 第 107 行.
NOTIC: [8] Undefined variable: content D:\PHPlearn\NewXiaoZhao\ThinkPHP\Lib\Core\Action.class.php 第 108 行.
INFO: [ view_parse ] --START--
INFO: ParseTemplate Behavior ::run [ RunTime:0.074461s ]
INFO: [ view_parse ] --END-- [ RunTime:0.074629s ]
INFO: [ view_filter ] --START--
INFO: ContentReplace Behavior ::run [ RunTime:0.000868s ]
INFO: TokenBuild Behavior ::run [ RunTime:0.020978s ]
INFO: WriteHtmlCache Behavior ::run [ RunTime:0.019816s ]
INFO: ShowRuntime Behavior ::run [ RunTime:0.001037s ]
INFO: [ view_filter ] --END-- [ RunTime:0.043081s ]
INFO: [ view_end ] --START--
INFO: ShowPageTrace Behavior ::run [ RunTime:0.000931s ]
INFO: [ view_end ] --END-- [ RunTime:0.001036s ]

[ 2014-04-11T09:44:52+08:00 ] 0.0.0.0 /NewXiaoZhao/index.php/Job/TopJob
INFO: [ route_check ] --START--
INFO: CheckRoute Behavior ::run [ RunTime:0.014959s ]
INFO: [ route_check ] --END-- [ RunTime:0.015181s ]
INFO: [ app_begin ] --START--
INFO: ReadHtmlCache Behavior ::run [ RunTime:0.001328s ]
INFO: [ app_begin ] --END-- [ RunTime:0.001537s ]
SQL: SHOW COLUMNS FROM `think_singlejob` [ RunTime:0.228294s ]
SQL: SELECT `jid`,`cid`,`name`,`resumenum`,`size`,`money`,`location` FROM `think_singlejob` ORDER BY resumenum desc LIMIT 5   [ RunTime:0.096127s ]
SQL: SHOW COLUMNS FROM `think_company` [ RunTime:0.206825s ]
SQL: SELECT `name` FROM `think_company` WHERE ( 1=1 AND cid='4' ) LIMIT 1   [ RunTime:0.002390s ]
SQL: SELECT `name` FROM `think_company` WHERE ( 1=1 AND cid='16' ) LIMIT 1   [ RunTime:0.027846s ]
SQL: SELECT `name` FROM `think_company` WHERE ( 1=1 AND cid='9' ) LIMIT 1   [ RunTime:0.000630s ]
SQL: SELECT `name` FROM `think_company` WHERE ( 1=1 AND cid='16' ) LIMIT 1   [ RunTime:0.000485s ]
SQL: SELECT `name` FROM `think_company` WHERE ( 1=1 AND cid='9' ) LIMIT 1   [ RunTime:0.000378s ]

[ 2014-04-11T09:44:52+08:00 ] 0.0.0.0 /NewXiaoZhao/index.php/Company/TopCompany
INFO: [ route_check ] --START--
INFO: CheckRoute Behavior ::run [ RunTime:0.022133s ]
INFO: [ route_check ] --END-- [ RunTime:0.022415s ]
INFO: [ app_begin ] --START--
INFO: ReadHtmlCache Behavior ::run [ RunTime:0.001294s ]
INFO: [ app_begin ] --END-- [ RunTime:0.001603s ]
SQL: SHOW COLUMNS FROM `think_company` [ RunTime:0.003569s ]
SQL: SELECT `cid`,`name`,`kind`,`size`,`times` FROM `think_company` WHERE ( `status` = 1 ) ORDER BY times desc LIMIT 5   [ RunTime:0.000651s ]
SQL: SHOW COLUMNS FROM `think_singlejob` [ RunTime:0.002920s ]
SQL: SELECT COUNT(*) AS tp_count FROM `think_singlejob` WHERE ( `cid` = 9 ) LIMIT 1   [ RunTime:0.000425s ]
SQL: SELECT COUNT(*) AS tp_count FROM `think_singlejob` WHERE ( `cid` = 4 ) LIMIT 1   [ RunTime:0.000260s ]
SQL: SELECT COUNT(*) AS tp_count FROM `think_singlejob` WHERE ( `cid` = 16 ) LIMIT 1   [ RunTime:0.000256s ]
SQL: SELECT COUNT(*) AS tp_count FROM `think_singlejob` WHERE ( `cid` = 8 ) LIMIT 1   [ RunTime:0.000270s ]
SQL: SELECT COUNT(*) AS tp_count FROM `think_singlejob` WHERE ( `cid` = 10 ) LIMIT 1   [ RunTime:0.000256s ]

[ 2014-04-11T09:44:52+08:00 ] 0.0.0.0 /NewXiaoZhao/index.php/Index/count
INFO: [ route_check ] --START--
INFO: CheckRoute Behavior ::run [ RunTime:0.001004s ]
INFO: [ route_check ] --END-- [ RunTime:0.001152s ]
INFO: [ app_begin ] --START--
INFO: ReadHtmlCache Behavior ::run [ RunTime:0.000758s ]
INFO: [ app_begin ] --END-- [ RunTime:0.000871s ]
SQL: SHOW COLUMNS FROM `think_company` [ RunTime:0.003004s ]
SQL: SELECT COUNT(*) AS tp_count FROM `think_company` LIMIT 1   [ RunTime:0.000339s ]
SQL: SHOW COLUMNS FROM `think_student` [ RunTime:0.186738s ]
SQL: SELECT COUNT(*) AS tp_count FROM `think_student` LIMIT 1   [ RunTime:0.000498s ]

[ 2014-04-11T10:06:12+08:00 ] 0.0.0.0 /NewXiaoZhao/index.php/Company/getCompanyBasicInfo
INFO: [ route_check ] --START--
INFO: CheckRoute Behavior ::run [ RunTime:0.001501s ]
INFO: [ route_check ] --END-- [ RunTime:0.001793s ]
INFO: [ app_begin ] --START--
INFO: ReadHtmlCache Behavior ::run [ RunTime:0.001350s ]
INFO: [ app_begin ] --END-- [ RunTime:0.001648s ]
SQL: SHOW COLUMNS FROM `think_company` [ RunTime:0.004813s ]
SQL: SELECT * FROM `think_company` WHERE ( `cid` = 9 ) LIMIT 1   [ RunTime:0.001020s ]

[ 2014-04-11T10:06:12+08:00 ] 0.0.0.0 /NewXiaoZhao/index.php/Company/getCompanyBasicInfo
INFO: [ route_check ] --START--
INFO: CheckRoute Behavior ::run [ RunTime:0.001560s ]
INFO: [ route_check ] --END-- [ RunTime:0.001850s ]
INFO: [ app_begin ] --START--
INFO: ReadHtmlCache Behavior ::run [ RunTime:0.001327s ]
INFO: [ app_begin ] --END-- [ RunTime:0.001571s ]
SQL: SHOW COLUMNS FROM `think_company` [ RunTime:0.005321s ]
SQL: SELECT * FROM `think_company` WHERE ( `cid` = 9 ) LIMIT 1   [ RunTime:0.000970s ]

[ 2014-04-11T10:06:12+08:00 ] 0.0.0.0 /NewXiaoZhao/index.php/Company/joblist
INFO: [ route_check ] --START--
INFO: CheckRoute Behavior ::run [ RunTime:0.001502s ]
INFO: [ route_check ] --END-- [ RunTime:0.002573s ]
INFO: [ app_begin ] --START--
INFO: ReadHtmlCache Behavior ::run [ RunTime:0.001075s ]
INFO: [ app_begin ] --END-- [ RunTime:0.001303s ]
SQL: SHOW COLUMNS FROM `think_singlejob` [ RunTime:0.005873s ]
SQL: SELECT * FROM `think_singlejob` WHERE ( `cid` = 9 ) ORDER BY jid desc  [ RunTime:0.001594s ]

[ 2014-04-11T10:06:12+08:00 ] 0.0.0.0 /NewXiaoZhao/index.php/Company/joblist
INFO: [ route_check ] --START--
INFO: CheckRoute Behavior ::run [ RunTime:0.002358s ]
INFO: [ route_check ] --END-- [ RunTime:0.002633s ]
INFO: [ app_begin ] --START--
INFO: ReadHtmlCache Behavior ::run [ RunTime:0.001703s ]
INFO: [ app_begin ] --END-- [ RunTime:0.001919s ]
SQL: SHOW COLUMNS FROM `think_singlejob` [ RunTime:0.003326s ]
SQL: SELECT * FROM `think_singlejob` WHERE ( `cid` = 9 ) ORDER BY jid desc  [ RunTime:0.001032s ]

[ 2014-04-11T10:06:12+08:00 ] 0.0.0.0 /NewXiaoZhao/index.php/Index/count
INFO: [ route_check ] --START--
INFO: CheckRoute Behavior ::run [ RunTime:0.001522s ]
INFO: [ route_check ] --END-- [ RunTime:0.001766s ]
INFO: [ app_begin ] --START--
INFO: ReadHtmlCache Behavior ::run [ RunTime:0.001391s ]
INFO: [ app_begin ] --END-- [ RunTime:0.001635s ]
SQL: SHOW COLUMNS FROM `think_company` [ RunTime:0.003119s ]
SQL: SELECT COUNT(*) AS tp_count FROM `think_company` LIMIT 1   [ RunTime:0.000376s ]
SQL: SHOW COLUMNS FROM `think_student` [ RunTime:0.002721s ]
SQL: SELECT COUNT(*) AS tp_count FROM `think_student` LIMIT 1   [ RunTime:0.000335s ]

[ 2014-04-11T10:06:17+08:00 ] 0.0.0.0 /NewXiaoZhao/index.php/Job/singlejob
INFO: [ route_check ] --START--
INFO: CheckRoute Behavior ::run [ RunTime:0.001387s ]
INFO: [ route_check ] --END-- [ RunTime:0.002057s ]
INFO: [ app_begin ] --START--
INFO: ReadHtmlCache Behavior ::run [ RunTime:0.001093s ]
INFO: [ app_begin ] --END-- [ RunTime:0.001294s ]
SQL: SHOW COLUMNS FROM `think_singlejob` [ RunTime:0.004021s ]
SQL: SELECT * FROM `think_singlejob` WHERE ( `jid` = 50 ) LIMIT 1   [ RunTime:0.000652s ]

[ 2014-04-11T10:06:17+08:00 ] 0.0.0.0 /NewXiaoZhao/index.php/Job/singlejob
INFO: [ route_check ] --START--
INFO: CheckRoute Behavior ::run [ RunTime:0.001263s ]
INFO: [ route_check ] --END-- [ RunTime:0.001512s ]
INFO: [ app_begin ] --START--
INFO: ReadHtmlCache Behavior ::run [ RunTime:0.000947s ]
INFO: [ app_begin ] --END-- [ RunTime:0.001146s ]
SQL: SHOW COLUMNS FROM `think_singlejob` [ RunTime:0.005397s ]
SQL: SELECT * FROM `think_singlejob` WHERE ( `jid` = 50 ) LIMIT 1   [ RunTime:0.001099s ]

[ 2014-04-11T10:06:17+08:00 ] 0.0.0.0 /NewXiaoZhao/index.php/Index/count
INFO: [ route_check ] --START--
INFO: CheckRoute Behavior ::run [ RunTime:0.001445s ]
INFO: [ route_check ] --END-- [ RunTime:0.001728s ]
INFO: [ app_begin ] --START--
INFO: ReadHtmlCache Behavior ::run [ RunTime:0.001031s ]
INFO: [ app_begin ] --END-- [ RunTime:0.001215s ]
SQL: SHOW COLUMNS FROM `think_company` [ RunTime:0.004276s ]
SQL: SELECT COUNT(*) AS tp_count FROM `think_company` LIMIT 1   [ RunTime:0.000433s ]
SQL: SHOW COLUMNS FROM `think_student` [ RunTime:0.003005s ]
SQL: SELECT COUNT(*) AS tp_count FROM `think_student` LIMIT 1   [ RunTime:0.000354s ]

[ 2014-04-11T10:06:17+08:00 ] 0.0.0.0 /NewXiaoZhao/index.php/Company/getCompanyBasicInfo
INFO: [ route_check ] --START--
INFO: CheckRoute Behavior ::run [ RunTime:0.001664s ]
INFO: [ route_check ] --END-- [ RunTime:0.001921s ]
INFO: [ app_begin ] --START--
INFO: ReadHtmlCache Behavior ::run [ RunTime:0.001135s ]
INFO: [ app_begin ] --END-- [ RunTime:0.001354s ]
SQL: SHOW COLUMNS FROM `think_company` [ RunTime:0.003393s ]
SQL: SELECT * FROM `think_company` WHERE ( `cid` = 9 ) LIMIT 1   [ RunTime:0.000601s ]

[ 2014-04-11T10:06:17+08:00 ] 0.0.0.0 /NewXiaoZhao/index.php/Company/getCompanyBasicInfo
INFO: [ route_check ] --START--
INFO: CheckRoute Behavior ::run [ RunTime:0.000894s ]
INFO: [ route_check ] --END-- [ RunTime:0.001043s ]
INFO: [ app_begin ] --START--
INFO: ReadHtmlCache Behavior ::run [ RunTime:0.000650s ]
INFO: [ app_begin ] --END-- [ RunTime:0.000758s ]
SQL: SHOW COLUMNS FROM `think_company` [ RunTime:0.005182s ]
SQL: SELECT * FROM `think_company` WHERE ( `cid` = 9 ) LIMIT 1   [ RunTime:0.001070s ]

[ 2014-04-11T10:06:22+08:00 ] 0.0.0.0 /NewXiaoZhao/index.php/PostResume/post
INFO: [ route_check ] --START--
INFO: CheckRoute Behavior ::run [ RunTime:0.001046s ]
INFO: [ route_check ] --END-- [ RunTime:0.001232s ]
INFO: [ app_begin ] --START--
INFO: ReadHtmlCache Behavior ::run [ RunTime:0.001631s ]
INFO: [ app_begin ] --END-- [ RunTime:0.001767s ]

[ 2014-04-11T10:06:27+08:00 ] 0.0.0.0 /NewXiaoZhao/index.php/Company/TopCompany
INFO: [ route_check ] --START--
INFO: CheckRoute Behavior ::run [ RunTime:0.001355s ]
INFO: [ route_check ] --END-- [ RunTime:0.001600s ]
INFO: [ app_begin ] --START--
INFO: ReadHtmlCache Behavior ::run [ RunTime:0.000990s ]
INFO: [ app_begin ] --END-- [ RunTime:0.001187s ]
SQL: SHOW COLUMNS FROM `think_company` [ RunTime:0.004651s ]
SQL: SELECT `cid`,`name`,`kind`,`size`,`times` FROM `think_company` WHERE ( `status` = 1 ) ORDER BY times desc LIMIT 5   [ RunTime:0.000826s ]
SQL: SHOW COLUMNS FROM `think_singlejob` [ RunTime:0.004335s ]
SQL: SELECT COUNT(*) AS tp_count FROM `think_singlejob` WHERE ( `cid` = 9 ) LIMIT 1   [ RunTime:0.000817s ]
SQL: SELECT COUNT(*) AS tp_count FROM `think_singlejob` WHERE ( `cid` = 4 ) LIMIT 1   [ RunTime:0.000630s ]
SQL: SELECT COUNT(*) AS tp_count FROM `think_singlejob` WHERE ( `cid` = 16 ) LIMIT 1   [ RunTime:0.000515s ]
SQL: SELECT COUNT(*) AS tp_count FROM `think_singlejob` WHERE ( `cid` = 8 ) LIMIT 1   [ RunTime:0.000481s ]
SQL: SELECT COUNT(*) AS tp_count FROM `think_singlejob` WHERE ( `cid` = 10 ) LIMIT 1   [ RunTime:0.000472s ]

[ 2014-04-11T10:06:27+08:00 ] 0.0.0.0 /NewXiaoZhao/index.php/Job/TopJob
INFO: [ route_check ] --START--
INFO: CheckRoute Behavior ::run [ RunTime:0.001350s ]
INFO: [ route_check ] --END-- [ RunTime:0.001600s ]
INFO: [ app_begin ] --START--
INFO: ReadHtmlCache Behavior ::run [ RunTime:0.001268s ]
INFO: [ app_begin ] --END-- [ RunTime:0.001473s ]
SQL: SHOW COLUMNS FROM `think_singlejob` [ RunTime:0.005797s ]
SQL: SELECT `jid`,`cid`,`name`,`resumenum`,`size`,`money`,`location` FROM `think_singlejob` ORDER BY resumenum desc LIMIT 5   [ RunTime:0.001174s ]
SQL: SHOW COLUMNS FROM `think_company` [ RunTime:0.005719s ]
SQL: SELECT `name` FROM `think_company` WHERE ( 1=1 AND cid='4' ) LIMIT 1   [ RunTime:0.000674s ]
SQL: SELECT `name` FROM `think_company` WHERE ( 1=1 AND cid='16' ) LIMIT 1   [ RunTime:0.000587s ]
SQL: SELECT `name` FROM `think_company` WHERE ( 1=1 AND cid='9' ) LIMIT 1   [ RunTime:0.000492s ]
SQL: SELECT `name` FROM `think_company` WHERE ( 1=1 AND cid='16' ) LIMIT 1   [ RunTime:0.000518s ]
SQL: SELECT `name` FROM `think_company` WHERE ( 1=1 AND cid='9' ) LIMIT 1   [ RunTime:0.000504s ]

[ 2014-04-11T10:06:27+08:00 ] 0.0.0.0 /NewXiaoZhao/index.php/Index/count
INFO: [ route_check ] --START--
INFO: CheckRoute Behavior ::run [ RunTime:0.001380s ]
INFO: [ route_check ] --END-- [ RunTime:0.001628s ]
INFO: [ app_begin ] --START--
INFO: ReadHtmlCache Behavior ::run [ RunTime:0.001111s ]
INFO: [ app_begin ] --END-- [ RunTime:0.001336s ]
SQL: SHOW COLUMNS FROM `think_company` [ RunTime:0.004523s ]
SQL: SELECT COUNT(*) AS tp_count FROM `think_company` LIMIT 1   [ RunTime:0.000578s ]
SQL: SHOW COLUMNS FROM `think_student` [ RunTime:0.004159s ]
SQL: SELECT COUNT(*) AS tp_count FROM `think_student` LIMIT 1   [ RunTime:0.000461s ]

[ 2014-04-11T10:06:33+08:00 ] 0.0.0.0 /NewXiaoZhao/index.php/Company/TopCompany
INFO: [ route_check ] --START--
INFO: CheckRoute Behavior ::run [ RunTime:0.001495s ]
INFO: [ route_check ] --END-- [ RunTime:0.001752s ]
INFO: [ app_begin ] --START--
INFO: ReadHtmlCache Behavior ::run [ RunTime:0.001041s ]
INFO: [ app_begin ] --END-- [ RunTime:0.001247s ]
SQL: SHOW COLUMNS FROM `think_company` [ RunTime:0.004387s ]
SQL: SELECT `cid`,`name`,`kind`,`size`,`times` FROM `think_company` WHERE ( `status` = 1 ) ORDER BY times desc LIMIT 5   [ RunTime:0.000834s ]
SQL: SHOW COLUMNS FROM `think_singlejob` [ RunTime:0.005693s ]
SQL: SELECT COUNT(*) AS tp_count FROM `think_singlejob` WHERE ( `cid` = 9 ) LIMIT 1   [ RunTime:0.000861s ]
SQL: SELECT COUNT(*) AS tp_count FROM `think_singlejob` WHERE ( `cid` = 4 ) LIMIT 1   [ RunTime:0.000827s ]
SQL: SELECT COUNT(*) AS tp_count FROM `think_singlejob` WHERE ( `cid` = 16 ) LIMIT 1   [ RunTime:0.000654s ]
SQL: SELECT COUNT(*) AS tp_count FROM `think_singlejob` WHERE ( `cid` = 8 ) LIMIT 1   [ RunTime:0.000693s ]
SQL: SELECT COUNT(*) AS tp_count FROM `think_singlejob` WHERE ( `cid` = 10 ) LIMIT 1   [ RunTime:0.000472s ]

[ 2014-04-11T10:06:33+08:00 ] 0.0.0.0 /NewXiaoZhao/index.php/Job/TopJob
INFO: [ route_check ] --START--
INFO: CheckRoute Behavior ::run [ RunTime:0.001396s ]
INFO: [ route_check ] --END-- [ RunTime:0.001637s ]
INFO: [ app_begin ] --START--
INFO: ReadHtmlCache Behavior ::run [ RunTime:0.001001s ]
INFO: [ app_begin ] --END-- [ RunTime:0.001204s ]
SQL: SHOW COLUMNS FROM `think_singlejob` [ RunTime:0.003279s ]
SQL: SELECT `jid`,`cid`,`name`,`resumenum`,`size`,`money`,`location` FROM `think_singlejob` ORDER BY resumenum desc LIMIT 5   [ RunTime:0.000659s ]
SQL: SHOW COLUMNS FROM `think_company` [ RunTime:0.006155s ]
SQL: SELECT `name` FROM `think_company` WHERE ( 1=1 AND cid='4' ) LIMIT 1   [ RunTime:0.000733s ]
SQL: SELECT `name` FROM `think_company` WHERE ( 1=1 AND cid='16' ) LIMIT 1   [ RunTime:0.000869s ]
SQL: SELECT `name` FROM `think_company` WHERE ( 1=1 AND cid='9' ) LIMIT 1   [ RunTime:0.000803s ]
SQL: SELECT `name` FROM `think_company` WHERE ( 1=1 AND cid='16' ) LIMIT 1   [ RunTime:0.000756s ]
SQL: SELECT `name` FROM `think_company` WHERE ( 1=1 AND cid='9' ) LIMIT 1   [ RunTime:0.000582s ]

[ 2014-04-11T10:06:33+08:00 ] 0.0.0.0 /NewXiaoZhao/index.php/Index/count
INFO: [ route_check ] --START--
INFO: CheckRoute Behavior ::run [ RunTime:0.001441s ]
INFO: [ route_check ] --END-- [ RunTime:0.001692s ]
INFO: [ app_begin ] --START--
INFO: ReadHtmlCache Behavior ::run [ RunTime:0.001165s ]
INFO: [ app_begin ] --END-- [ RunTime:0.001368s ]
SQL: SHOW COLUMNS FROM `think_company` [ RunTime:0.004201s ]
SQL: SELECT COUNT(*) AS tp_count FROM `think_company` LIMIT 1   [ RunTime:0.000448s ]
SQL: SHOW COLUMNS FROM `think_student` [ RunTime:0.003350s ]
SQL: SELECT COUNT(*) AS tp_count FROM `think_student` LIMIT 1   [ RunTime:0.000490s ]

[ 2014-04-11T11:05:21+08:00 ] 0.0.0.0 /NewXiaoZhao/index.php/Company/companyList
INFO: [ route_check ] --START--
INFO: CheckRoute Behavior ::run [ RunTime:0.001594s ]
INFO: [ route_check ] --END-- [ RunTime:0.001854s ]
INFO: [ app_begin ] --START--
INFO: ReadHtmlCache Behavior ::run [ RunTime:0.001075s ]
INFO: [ app_begin ] --END-- [ RunTime:0.001278s ]
SQL: SHOW COLUMNS FROM `think_company` [ RunTime:0.007011s ]
SQL: SELECT `cid`,`name`,`statement`,`avtor` FROM `think_company` ORDER BY cid desc LIMIT 0,9   [ RunTime:0.001322s ]
SQL: SHOW COLUMNS FROM `think_singlejob` [ RunTime:0.004874s ]
SQL: SELECT `jid`,`name`,`size` FROM `think_singlejob` WHERE ( 1=1 AND cid='18' )  [ RunTime:0.000940s ]
SQL: SELECT `jid`,`name`,`size` FROM `think_singlejob` WHERE ( 1=1 AND cid='17' )  [ RunTime:0.000690s ]
SQL: SELECT `jid`,`name`,`size` FROM `think_singlejob` WHERE ( 1=1 AND cid='16' )  [ RunTime:0.000725s ]
SQL: SELECT `jid`,`name`,`size` FROM `think_singlejob` WHERE ( 1=1 AND cid='13' )  [ RunTime:0.000572s ]
SQL: SELECT `jid`,`name`,`size` FROM `think_singlejob` WHERE ( 1=1 AND cid='12' )  [ RunTime:0.000572s ]
SQL: SELECT `jid`,`name`,`size` FROM `think_singlejob` WHERE ( 1=1 AND cid='11' )  [ RunTime:0.000740s ]
SQL: SELECT `jid`,`name`,`size` FROM `think_singlejob` WHERE ( 1=1 AND cid='10' )  [ RunTime:0.000644s ]
SQL: SELECT `jid`,`name`,`size` FROM `think_singlejob` WHERE ( 1=1 AND cid='9' )  [ RunTime:0.000617s ]
SQL: SELECT `jid`,`name`,`size` FROM `think_singlejob` WHERE ( 1=1 AND cid='8' )  [ RunTime:0.000556s ]

[ 2014-04-11T11:05:21+08:00 ] 0.0.0.0 /NewXiaoZhao/index.php/Company/companyList
INFO: [ route_check ] --START--
INFO: CheckRoute Behavior ::run [ RunTime:0.001825s ]
INFO: [ route_check ] --END-- [ RunTime:0.002079s ]
INFO: [ app_begin ] --START--
INFO: ReadHtmlCache Behavior ::run [ RunTime:0.001199s ]
INFO: [ app_begin ] --END-- [ RunTime:0.001414s ]
SQL: SHOW COLUMNS FROM `think_company` [ RunTime:0.004767s ]
SQL: SELECT `cid`,`name`,`statement`,`avtor` FROM `think_company` ORDER BY cid desc LIMIT 0,9   [ RunTime:0.000906s ]
SQL: SHOW COLUMNS FROM `think_singlejob` [ RunTime:0.004273s ]
SQL: SELECT `jid`,`name`,`size` FROM `think_singlejob` WHERE ( 1=1 AND cid='18' )  [ RunTime:0.001223s ]
SQL: SELECT `jid`,`name`,`size` FROM `think_singlejob` WHERE ( 1=1 AND cid='17' )  [ RunTime:0.000875s ]
SQL: SELECT `jid`,`name`,`size` FROM `think_singlejob` WHERE ( 1=1 AND cid='16' )  [ RunTime:0.000761s ]
SQL: SELECT `jid`,`name`,`size` FROM `think_singlejob` WHERE ( 1=1 AND cid='13' )  [ RunTime:0.001072s ]
SQL: SELECT `jid`,`name`,`size` FROM `think_singlejob` WHERE ( 1=1 AND cid='12' )  [ RunTime:0.000861s ]
SQL: SELECT `jid`,`name`,`size` FROM `think_singlejob` WHERE ( 1=1 AND cid='11' )  [ RunTime:0.000755s ]
SQL: SELECT `jid`,`name`,`size` FROM `think_singlejob` WHERE ( 1=1 AND cid='10' )  [ RunTime:0.000849s ]
SQL: SELECT `jid`,`name`,`size` FROM `think_singlejob` WHERE ( 1=1 AND cid='9' )  [ RunTime:0.000910s ]
SQL: SELECT `jid`,`name`,`size` FROM `think_singlejob` WHERE ( 1=1 AND cid='8' )  [ RunTime:0.000819s ]

[ 2014-04-11T11:05:21+08:00 ] 0.0.0.0 /NewXiaoZhao/index.php/Company/companyPageCount
INFO: [ route_check ] --START--
INFO: CheckRoute Behavior ::run [ RunTime:0.001772s ]
INFO: [ route_check ] --END-- [ RunTime:0.002074s ]
INFO: [ app_begin ] --START--
INFO: ReadHtmlCache Behavior ::run [ RunTime:0.001276s ]
INFO: [ app_begin ] --END-- [ RunTime:0.001502s ]
SQL: SHOW COLUMNS FROM `think_company` [ RunTime:0.004865s ]
SQL: SELECT COUNT(*) AS tp_count FROM `think_company` LIMIT 1   [ RunTime:0.000670s ]

[ 2014-04-11T11:05:21+08:00 ] 0.0.0.0 /NewXiaoZhao/index.php/Index/count
INFO: [ route_check ] --START--
INFO: CheckRoute Behavior ::run [ RunTime:0.001915s ]
INFO: [ route_check ] --END-- [ RunTime:0.002204s ]
INFO: [ app_begin ] --START--
INFO: ReadHtmlCache Behavior ::run [ RunTime:0.001289s ]
INFO: [ app_begin ] --END-- [ RunTime:0.001493s ]
SQL: SHOW COLUMNS FROM `think_company` [ RunTime:0.004636s ]
SQL: SELECT COUNT(*) AS tp_count FROM `think_company` LIMIT 1   [ RunTime:0.000625s ]
SQL: SHOW COLUMNS FROM `think_student` [ RunTime:0.004146s ]
SQL: SELECT COUNT(*) AS tp_count FROM `think_student` LIMIT 1   [ RunTime:0.000642s ]

[ 2014-04-11T11:05:25+08:00 ] 0.0.0.0 /NewXiaoZhao/index.php/Company/joblist
INFO: [ route_check ] --START--
INFO: CheckRoute Behavior ::run [ RunTime:0.001233s ]
INFO: [ route_check ] --END-- [ RunTime:0.001475s ]
INFO: [ app_begin ] --START--
INFO: ReadHtmlCache Behavior ::run [ RunTime:0.002309s ]
INFO: [ app_begin ] --END-- [ RunTime:0.002529s ]
SQL: SHOW COLUMNS FROM `think_singlejob` [ RunTime:0.004610s ]
SQL: SELECT * FROM `think_singlejob` WHERE ( `cid` = 18 ) ORDER BY jid desc  [ RunTime:0.001441s ]

[ 2014-04-11T11:05:25+08:00 ] 0.0.0.0 /NewXiaoZhao/index.php/Company/joblist
INFO: [ route_check ] --START--
INFO: CheckRoute Behavior ::run [ RunTime:0.001338s ]
INFO: [ route_check ] --END-- [ RunTime:0.001543s ]
INFO: [ app_begin ] --START--
INFO: ReadHtmlCache Behavior ::run [ RunTime:0.000925s ]
INFO: [ app_begin ] --END-- [ RunTime:0.001097s ]
SQL: SHOW COLUMNS FROM `think_singlejob` [ RunTime:0.005089s ]
SQL: SELECT * FROM `think_singlejob` WHERE ( `cid` = 18 ) ORDER BY jid desc  [ RunTime:0.001410s ]

[ 2014-04-11T11:05:25+08:00 ] 0.0.0.0 /NewXiaoZhao/index.php/Company/getCompanyBasicInfo
INFO: [ route_check ] --START--
INFO: CheckRoute Behavior ::run [ RunTime:0.001470s ]
INFO: [ route_check ] --END-- [ RunTime:0.001702s ]
INFO: [ app_begin ] --START--
INFO: ReadHtmlCache Behavior ::run [ RunTime:0.001922s ]
INFO: [ app_begin ] --END-- [ RunTime:0.002153s ]
SQL: SHOW COLUMNS FROM `think_company` [ RunTime:0.004478s ]
SQL: SELECT * FROM `think_company` WHERE ( `cid` = 18 ) LIMIT 1   [ RunTime:0.000756s ]

[ 2014-04-11T11:05:25+08:00 ] 0.0.0.0 /NewXiaoZhao/index.php/Company/getCompanyBasicInfo
INFO: [ route_check ] --START--
INFO: CheckRoute Behavior ::run [ RunTime:0.001522s ]
INFO: [ route_check ] --END-- [ RunTime:0.001788s ]
INFO: [ app_begin ] --START--
INFO: ReadHtmlCache Behavior ::run [ RunTime:0.001143s ]
INFO: [ app_begin ] --END-- [ RunTime:0.001361s ]
SQL: SHOW COLUMNS FROM `think_company` [ RunTime:0.004295s ]
SQL: SELECT * FROM `think_company` WHERE ( `cid` = 18 ) LIMIT 1   [ RunTime:0.000713s ]

[ 2014-04-11T11:05:25+08:00 ] 0.0.0.0 /NewXiaoZhao/index.php/Index/count
INFO: [ route_check ] --START--
INFO: CheckRoute Behavior ::run [ RunTime:0.001449s ]
INFO: [ route_check ] --END-- [ RunTime:0.001715s ]
INFO: [ app_begin ] --START--
INFO: ReadHtmlCache Behavior ::run [ RunTime:0.001209s ]
INFO: [ app_begin ] --END-- [ RunTime:0.001463s ]
SQL: SHOW COLUMNS FROM `think_company` [ RunTime:0.004890s ]
SQL: SELECT COUNT(*) AS tp_count FROM `think_company` LIMIT 1   [ RunTime:0.000622s ]
SQL: SHOW COLUMNS FROM `think_student` [ RunTime:0.004104s ]
SQL: SELECT COUNT(*) AS tp_count FROM `think_student` LIMIT 1   [ RunTime:0.000618s ]

[ 2014-04-11T11:06:10+08:00 ] 0.0.0.0 /NewXiaoZhao/index.php/Company/companyPageCount
INFO: [ route_check ] --START--
INFO: CheckRoute Behavior ::run [ RunTime:0.001401s ]
INFO: [ route_check ] --END-- [ RunTime:0.001658s ]
INFO: [ app_begin ] --START--
INFO: ReadHtmlCache Behavior ::run [ RunTime:0.001035s ]
INFO: [ app_begin ] --END-- [ RunTime:0.001316s ]
SQL: SHOW COLUMNS FROM `think_company` [ RunTime:0.003023s ]
SQL: SELECT COUNT(*) AS tp_count FROM `think_company` LIMIT 1   [ RunTime:0.000350s ]

[ 2014-04-11T11:06:10+08:00 ] 0.0.0.0 /NewXiaoZhao/index.php/Company/companyList
INFO: [ route_check ] --START--
INFO: CheckRoute Behavior ::run [ RunTime:0.002878s ]
INFO: [ route_check ] --END-- [ RunTime:0.003115s ]
INFO: [ app_begin ] --START--
INFO: ReadHtmlCache Behavior ::run [ RunTime:0.002132s ]
INFO: [ app_begin ] --END-- [ RunTime:0.002328s ]
SQL: SHOW COLUMNS FROM `think_company` [ RunTime:0.004771s ]
SQL: SELECT `cid`,`name`,`statement`,`avtor` FROM `think_company` ORDER BY cid desc LIMIT 0,9   [ RunTime:0.001118s ]
SQL: SHOW COLUMNS FROM `think_singlejob` [ RunTime:0.003694s ]
SQL: SELECT `jid`,`name`,`size` FROM `think_singlejob` WHERE ( 1=1 AND cid='18' )  [ RunTime:0.000488s ]
SQL: SELECT `jid`,`name`,`size` FROM `think_singlejob` WHERE ( 1=1 AND cid='17' )  [ RunTime:0.000375s ]
SQL: SELECT `jid`,`name`,`size` FROM `think_singlejob` WHERE ( 1=1 AND cid='16' )  [ RunTime:0.000398s ]
SQL: SELECT `jid`,`name`,`size` FROM `think_singlejob` WHERE ( 1=1 AND cid='13' )  [ RunTime:0.000522s ]
SQL: SELECT `jid`,`name`,`size` FROM `think_singlejob` WHERE ( 1=1 AND cid='12' )  [ RunTime:0.000598s ]
SQL: SELECT `jid`,`name`,`size` FROM `think_singlejob` WHERE ( 1=1 AND cid='11' )  [ RunTime:0.000310s ]
SQL: SELECT `jid`,`name`,`size` FROM `think_singlejob` WHERE ( 1=1 AND cid='10' )  [ RunTime:0.000459s ]
SQL: SELECT `jid`,`name`,`size` FROM `think_singlejob` WHERE ( 1=1 AND cid='9' )  [ RunTime:0.000544s ]
SQL: SELECT `jid`,`name`,`size` FROM `think_singlejob` WHERE ( 1=1 AND cid='8' )  [ RunTime:0.000370s ]

[ 2014-04-11T11:06:10+08:00 ] 0.0.0.0 /NewXiaoZhao/index.php/Company/companyList
INFO: [ route_check ] --START--
INFO: CheckRoute Behavior ::run [ RunTime:0.003229s ]
INFO: [ route_check ] --END-- [ RunTime:0.003497s ]
INFO: [ app_begin ] --START--
INFO: ReadHtmlCache Behavior ::run [ RunTime:0.000920s ]
INFO: [ app_begin ] --END-- [ RunTime:0.001085s ]
SQL: SHOW COLUMNS FROM `think_company` [ RunTime:0.003412s ]
SQL: SELECT `cid`,`name`,`statement`,`avtor` FROM `think_company` ORDER BY cid desc LIMIT 0,9   [ RunTime:0.000891s ]
SQL: SHOW COLUMNS FROM `think_singlejob` [ RunTime:0.005690s ]
SQL: SELECT `jid`,`name`,`size` FROM `think_singlejob` WHERE ( 1=1 AND cid='18' )  [ RunTime:0.000620s ]
SQL: SELECT `jid`,`name`,`size` FROM `think_singlejob` WHERE ( 1=1 AND cid='17' )  [ RunTime:0.000609s ]
SQL: SELECT `jid`,`name`,`size` FROM `think_singlejob` WHERE ( 1=1 AND cid='16' )  [ RunTime:0.000852s ]
SQL: SELECT `jid`,`name`,`size` FROM `think_singlejob` WHERE ( 1=1 AND cid='13' )  [ RunTime:0.000583s ]
SQL: SELECT `jid`,`name`,`size` FROM `think_singlejob` WHERE ( 1=1 AND cid='12' )  [ RunTime:0.000521s ]
SQL: SELECT `jid`,`name`,`size` FROM `think_singlejob` WHERE ( 1=1 AND cid='11' )  [ RunTime:0.000386s ]
SQL: SELECT `jid`,`name`,`size` FROM `think_singlejob` WHERE ( 1=1 AND cid='10' )  [ RunTime:0.000328s ]
SQL: SELECT `jid`,`name`,`size` FROM `think_singlejob` WHERE ( 1=1 AND cid='9' )  [ RunTime:0.000327s ]
SQL: SELECT `jid`,`name`,`size` FROM `think_singlejob` WHERE ( 1=1 AND cid='8' )  [ RunTime:0.000320s ]

[ 2014-04-11T11:06:10+08:00 ] 0.0.0.0 /NewXiaoZhao/index.php/Index/count
INFO: [ route_check ] --START--
INFO: CheckRoute Behavior ::run [ RunTime:0.001193s ]
INFO: [ route_check ] --END-- [ RunTime:0.001410s ]
INFO: [ app_begin ] --START--
INFO: ReadHtmlCache Behavior ::run [ RunTime:0.000713s ]
INFO: [ app_begin ] --END-- [ RunTime:0.000839s ]
SQL: SHOW COLUMNS FROM `think_company` [ RunTime:0.002953s ]
SQL: SELECT COUNT(*) AS tp_count FROM `think_company` LIMIT 1   [ RunTime:0.000411s ]
SQL: SHOW COLUMNS FROM `think_student` [ RunTime:0.004007s ]
SQL: SELECT COUNT(*) AS tp_count FROM `think_student` LIMIT 1   [ RunTime:0.000470s ]

[ 2014-04-11T11:06:14+08:00 ] 0.0.0.0 /NewXiaoZhao/index.php/Company/getCompanyBasicInfo
INFO: [ route_check ] --START--
INFO: CheckRoute Behavior ::run [ RunTime:0.002456s ]
INFO: [ route_check ] --END-- [ RunTime:0.002726s ]
INFO: [ app_begin ] --START--
INFO: ReadHtmlCache Behavior ::run [ RunTime:0.000929s ]
INFO: [ app_begin ] --END-- [ RunTime:0.001104s ]
SQL: SHOW COLUMNS FROM `think_company` [ RunTime:0.004328s ]
SQL: SELECT * FROM `think_company` WHERE ( `cid` = 17 ) LIMIT 1   [ RunTime:0.000702s ]

[ 2014-04-11T11:06:14+08:00 ] 0.0.0.0 /NewXiaoZhao/index.php/Company/joblist
INFO: [ route_check ] --START--
INFO: CheckRoute Behavior ::run [ RunTime:0.002355s ]
INFO: [ route_check ] --END-- [ RunTime:0.002624s ]
INFO: [ app_begin ] --START--
INFO: ReadHtmlCache Behavior ::run [ RunTime:0.000902s ]
INFO: [ app_begin ] --END-- [ RunTime:0.001079s ]
SQL: SHOW COLUMNS FROM `think_singlejob` [ RunTime:0.006776s ]
SQL: SELECT * FROM `think_singlejob` WHERE ( `cid` = 17 ) ORDER BY jid desc  [ RunTime:0.000910s ]

[ 2014-04-11T11:06:14+08:00 ] 0.0.0.0 /NewXiaoZhao/index.php/Company/getCompanyBasicInfo
INFO: [ route_check ] --START--
INFO: CheckRoute Behavior ::run [ RunTime:0.001190s ]
INFO: [ route_check ] --END-- [ RunTime:0.001405s ]
INFO: [ app_begin ] --START--
INFO: ReadHtmlCache Behavior ::run [ RunTime:0.000962s ]
INFO: [ app_begin ] --END-- [ RunTime:0.001158s ]
SQL: SHOW COLUMNS FROM `think_company` [ RunTime:0.003234s ]
SQL: SELECT * FROM `think_company` WHERE ( `cid` = 17 ) LIMIT 1   [ RunTime:0.000513s ]

[ 2014-04-11T11:06:14+08:00 ] 0.0.0.0 /NewXiaoZhao/index.php/Company/joblist
INFO: [ route_check ] --START--
INFO: CheckRoute Behavior ::run [ RunTime:0.005883s ]
INFO: [ route_check ] --END-- [ RunTime:0.006104s ]
INFO: [ app_begin ] --START--
INFO: ReadHtmlCache Behavior ::run [ RunTime:0.001010s ]
INFO: [ app_begin ] --END-- [ RunTime:0.001212s ]
SQL: SHOW COLUMNS FROM `think_singlejob` [ RunTime:0.003001s ]
SQL: SELECT * FROM `think_singlejob` WHERE ( `cid` = 17 ) ORDER BY jid desc  [ RunTime:0.000717s ]

[ 2014-04-11T11:06:14+08:00 ] 0.0.0.0 /NewXiaoZhao/index.php/Index/count
INFO: [ route_check ] --START--
INFO: CheckRoute Behavior ::run [ RunTime:0.002973s ]
INFO: [ route_check ] --END-- [ RunTime:0.003232s ]
INFO: [ app_begin ] --START--
INFO: ReadHtmlCache Behavior ::run [ RunTime:0.001495s ]
INFO: [ app_begin ] --END-- [ RunTime:0.001751s ]
SQL: SHOW COLUMNS FROM `think_company` [ RunTime:0.002947s ]
SQL: SELECT COUNT(*) AS tp_count FROM `think_company` LIMIT 1   [ RunTime:0.000340s ]
SQL: SHOW COLUMNS FROM `think_student` [ RunTime:0.003304s ]
SQL: SELECT COUNT(*) AS tp_count FROM `think_student` LIMIT 1   [ RunTime:0.000382s ]

[ 2014-04-11T11:06:19+08:00 ] 0.0.0.0 /NewXiaoZhao/index.php/Company/companyList
INFO: [ route_check ] --START--
INFO: CheckRoute Behavior ::run [ RunTime:0.001190s ]
INFO: [ route_check ] --END-- [ RunTime:0.001406s ]
INFO: [ app_begin ] --START--
INFO: ReadHtmlCache Behavior ::run [ RunTime:0.001000s ]
INFO: [ app_begin ] --END-- [ RunTime:0.001216s ]
SQL: SHOW COLUMNS FROM `think_company` [ RunTime:0.005193s ]
SQL: SELECT `cid`,`name`,`statement`,`avtor` FROM `think_company` ORDER BY cid desc LIMIT 0,9   [ RunTime:0.001382s ]
SQL: SHOW COLUMNS FROM `think_singlejob` [ RunTime:0.006646s ]
SQL: SELECT `jid`,`name`,`size` FROM `think_singlejob` WHERE ( 1=1 AND cid='18' )  [ RunTime:0.001068s ]
SQL: SELECT `jid`,`name`,`size` FROM `think_singlejob` WHERE ( 1=1 AND cid='17' )  [ RunTime:0.001140s ]
SQL: SELECT `jid`,`name`,`size` FROM `think_singlejob` WHERE ( 1=1 AND cid='16' )  [ RunTime:0.001214s ]
SQL: SELECT `jid`,`name`,`size` FROM `think_singlejob` WHERE ( 1=1 AND cid='13' )  [ RunTime:0.000967s ]
SQL: SELECT `jid`,`name`,`size` FROM `think_singlejob` WHERE ( 1=1 AND cid='12' )  [ RunTime:0.000566s ]
SQL: SELECT `jid`,`name`,`size` FROM `think_singlejob` WHERE ( 1=1 AND cid='11' )  [ RunTime:0.000407s ]
SQL: SELECT `jid`,`name`,`size` FROM `think_singlejob` WHERE ( 1=1 AND cid='10' )  [ RunTime:0.000646s ]
SQL: SELECT `jid`,`name`,`size` FROM `think_singlejob` WHERE ( 1=1 AND cid='9' )  [ RunTime:0.000541s ]
SQL: SELECT `jid`,`name`,`size` FROM `think_singlejob` WHERE ( 1=1 AND cid='8' )  [ RunTime:0.000403s ]

[ 2014-04-11T11:06:19+08:00 ] 0.0.0.0 /NewXiaoZhao/index.php/Company/companyPageCount
INFO: [ route_check ] --START--
INFO: CheckRoute Behavior ::run [ RunTime:0.001195s ]
INFO: [ route_check ] --END-- [ RunTime:0.001401s ]
INFO: [ app_begin ] --START--
INFO: ReadHtmlCache Behavior ::run [ RunTime:0.000957s ]
INFO: [ app_begin ] --END-- [ RunTime:0.001153s ]
SQL: SHOW COLUMNS FROM `think_company` [ RunTime:0.004232s ]
SQL: SELECT COUNT(*) AS tp_count FROM `think_company` LIMIT 1   [ RunTime:0.000517s ]

[ 2014-04-11T11:06:19+08:00 ] 0.0.0.0 /NewXiaoZhao/index.php/Company/companyList
INFO: [ route_check ] --START--
INFO: CheckRoute Behavior ::run [ RunTime:0.001290s ]
INFO: [ route_check ] --END-- [ RunTime:0.001535s ]
INFO: [ app_begin ] --START--
INFO: ReadHtmlCache Behavior ::run [ RunTime:0.000988s ]
INFO: [ app_begin ] --END-- [ RunTime:0.001188s ]
SQL: SHOW COLUMNS FROM `think_company` [ RunTime:0.003563s ]
SQL: SELECT `cid`,`name`,`statement`,`avtor` FROM `think_company` ORDER BY cid desc LIMIT 0,9   [ RunTime:0.000967s ]
SQL: SHOW COLUMNS FROM `think_singlejob` [ RunTime:0.004015s ]
SQL: SELECT `jid`,`name`,`size` FROM `think_singlejob` WHERE ( 1=1 AND cid='18' )  [ RunTime:0.000578s ]
SQL: SELECT `jid`,`name`,`size` FROM `think_singlejob` WHERE ( 1=1 AND cid='17' )  [ RunTime:0.000416s ]
SQL: SELECT `jid`,`name`,`size` FROM `think_singlejob` WHERE ( 1=1 AND cid='16' )  [ RunTime:0.000362s ]
SQL: SELECT `jid`,`name`,`size` FROM `think_singlejob` WHERE ( 1=1 AND cid='13' )  [ RunTime:0.000362s ]
SQL: SELECT `jid`,`name`,`size` FROM `think_singlejob` WHERE ( 1=1 AND cid='12' )  [ RunTime:0.000353s ]
SQL: SELECT `jid`,`name`,`size` FROM `think_singlejob` WHERE ( 1=1 AND cid='11' )  [ RunTime:0.000379s ]
SQL: SELECT `jid`,`name`,`size` FROM `think_singlejob` WHERE ( 1=1 AND cid='10' )  [ RunTime:0.000394s ]
SQL: SELECT `jid`,`name`,`size` FROM `think_singlejob` WHERE ( 1=1 AND cid='9' )  [ RunTime:0.000376s ]
SQL: SELECT `jid`,`name`,`size` FROM `think_singlejob` WHERE ( 1=1 AND cid='8' )  [ RunTime:0.000436s ]

[ 2014-04-11T11:06:19+08:00 ] 0.0.0.0 /NewXiaoZhao/index.php/Index/count
INFO: [ route_check ] --START--
INFO: CheckRoute Behavior ::run [ RunTime:0.001532s ]
INFO: [ route_check ] --END-- [ RunTime:0.001757s ]
INFO: [ app_begin ] --START--
INFO: ReadHtmlCache Behavior ::run [ RunTime:0.001122s ]
INFO: [ app_begin ] --END-- [ RunTime:0.001354s ]
SQL: SHOW COLUMNS FROM `think_company` [ RunTime:0.005853s ]
SQL: SELECT COUNT(*) AS tp_count FROM `think_company` LIMIT 1   [ RunTime:0.000455s ]
SQL: SHOW COLUMNS FROM `think_student` [ RunTime:0.003224s ]
SQL: SELECT COUNT(*) AS tp_count FROM `think_student` LIMIT 1   [ RunTime:0.000413s ]

[ 2014-04-11T11:06:23+08:00 ] 0.0.0.0 /NewXiaoZhao/index.php/Company/joblist
INFO: [ route_check ] --START--
INFO: CheckRoute Behavior ::run [ RunTime:0.001276s ]
INFO: [ route_check ] --END-- [ RunTime:0.001548s ]
INFO: [ app_begin ] --START--
INFO: ReadHtmlCache Behavior ::run [ RunTime:0.000963s ]
INFO: [ app_begin ] --END-- [ RunTime:0.001177s ]
SQL: SHOW COLUMNS FROM `think_singlejob` [ RunTime:0.004359s ]
SQL: SELECT * FROM `think_singlejob` WHERE ( `cid` = 9 ) ORDER BY jid desc  [ RunTime:0.001494s ]

[ 2014-04-11T11:06:23+08:00 ] 0.0.0.0 /NewXiaoZhao/index.php/Company/getCompanyBasicInfo
INFO: [ route_check ] --START--
INFO: CheckRoute Behavior ::run [ RunTime:0.001215s ]
INFO: [ route_check ] --END-- [ RunTime:0.001456s ]
INFO: [ app_begin ] --START--
INFO: ReadHtmlCache Behavior ::run [ RunTime:0.001542s ]
INFO: [ app_begin ] --END-- [ RunTime:0.001742s ]
SQL: SHOW COLUMNS FROM `think_company` [ RunTime:0.004548s ]
SQL: SELECT * FROM `think_company` WHERE ( `cid` = 9 ) LIMIT 1   [ RunTime:0.000855s ]

[ 2014-04-11T11:06:23+08:00 ] 0.0.0.0 /NewXiaoZhao/index.php/Company/getCompanyBasicInfo
INFO: [ route_check ] --START--
INFO: CheckRoute Behavior ::run [ RunTime:0.001272s ]
INFO: [ route_check ] --END-- [ RunTime:0.001514s ]
INFO: [ app_begin ] --START--
INFO: ReadHtmlCache Behavior ::run [ RunTime:0.000902s ]
INFO: [ app_begin ] --END-- [ RunTime:0.001079s ]
SQL: SHOW COLUMNS FROM `think_company` [ RunTime:0.004498s ]
SQL: SELECT * FROM `think_company` WHERE ( `cid` = 9 ) LIMIT 1   [ RunTime:0.000734s ]

[ 2014-04-11T11:06:24+08:00 ] 0.0.0.0 /NewXiaoZhao/index.php/Company/joblist
INFO: [ route_check ] --START--
INFO: CheckRoute Behavior ::run [ RunTime:0.001320s ]
INFO: [ route_check ] --END-- [ RunTime:0.001538s ]
INFO: [ app_begin ] --START--
INFO: ReadHtmlCache Behavior ::run [ RunTime:0.001002s ]
INFO: [ app_begin ] --END-- [ RunTime:0.001212s ]
SQL: SHOW COLUMNS FROM `think_singlejob` [ RunTime:0.004102s ]
SQL: SELECT * FROM `think_singlejob` WHERE ( `cid` = 9 ) ORDER BY jid desc  [ RunTime:0.001222s ]

[ 2014-04-11T11:06:24+08:00 ] 0.0.0.0 /NewXiaoZhao/index.php/Index/count
INFO: [ route_check ] --START--
INFO: CheckRoute Behavior ::run [ RunTime:0.001469s ]
INFO: [ route_check ] --END-- [ RunTime:0.001711s ]
INFO: [ app_begin ] --START--
INFO: ReadHtmlCache Behavior ::run [ RunTime:0.001286s ]
INFO: [ app_begin ] --END-- [ RunTime:0.001572s ]
SQL: SHOW COLUMNS FROM `think_company` [ RunTime:0.003558s ]
SQL: SELECT COUNT(*) AS tp_count FROM `think_company` LIMIT 1   [ RunTime:0.000524s ]
SQL: SHOW COLUMNS FROM `think_student` [ RunTime:0.005186s ]
SQL: SELECT COUNT(*) AS tp_count FROM `think_student` LIMIT 1   [ RunTime:0.000443s ]

[ 2014-04-11T11:06:32+08:00 ] 0.0.0.0 /NewXiaoZhao/index.php/Company/companyList
INFO: [ route_check ] --START--
INFO: CheckRoute Behavior ::run [ RunTime:0.001314s ]
INFO: [ route_check ] --END-- [ RunTime:0.001570s ]
INFO: [ app_begin ] --START--
INFO: ReadHtmlCache Behavior ::run [ RunTime:0.001037s ]
INFO: [ app_begin ] --END-- [ RunTime:0.001216s ]
SQL: SHOW COLUMNS FROM `think_company` [ RunTime:0.003998s ]
SQL: SELECT `cid`,`name`,`statement`,`avtor` FROM `think_company` ORDER BY cid desc LIMIT 0,9   [ RunTime:0.000869s ]
SQL: SHOW COLUMNS FROM `think_singlejob` [ RunTime:0.003427s ]
SQL: SELECT `jid`,`name`,`size` FROM `think_singlejob` WHERE ( 1=1 AND cid='18' )  [ RunTime:0.000634s ]
SQL: SELECT `jid`,`name`,`size` FROM `think_singlejob` WHERE ( 1=1 AND cid='17' )  [ RunTime:0.000519s ]
SQL: SELECT `jid`,`name`,`size` FROM `think_singlejob` WHERE ( 1=1 AND cid='16' )  [ RunTime:0.000633s ]
SQL: SELECT `jid`,`name`,`size` FROM `think_singlejob` WHERE ( 1=1 AND cid='13' )  [ RunTime:0.000451s ]
SQL: SELECT `jid`,`name`,`size` FROM `think_singlejob` WHERE ( 1=1 AND cid='12' )  [ RunTime:0.000547s ]
SQL: SELECT `jid`,`name`,`size` FROM `think_singlejob` WHERE ( 1=1 AND cid='11' )  [ RunTime:0.000480s ]
SQL: SELECT `jid`,`name`,`size` FROM `think_singlejob` WHERE ( 1=1 AND cid='10' )  [ RunTime:0.000603s ]
SQL: SELECT `jid`,`name`,`size` FROM `think_singlejob` WHERE ( 1=1 AND cid='9' )  [ RunTime:0.000508s ]
SQL: SELECT `jid`,`name`,`size` FROM `think_singlejob` WHERE ( 1=1 AND cid='8' )  [ RunTime:0.000412s ]

[ 2014-04-11T11:06:32+08:00 ] 0.0.0.0 /NewXiaoZhao/index.php/Company/companyPageCount
INFO: [ route_check ] --START--
INFO: CheckRoute Behavior ::run [ RunTime:0.001229s ]
INFO: [ route_check ] --END-- [ RunTime:0.001434s ]
INFO: [ app_begin ] --START--
INFO: ReadHtmlCache Behavior ::run [ RunTime:0.001014s ]
INFO: [ app_begin ] --END-- [ RunTime:0.001204s ]
SQL: SHOW COLUMNS FROM `think_company` [ RunTime:0.005289s ]
SQL: SELECT COUNT(*) AS tp_count FROM `think_company` LIMIT 1   [ RunTime:0.000633s ]

[ 2014-04-11T11:06:32+08:00 ] 0.0.0.0 /NewXiaoZhao/index.php/Company/companyList
INFO: [ route_check ] --START--
INFO: CheckRoute Behavior ::run [ RunTime:0.001175s ]
INFO: [ route_check ] --END-- [ RunTime:0.001428s ]
INFO: [ app_begin ] --START--
INFO: ReadHtmlCache Behavior ::run [ RunTime:0.001228s ]
INFO: [ app_begin ] --END-- [ RunTime:0.001474s ]
SQL: SHOW COLUMNS FROM `think_company` [ RunTime:0.004496s ]
SQL: SELECT `cid`,`name`,`statement`,`avtor` FROM `think_company` ORDER BY cid desc LIMIT 0,9   [ RunTime:0.000988s ]
SQL: SHOW COLUMNS FROM `think_singlejob` [ RunTime:0.003460s ]
SQL: SELECT `jid`,`name`,`size` FROM `think_singlejob` WHERE ( 1=1 AND cid='18' )  [ RunTime:0.000541s ]
SQL: SELECT `jid`,`name`,`size` FROM `think_singlejob` WHERE ( 1=1 AND cid='17' )  [ RunTime:0.000325s ]
SQL: SELECT `jid`,`name`,`size` FROM `think_singlejob` WHERE ( 1=1 AND cid='16' )  [ RunTime:0.000316s ]
SQL: SELECT `jid`,`name`,`size` FROM `think_singlejob` WHERE ( 1=1 AND cid='13' )  [ RunTime:0.000294s ]
SQL: SELECT `jid`,`name`,`size` FROM `think_singlejob` WHERE ( 1=1 AND cid='12' )  [ RunTime:0.000298s ]
SQL: SELECT `jid`,`name`,`size` FROM `think_singlejob` WHERE ( 1=1 AND cid='11' )  [ RunTime:0.000354s ]
SQL: SELECT `jid`,`name`,`size` FROM `think_singlejob` WHERE ( 1=1 AND cid='10' )  [ RunTime:0.000551s ]
SQL: SELECT `jid`,`name`,`size` FROM `think_singlejob` WHERE ( 1=1 AND cid='9' )  [ RunTime:0.000662s ]
SQL: SELECT `jid`,`name`,`size` FROM `think_singlejob` WHERE ( 1=1 AND cid='8' )  [ RunTime:0.000436s ]

[ 2014-04-11T11:06:32+08:00 ] 0.0.0.0 /NewXiaoZhao/index.php/Index/count
INFO: [ route_check ] --START--
INFO: CheckRoute Behavior ::run [ RunTime:0.001648s ]
INFO: [ route_check ] --END-- [ RunTime:0.001942s ]
INFO: [ app_begin ] --START--
INFO: ReadHtmlCache Behavior ::run [ RunTime:0.001455s ]
INFO: [ app_begin ] --END-- [ RunTime:0.001688s ]
SQL: SHOW COLUMNS FROM `think_company` [ RunTime:0.003702s ]
SQL: SELECT COUNT(*) AS tp_count FROM `think_company` LIMIT 1   [ RunTime:0.000767s ]
SQL: SHOW COLUMNS FROM `think_student` [ RunTime:0.004091s ]
SQL: SELECT COUNT(*) AS tp_count FROM `think_student` LIMIT 1   [ RunTime:0.000897s ]

[ 2014-04-11T11:06:39+08:00 ] 0.0.0.0 /NewXiaoZhao/index.php/Company/companyList
INFO: [ route_check ] --START--
INFO: CheckRoute Behavior ::run [ RunTime:0.000973s ]
INFO: [ route_check ] --END-- [ RunTime:0.001119s ]
INFO: [ app_begin ] --START--
INFO: ReadHtmlCache Behavior ::run [ RunTime:0.000729s ]
INFO: [ app_begin ] --END-- [ RunTime:0.000846s ]
SQL: SHOW COLUMNS FROM `think_company` [ RunTime:0.003467s ]
SQL: SELECT `cid`,`name`,`statement`,`avtor` FROM `think_company` ORDER BY cid desc LIMIT 9,18   [ RunTime:0.000536s ]
SQL: SHOW COLUMNS FROM `think_singlejob` [ RunTime:0.002941s ]
SQL: SELECT `jid`,`name`,`size` FROM `think_singlejob` WHERE ( 1=1 AND cid='7' )  [ RunTime:0.000460s ]
SQL: SELECT `jid`,`name`,`size` FROM `think_singlejob` WHERE ( 1=1 AND cid='4' )  [ RunTime:0.001066s ]

[ 2014-04-11T11:06:42+08:00 ] 0.0.0.0 /NewXiaoZhao/index.php/Company/getCompanyBasicInfo
INFO: [ route_check ] --START--
INFO: CheckRoute Behavior ::run [ RunTime:0.001232s ]
INFO: [ route_check ] --END-- [ RunTime:0.001479s ]
INFO: [ app_begin ] --START--
INFO: ReadHtmlCache Behavior ::run [ RunTime:0.001083s ]
INFO: [ app_begin ] --END-- [ RunTime:0.001354s ]
SQL: SHOW COLUMNS FROM `think_company` [ RunTime:0.003980s ]
SQL: SELECT * FROM `think_company` WHERE ( `cid` = 4 ) LIMIT 1   [ RunTime:0.000742s ]

[ 2014-04-11T11:06:42+08:00 ] 0.0.0.0 /NewXiaoZhao/index.php/Company/joblist
INFO: [ route_check ] --START--
INFO: CheckRoute Behavior ::run [ RunTime:0.001317s ]
INFO: [ route_check ] --END-- [ RunTime:0.001545s ]
INFO: [ app_begin ] --START--
INFO: ReadHtmlCache Behavior ::run [ RunTime:0.003831s ]
INFO: [ app_begin ] --END-- [ RunTime:0.004037s ]
SQL: SHOW COLUMNS FROM `think_singlejob` [ RunTime:0.005664s ]
SQL: SELECT * FROM `think_singlejob` WHERE ( `cid` = 4 ) ORDER BY jid desc  [ RunTime:0.002491s ]

[ 2014-04-11T11:06:43+08:00 ] 0.0.0.0 /NewXiaoZhao/index.php/Company/joblist
INFO: [ route_check ] --START--
INFO: CheckRoute Behavior ::run [ RunTime:0.001454s ]
INFO: [ route_check ] --END-- [ RunTime:0.001670s ]
INFO: [ app_begin ] --START--
INFO: ReadHtmlCache Behavior ::run [ RunTime:0.001060s ]
INFO: [ app_begin ] --END-- [ RunTime:0.001272s ]
SQL: SHOW COLUMNS FROM `think_singlejob` [ RunTime:0.003151s ]
SQL: SELECT * FROM `think_singlejob` WHERE ( `cid` = 4 ) ORDER BY jid desc  [ RunTime:0.001036s ]

[ 2014-04-11T11:06:43+08:00 ] 0.0.0.0 /NewXiaoZhao/index.php/Company/getCompanyBasicInfo
INFO: [ route_check ] --START--
INFO: CheckRoute Behavior ::run [ RunTime:0.001998s ]
INFO: [ route_check ] --END-- [ RunTime:0.002249s ]
INFO: [ app_begin ] --START--
INFO: ReadHtmlCache Behavior ::run [ RunTime:0.002192s ]
INFO: [ app_begin ] --END-- [ RunTime:0.002421s ]
SQL: SHOW COLUMNS FROM `think_company` [ RunTime:0.002998s ]
SQL: SELECT * FROM `think_company` WHERE ( `cid` = 4 ) LIMIT 1   [ RunTime:0.000534s ]

[ 2014-04-11T11:06:43+08:00 ] 0.0.0.0 /NewXiaoZhao/index.php/Index/count
INFO: [ route_check ] --START--
INFO: CheckRoute Behavior ::run [ RunTime:0.007273s ]
INFO: [ route_check ] --END-- [ RunTime:0.007640s ]
INFO: [ app_begin ] --START--
INFO: ReadHtmlCache Behavior ::run [ RunTime:0.001982s ]
INFO: [ app_begin ] --END-- [ RunTime:0.002207s ]
SQL: SHOW COLUMNS FROM `think_company` [ RunTime:0.003078s ]
SQL: SELECT COUNT(*) AS tp_count FROM `think_company` LIMIT 1   [ RunTime:0.000378s ]
SQL: SHOW COLUMNS FROM `think_student` [ RunTime:0.003478s ]
SQL: SELECT COUNT(*) AS tp_count FROM `think_student` LIMIT 1   [ RunTime:0.000399s ]

[ 2014-04-11T11:07:00+08:00 ] 0.0.0.0 /NewXiaoZhao/index.php/Index/count
INFO: [ route_check ] --START--
INFO: CheckRoute Behavior ::run [ RunTime:0.001718s ]
INFO: [ route_check ] --END-- [ RunTime:0.001969s ]
INFO: [ app_begin ] --START--
INFO: ReadHtmlCache Behavior ::run [ RunTime:0.001399s ]
INFO: [ app_begin ] --END-- [ RunTime:0.001580s ]
SQL: SHOW COLUMNS FROM `think_company` [ RunTime:0.004435s ]
SQL: SELECT COUNT(*) AS tp_count FROM `think_company` LIMIT 1   [ RunTime:0.003325s ]
SQL: SHOW COLUMNS FROM `think_student` [ RunTime:0.004204s ]
SQL: SELECT COUNT(*) AS tp_count FROM `think_student` LIMIT 1   [ RunTime:0.000449s ]

[ 2014-04-11T11:07:00+08:00 ] 0.0.0.0 /NewXiaoZhao/index.php/Company/companyPageCount
INFO: [ route_check ] --START--
INFO: CheckRoute Behavior ::run [ RunTime:0.001366s ]
INFO: [ route_check ] --END-- [ RunTime:0.001577s ]
INFO: [ app_begin ] --START--
INFO: ReadHtmlCache Behavior ::run [ RunTime:0.001413s ]
INFO: [ app_begin ] --END-- [ RunTime:0.001595s ]
SQL: SHOW COLUMNS FROM `think_company` [ RunTime:0.002965s ]
SQL: SELECT COUNT(*) AS tp_count FROM `think_company` LIMIT 1   [ RunTime:0.000400s ]

[ 2014-04-11T11:07:00+08:00 ] 0.0.0.0 /NewXiaoZhao/index.php/Company/companyList
INFO: [ route_check ] --START--
INFO: CheckRoute Behavior ::run [ RunTime:0.001290s ]
INFO: [ route_check ] --END-- [ RunTime:0.001537s ]
INFO: [ app_begin ] --START--
INFO: ReadHtmlCache Behavior ::run [ RunTime:0.000978s ]
INFO: [ app_begin ] --END-- [ RunTime:0.001214s ]
SQL: SHOW COLUMNS FROM `think_company` [ RunTime:0.003657s ]
SQL: SELECT `cid`,`name`,`statement`,`avtor` FROM `think_company` ORDER BY cid desc LIMIT 0,9   [ RunTime:0.000972s ]
SQL: SHOW COLUMNS FROM `think_singlejob` [ RunTime:0.003242s ]
SQL: SELECT `jid`,`name`,`size` FROM `think_singlejob` WHERE ( 1=1 AND cid='18' )  [ RunTime:0.000432s ]
SQL: SELECT `jid`,`name`,`size` FROM `think_singlejob` WHERE ( 1=1 AND cid='17' )  [ RunTime:0.000295s ]
SQL: SELECT `jid`,`name`,`size` FROM `think_singlejob` WHERE ( 1=1 AND cid='16' )  [ RunTime:0.000265s ]
SQL: SELECT `jid`,`name`,`size` FROM `think_singlejob` WHERE ( 1=1 AND cid='13' )  [ RunTime:0.000369s ]
SQL: SELECT `jid`,`name`,`size` FROM `think_singlejob` WHERE ( 1=1 AND cid='12' )  [ RunTime:0.000259s ]
SQL: SELECT `jid`,`name`,`size` FROM `think_singlejob` WHERE ( 1=1 AND cid='11' )  [ RunTime:0.000234s ]
SQL: SELECT `jid`,`name`,`size` FROM `think_singlejob` WHERE ( 1=1 AND cid='10' )  [ RunTime:0.000246s ]
SQL: SELECT `jid`,`name`,`size` FROM `think_singlejob` WHERE ( 1=1 AND cid='9' )  [ RunTime:0.000242s ]
SQL: SELECT `jid`,`name`,`size` FROM `think_singlejob` WHERE ( 1=1 AND cid='8' )  [ RunTime:0.000279s ]

[ 2014-04-11T11:07:00+08:00 ] 0.0.0.0 /NewXiaoZhao/index.php/Company/companyList
INFO: [ route_check ] --START--
INFO: CheckRoute Behavior ::run [ RunTime:0.001890s ]
INFO: [ route_check ] --END-- [ RunTime:0.002209s ]
INFO: [ app_begin ] --START--
INFO: ReadHtmlCache Behavior ::run [ RunTime:0.003150s ]
INFO: [ app_begin ] --END-- [ RunTime:0.003401s ]
SQL: SHOW COLUMNS FROM `think_company` [ RunTime:0.002965s ]
SQL: SELECT `cid`,`name`,`statement`,`avtor` FROM `think_company` ORDER BY cid desc LIMIT 0,9   [ RunTime:0.000779s ]
SQL: SHOW COLUMNS FROM `think_singlejob` [ RunTime:0.003181s ]
SQL: SELECT `jid`,`name`,`size` FROM `think_singlejob` WHERE ( 1=1 AND cid='18' )  [ RunTime:0.000549s ]
SQL: SELECT `jid`,`name`,`size` FROM `think_singlejob` WHERE ( 1=1 AND cid='17' )  [ RunTime:0.000320s ]
SQL: SELECT `jid`,`name`,`size` FROM `think_singlejob` WHERE ( 1=1 AND cid='16' )  [ RunTime:0.000319s ]
SQL: SELECT `jid`,`name`,`size` FROM `think_singlejob` WHERE ( 1=1 AND cid='13' )  [ RunTime:0.000410s ]
SQL: SELECT `jid`,`name`,`size` FROM `think_singlejob` WHERE ( 1=1 AND cid='12' )  [ RunTime:0.001224s ]
SQL: SELECT `jid`,`name`,`size` FROM `think_singlejob` WHERE ( 1=1 AND cid='11' )  [ RunTime:0.000659s ]
SQL: SELECT `jid`,`name`,`size` FROM `think_singlejob` WHERE ( 1=1 AND cid='10' )  [ RunTime:0.000820s ]
SQL: SELECT `jid`,`name`,`size` FROM `think_singlejob` WHERE ( 1=1 AND cid='9' )  [ RunTime:0.000918s ]
SQL: SELECT `jid`,`name`,`size` FROM `think_singlejob` WHERE ( 1=1 AND cid='8' )  [ RunTime:0.000490s ]

[ 2014-04-11T11:07:00+08:00 ] 0.0.0.0 /NewXiaoZhao/index.php/Job/TopJob
INFO: [ route_check ] --START--
INFO: CheckRoute Behavior ::run [ RunTime:0.000850s ]
INFO: [ route_check ] --END-- [ RunTime:0.001003s ]
INFO: [ app_begin ] --START--
INFO: ReadHtmlCache Behavior ::run [ RunTime:0.000699s ]
INFO: [ app_begin ] --END-- [ RunTime:0.000818s ]
SQL: SHOW COLUMNS FROM `think_singlejob` [ RunTime:0.004211s ]
SQL: SELECT `jid`,`cid`,`name`,`resumenum`,`size`,`money`,`location` FROM `think_singlejob` ORDER BY resumenum desc LIMIT 5   [ RunTime:0.000798s ]
SQL: SHOW COLUMNS FROM `think_company` [ RunTime:0.004469s ]
SQL: SELECT `name` FROM `think_company` WHERE ( 1=1 AND cid='4' ) LIMIT 1   [ RunTime:0.000637s ]
SQL: SELECT `name` FROM `think_company` WHERE ( 1=1 AND cid='16' ) LIMIT 1   [ RunTime:0.000523s ]
SQL: SELECT `name` FROM `think_company` WHERE ( 1=1 AND cid='9' ) LIMIT 1   [ RunTime:0.000481s ]
SQL: SELECT `name` FROM `think_company` WHERE ( 1=1 AND cid='16' ) LIMIT 1   [ RunTime:0.000427s ]
SQL: SELECT `name` FROM `think_company` WHERE ( 1=1 AND cid='9' ) LIMIT 1   [ RunTime:0.000332s ]

[ 2014-04-11T11:07:00+08:00 ] 0.0.0.0 /NewXiaoZhao/index.php/Company/TopCompany
INFO: [ route_check ] --START--
INFO: CheckRoute Behavior ::run [ RunTime:0.001302s ]
INFO: [ route_check ] --END-- [ RunTime:0.001534s ]
INFO: [ app_begin ] --START--
INFO: ReadHtmlCache Behavior ::run [ RunTime:0.000980s ]
INFO: [ app_begin ] --END-- [ RunTime:0.001194s ]
SQL: SHOW COLUMNS FROM `think_company` [ RunTime:0.003298s ]
SQL: SELECT `cid`,`name`,`kind`,`size`,`times` FROM `think_company` WHERE ( `status` = 1 ) ORDER BY times desc LIMIT 5   [ RunTime:0.000645s ]
SQL: SHOW COLUMNS FROM `think_singlejob` [ RunTime:0.003282s ]
SQL: SELECT COUNT(*) AS tp_count FROM `think_singlejob` WHERE ( `cid` = 9 ) LIMIT 1   [ RunTime:0.000562s ]
SQL: SELECT COUNT(*) AS tp_count FROM `think_singlejob` WHERE ( `cid` = 4 ) LIMIT 1   [ RunTime:0.000291s ]
SQL: SELECT COUNT(*) AS tp_count FROM `think_singlejob` WHERE ( `cid` = 16 ) LIMIT 1   [ RunTime:0.000294s ]
SQL: SELECT COUNT(*) AS tp_count FROM `think_singlejob` WHERE ( `cid` = 8 ) LIMIT 1   [ RunTime:0.000281s ]
SQL: SELECT COUNT(*) AS tp_count FROM `think_singlejob` WHERE ( `cid` = 10 ) LIMIT 1   [ RunTime:0.000283s ]

[ 2014-04-11T11:07:01+08:00 ] 0.0.0.0 /NewXiaoZhao/index.php/Index/count
INFO: [ route_check ] --START--
INFO: CheckRoute Behavior ::run [ RunTime:0.001186s ]
INFO: [ route_check ] --END-- [ RunTime:0.001419s ]
INFO: [ app_begin ] --START--
INFO: ReadHtmlCache Behavior ::run [ RunTime:0.001046s ]
INFO: [ app_begin ] --END-- [ RunTime:0.001187s ]
SQL: SHOW COLUMNS FROM `think_company` [ RunTime:0.004030s ]
SQL: SELECT COUNT(*) AS tp_count FROM `think_company` LIMIT 1   [ RunTime:0.000482s ]
SQL: SHOW COLUMNS FROM `think_student` [ RunTime:0.003852s ]
SQL: SELECT COUNT(*) AS tp_count FROM `think_student` LIMIT 1   [ RunTime:0.000448s ]

[ 2014-04-11T11:07:02+08:00 ] 0.0.0.0 /NewXiaoZhao/index.php/Index/count
INFO: [ route_check ] --START--
INFO: CheckRoute Behavior ::run [ RunTime:0.001223s ]
INFO: [ route_check ] --END-- [ RunTime:0.001441s ]
INFO: [ app_begin ] --START--
INFO: ReadHtmlCache Behavior ::run [ RunTime:0.000625s ]
INFO: [ app_begin ] --END-- [ RunTime:0.000732s ]
SQL: SHOW COLUMNS FROM `think_company` [ RunTime:0.003085s ]
SQL: SELECT COUNT(*) AS tp_count FROM `think_company` LIMIT 1   [ RunTime:0.000355s ]
SQL: SHOW COLUMNS FROM `think_student` [ RunTime:0.003938s ]
SQL: SELECT COUNT(*) AS tp_count FROM `think_student` LIMIT 1   [ RunTime:0.000409s ]

[ 2014-04-11T11:07:03+08:00 ] 0.0.0.0 /NewXiaoZhao/index.php/Company/companyList
INFO: [ route_check ] --START--
INFO: CheckRoute Behavior ::run [ RunTime:0.001819s ]
INFO: [ route_check ] --END-- [ RunTime:0.002076s ]
INFO: [ app_begin ] --START--
INFO: ReadHtmlCache Behavior ::run [ RunTime:0.001102s ]
INFO: [ app_begin ] --END-- [ RunTime:0.001312s ]
SQL: SHOW COLUMNS FROM `think_company` [ RunTime:0.005516s ]
SQL: SELECT `cid`,`name`,`statement`,`avtor` FROM `think_company` ORDER BY cid desc LIMIT 0,9   [ RunTime:0.000743s ]
SQL: SHOW COLUMNS FROM `think_singlejob` [ RunTime:0.004178s ]
SQL: SELECT `jid`,`name`,`size` FROM `think_singlejob` WHERE ( 1=1 AND cid='18' )  [ RunTime:0.001178s ]
SQL: SELECT `jid`,`name`,`size` FROM `think_singlejob` WHERE ( 1=1 AND cid='17' )  [ RunTime:0.000811s ]
SQL: SELECT `jid`,`name`,`size` FROM `think_singlejob` WHERE ( 1=1 AND cid='16' )  [ RunTime:0.000321s ]
SQL: SELECT `jid`,`name`,`size` FROM `think_singlejob` WHERE ( 1=1 AND cid='13' )  [ RunTime:0.000251s ]
SQL: SELECT `jid`,`name`,`size` FROM `think_singlejob` WHERE ( 1=1 AND cid='12' )  [ RunTime:0.000245s ]
SQL: SELECT `jid`,`name`,`size` FROM `think_singlejob` WHERE ( 1=1 AND cid='11' )  [ RunTime:0.000247s ]
SQL: SELECT `jid`,`name`,`size` FROM `think_singlejob` WHERE ( 1=1 AND cid='10' )  [ RunTime:0.000253s ]
SQL: SELECT `jid`,`name`,`size` FROM `think_singlejob` WHERE ( 1=1 AND cid='9' )  [ RunTime:0.000370s ]
SQL: SELECT `jid`,`name`,`size` FROM `think_singlejob` WHERE ( 1=1 AND cid='8' )  [ RunTime:0.000300s ]

[ 2014-04-11T11:07:03+08:00 ] 0.0.0.0 /NewXiaoZhao/index.php/Company/companyPageCount
INFO: [ route_check ] --START--
INFO: CheckRoute Behavior ::run [ RunTime:0.001366s ]
INFO: [ route_check ] --END-- [ RunTime:0.001590s ]
INFO: [ app_begin ] --START--
INFO: ReadHtmlCache Behavior ::run [ RunTime:0.001168s ]
INFO: [ app_begin ] --END-- [ RunTime:0.001383s ]
SQL: SHOW COLUMNS FROM `think_company` [ RunTime:0.004706s ]
SQL: SELECT COUNT(*) AS tp_count FROM `think_company` LIMIT 1   [ RunTime:0.000459s ]

[ 2014-04-11T11:07:03+08:00 ] 0.0.0.0 /NewXiaoZhao/index.php/Company/companyList
INFO: [ route_check ] --START--
INFO: CheckRoute Behavior ::run [ RunTime:0.001730s ]
INFO: [ route_check ] --END-- [ RunTime:0.001958s ]
INFO: [ app_begin ] --START--
INFO: ReadHtmlCache Behavior ::run [ RunTime:0.001155s ]
INFO: [ app_begin ] --END-- [ RunTime:0.001373s ]
SQL: SHOW COLUMNS FROM `think_company` [ RunTime:0.003439s ]
SQL: SELECT `cid`,`name`,`statement`,`avtor` FROM `think_company` ORDER BY cid desc LIMIT 0,9   [ RunTime:0.000773s ]
SQL: SHOW COLUMNS FROM `think_singlejob` [ RunTime:0.003186s ]
SQL: SELECT `jid`,`name`,`size` FROM `think_singlejob` WHERE ( 1=1 AND cid='18' )  [ RunTime:0.000478s ]
SQL: SELECT `jid`,`name`,`size` FROM `think_singlejob` WHERE ( 1=1 AND cid='17' )  [ RunTime:0.000293s ]
SQL: SELECT `jid`,`name`,`size` FROM `think_singlejob` WHERE ( 1=1 AND cid='16' )  [ RunTime:0.000282s ]
SQL: SELECT `jid`,`name`,`size` FROM `think_singlejob` WHERE ( 1=1 AND cid='13' )  [ RunTime:0.000278s ]
SQL: SELECT `jid`,`name`,`size` FROM `think_singlejob` WHERE ( 1=1 AND cid='12' )  [ RunTime:0.000337s ]
SQL: SELECT `jid`,`name`,`size` FROM `think_singlejob` WHERE ( 1=1 AND cid='11' )  [ RunTime:0.000350s ]
SQL: SELECT `jid`,`name`,`size` FROM `think_singlejob` WHERE ( 1=1 AND cid='10' )  [ RunTime:0.000423s ]
SQL: SELECT `jid`,`name`,`size` FROM `think_singlejob` WHERE ( 1=1 AND cid='9' )  [ RunTime:0.000370s ]
SQL: SELECT `jid`,`name`,`size` FROM `think_singlejob` WHERE ( 1=1 AND cid='8' )  [ RunTime:0.000357s ]

[ 2014-04-11T11:07:03+08:00 ] 0.0.0.0 /NewXiaoZhao/index.php/Index/count
INFO: [ route_check ] --START--
INFO: CheckRoute Behavior ::run [ RunTime:0.001624s ]
INFO: [ route_check ] --END-- [ RunTime:0.001972s ]
INFO: [ app_begin ] --START--
INFO: ReadHtmlCache Behavior ::run [ RunTime:0.001335s ]
INFO: [ app_begin ] --END-- [ RunTime:0.001636s ]
SQL: SHOW COLUMNS FROM `think_company` [ RunTime:0.003711s ]
SQL: SELECT COUNT(*) AS tp_count FROM `think_company` LIMIT 1   [ RunTime:0.000496s ]
SQL: SHOW COLUMNS FROM `think_student` [ RunTime:0.003189s ]
SQL: SELECT COUNT(*) AS tp_count FROM `think_student` LIMIT 1   [ RunTime:0.000639s ]

[ 2014-04-11T11:07:04+08:00 ] 0.0.0.0 /NewXiaoZhao/index.php/Index/count
INFO: [ route_check ] --START--
INFO: CheckRoute Behavior ::run [ RunTime:0.001720s ]
INFO: [ route_check ] --END-- [ RunTime:0.002007s ]
INFO: [ app_begin ] --START--
INFO: ReadHtmlCache Behavior ::run [ RunTime:0.001614s ]
INFO: [ app_begin ] --END-- [ RunTime:0.001924s ]
SQL: SHOW COLUMNS FROM `think_company` [ RunTime:0.004387s ]
SQL: SELECT COUNT(*) AS tp_count FROM `think_company` LIMIT 1   [ RunTime:0.000505s ]
SQL: SHOW COLUMNS FROM `think_student` [ RunTime:0.004327s ]
SQL: SELECT COUNT(*) AS tp_count FROM `think_student` LIMIT 1   [ RunTime:0.000569s ]

[ 2014-04-11T11:07:05+08:00 ] 0.0.0.0 /NewXiaoZhao/index.php/Index/count
INFO: [ route_check ] --START--
INFO: CheckRoute Behavior ::run [ RunTime:0.001395s ]
INFO: [ route_check ] --END-- [ RunTime:0.001635s ]
INFO: [ app_begin ] --START--
INFO: ReadHtmlCache Behavior ::run [ RunTime:0.000989s ]
INFO: [ app_begin ] --END-- [ RunTime:0.001174s ]
SQL: SHOW COLUMNS FROM `think_company` [ RunTime:0.004300s ]
SQL: SELECT COUNT(*) AS tp_count FROM `think_company` LIMIT 1   [ RunTime:0.000489s ]
SQL: SHOW COLUMNS FROM `think_student` [ RunTime:0.003592s ]
SQL: SELECT COUNT(*) AS tp_count FROM `think_student` LIMIT 1   [ RunTime:0.000404s ]

[ 2014-04-11T11:07:52+08:00 ] 0.0.0.0 /NewXiaoZhao/index.php/Index/count
INFO: [ route_check ] --START--
INFO: CheckRoute Behavior ::run [ RunTime:0.001381s ]
INFO: [ route_check ] --END-- [ RunTime:0.001691s ]
INFO: [ app_begin ] --START--
INFO: ReadHtmlCache Behavior ::run [ RunTime:0.000973s ]
INFO: [ app_begin ] --END-- [ RunTime:0.001157s ]
SQL: SHOW COLUMNS FROM `think_company` [ RunTime:0.004456s ]
SQL: SELECT COUNT(*) AS tp_count FROM `think_company` LIMIT 1   [ RunTime:0.000539s ]
SQL: SHOW COLUMNS FROM `think_student` [ RunTime:0.003815s ]
SQL: SELECT COUNT(*) AS tp_count FROM `think_student` LIMIT 1   [ RunTime:0.000649s ]

[ 2014-04-11T11:07:52+08:00 ] 0.0.0.0 /NewXiaoZhao/index.php/Job/TopJob
INFO: [ route_check ] --START--
INFO: CheckRoute Behavior ::run [ RunTime:0.001532s ]
INFO: [ route_check ] --END-- [ RunTime:0.001740s ]
INFO: [ app_begin ] --START--
INFO: ReadHtmlCache Behavior ::run [ RunTime:0.001081s ]
INFO: [ app_begin ] --END-- [ RunTime:0.001278s ]
SQL: SHOW COLUMNS FROM `think_singlejob` [ RunTime:0.003444s ]
SQL: SELECT `jid`,`cid`,`name`,`resumenum`,`size`,`money`,`location` FROM `think_singlejob` ORDER BY resumenum desc LIMIT 5   [ RunTime:0.000694s ]
SQL: SHOW COLUMNS FROM `think_company` [ RunTime:0.006785s ]
SQL: SELECT `name` FROM `think_company` WHERE ( 1=1 AND cid='4' ) LIMIT 1   [ RunTime:0.001038s ]
SQL: SELECT `name` FROM `think_company` WHERE ( 1=1 AND cid='16' ) LIMIT 1   [ RunTime:0.000612s ]
SQL: SELECT `name` FROM `think_company` WHERE ( 1=1 AND cid='9' ) LIMIT 1   [ RunTime:0.000463s ]
SQL: SELECT `name` FROM `think_company` WHERE ( 1=1 AND cid='16' ) LIMIT 1   [ RunTime:0.000728s ]
SQL: SELECT `name` FROM `think_company` WHERE ( 1=1 AND cid='9' ) LIMIT 1   [ RunTime:0.000593s ]

[ 2014-04-11T11:07:52+08:00 ] 0.0.0.0 /NewXiaoZhao/index.php/Company/TopCompany
INFO: [ route_check ] --START--
INFO: CheckRoute Behavior ::run [ RunTime:0.001473s ]
INFO: [ route_check ] --END-- [ RunTime:0.001675s ]
INFO: [ app_begin ] --START--
INFO: ReadHtmlCache Behavior ::run [ RunTime:0.001092s ]
INFO: [ app_begin ] --END-- [ RunTime:0.001281s ]
SQL: SHOW COLUMNS FROM `think_company` [ RunTime:0.004449s ]
SQL: SELECT `cid`,`name`,`kind`,`size`,`times` FROM `think_company` WHERE ( `status` = 1 ) ORDER BY times desc LIMIT 5   [ RunTime:0.000760s ]
SQL: SHOW COLUMNS FROM `think_singlejob` [ RunTime:0.004248s ]
SQL: SELECT COUNT(*) AS tp_count FROM `think_singlejob` WHERE ( `cid` = 9 ) LIMIT 1   [ RunTime:0.000683s ]
SQL: SELECT COUNT(*) AS tp_count FROM `think_singlejob` WHERE ( `cid` = 4 ) LIMIT 1   [ RunTime:0.000492s ]
SQL: SELECT COUNT(*) AS tp_count FROM `think_singlejob` WHERE ( `cid` = 16 ) LIMIT 1   [ RunTime:0.000460s ]
SQL: SELECT COUNT(*) AS tp_count FROM `think_singlejob` WHERE ( `cid` = 8 ) LIMIT 1   [ RunTime:0.000585s ]
SQL: SELECT COUNT(*) AS tp_count FROM `think_singlejob` WHERE ( `cid` = 10 ) LIMIT 1   [ RunTime:0.000694s ]

