[ 2014-05-15T12:18:26+08:00 ] 127.0.0.1 /NewXiaoZhao/
INFO: [ app_begin ] --START--
INFO: ReadHtmlCache Behavior ::run [ RunTime:0.026283s ]
INFO: [ app_begin ] --END-- [ RunTime:0.026376s ]
NOTIC: [2] Missing argument 1 for Action::show(), called in /var/www/NewXiaoZhao/Lib/Action/IndexAction.class.php on line 6 and defined /var/www/NewXiaoZhao/ThinkPHP/Lib/Core/Action.class.php 第 107 行.
NOTIC: [8] Undefined variable: content /var/www/NewXiaoZhao/ThinkPHP/Lib/Core/Action.class.php 第 108 行.
INFO: [ view_parse ] --START--
NOTIC: [8192] preg_replace(): The /e modifier is deprecated, use preg_replace_callback instead /var/www/NewXiaoZhao/ThinkPHP/Lib/Template/ThinkTemplate.class.php 第 273 行.
NOTIC: [8192] preg_replace(): The /e modifier is deprecated, use preg_replace_callback instead /var/www/NewXiaoZhao/ThinkPHP/Lib/Template/ThinkTemplate.class.php 第 168 行.
NOTIC: [8192] preg_replace(): The /e modifier is deprecated, use preg_replace_callback instead /var/www/NewXiaoZhao/ThinkPHP/Lib/Template/ThinkTemplate.class.php 第 404 行.
NOTIC: [8192] preg_replace(): The /e modifier is deprecated, use preg_replace_callback instead /var/www/NewXiaoZhao/ThinkPHP/Lib/Template/ThinkTemplate.class.php 第 404 行.
NOTIC: [8192] preg_replace(): The /e modifier is deprecated, use preg_replace_callback instead /var/www/NewXiaoZhao/ThinkPHP/Lib/Template/ThinkTemplate.class.php 第 404 行.
NOTIC: [8192] preg_replace(): The /e modifier is deprecated, use preg_replace_callback instead /var/www/NewXiaoZhao/ThinkPHP/Lib/Template/ThinkTemplate.class.php 第 404 行.
NOTIC: [8192] preg_replace(): The /e modifier is deprecated, use preg_replace_callback instead /var/www/NewXiaoZhao/ThinkPHP/Lib/Template/ThinkTemplate.class.php 第 404 行.
NOTIC: [8192] preg_replace(): The /e modifier is deprecated, use preg_replace_callback instead /var/www/NewXiaoZhao/ThinkPHP/Lib/Template/ThinkTemplate.class.php 第 404 行.
NOTIC: [8192] preg_replace(): The /e modifier is deprecated, use preg_replace_callback instead /var/www/NewXiaoZhao/ThinkPHP/Lib/Template/ThinkTemplate.class.php 第 404 行.
NOTIC: [8192] preg_replace(): The /e modifier is deprecated, use preg_replace_callback instead /var/www/NewXiaoZhao/ThinkPHP/Lib/Template/ThinkTemplate.class.php 第 404 行.
NOTIC: [8192] preg_replace(): The /e modifier is deprecated, use preg_replace_callback instead /var/www/NewXiaoZhao/ThinkPHP/Lib/Template/ThinkTemplate.class.php 第 404 行.
NOTIC: [8192] preg_replace(): The /e modifier is deprecated, use preg_replace_callback instead /var/www/NewXiaoZhao/ThinkPHP/Lib/Template/ThinkTemplate.class.php 第 404 行.
NOTIC: [8192] preg_replace(): The /e modifier is deprecated, use preg_replace_callback instead /var/www/NewXiaoZhao/ThinkPHP/Lib/Template/ThinkTemplate.class.php 第 404 行.
NOTIC: [8192] preg_replace(): The /e modifier is deprecated, use preg_replace_callback instead /var/www/NewXiaoZhao/ThinkPHP/Lib/Template/ThinkTemplate.class.php 第 404 行.
NOTIC: [8192] preg_replace(): The /e modifier is deprecated, use preg_replace_callback instead /var/www/NewXiaoZhao/ThinkPHP/Lib/Template/ThinkTemplate.class.php 第 399 行.
NOTIC: [8192] preg_replace(): The /e modifier is deprecated, use preg_replace_callback instead /var/www/NewXiaoZhao/ThinkPHP/Lib/Template/ThinkTemplate.class.php 第 399 行.
NOTIC: [8192] preg_replace(): The /e modifier is deprecated, use preg_replace_callback instead /var/www/NewXiaoZhao/ThinkPHP/Lib/Template/ThinkTemplate.class.php 第 404 行.
NOTIC: [8192] preg_replace(): The /e modifier is deprecated, use preg_replace_callback instead /var/www/NewXiaoZhao/ThinkPHP/Lib/Template/ThinkTemplate.class.php 第 404 行.
NOTIC: [8192] preg_replace(): The /e modifier is deprecated, use preg_replace_callback instead /var/www/NewXiaoZhao/ThinkPHP/Lib/Template/ThinkTemplate.class.php 第 404 行.
NOTIC: [8192] preg_replace(): The /e modifier is deprecated, use preg_replace_callback instead /var/www/NewXiaoZhao/ThinkPHP/Lib/Template/ThinkTemplate.class.php 第 399 行.
NOTIC: [8192] preg_replace(): The /e modifier is deprecated, use preg_replace_callback instead /var/www/NewXiaoZhao/ThinkPHP/Lib/Template/ThinkTemplate.class.php 第 404 行.
NOTIC: [8192] preg_replace(): The /e modifier is deprecated, use preg_replace_callback instead /var/www/NewXiaoZhao/ThinkPHP/Lib/Template/ThinkTemplate.class.php 第 404 行.
NOTIC: [8192] preg_replace(): The /e modifier is deprecated, use preg_replace_callback instead /var/www/NewXiaoZhao/ThinkPHP/Lib/Template/ThinkTemplate.class.php 第 404 行.
NOTIC: [8192] preg_replace(): The /e modifier is deprecated, use preg_replace_callback instead /var/www/NewXiaoZhao/ThinkPHP/Lib/Template/ThinkTemplate.class.php 第 404 行.
NOTIC: [8192] preg_replace(): The /e modifier is deprecated, use preg_replace_callback instead /var/www/NewXiaoZhao/ThinkPHP/Lib/Template/ThinkTemplate.class.php 第 404 行.
NOTIC: [8192] preg_replace(): The /e modifier is deprecated, use preg_replace_callback instead /var/www/NewXiaoZhao/ThinkPHP/Lib/Template/ThinkTemplate.class.php 第 404 行.
NOTIC: [8192] preg_replace(): The /e modifier is deprecated, use preg_replace_callback instead /var/www/NewXiaoZhao/ThinkPHP/Lib/Template/ThinkTemplate.class.php 第 404 行.
NOTIC: [8192] preg_replace(): The /e modifier is deprecated, use preg_replace_callback instead /var/www/NewXiaoZhao/ThinkPHP/Lib/Template/ThinkTemplate.class.php 第 404 行.
NOTIC: [8192] preg_replace(): The /e modifier is deprecated, use preg_replace_callback instead /var/www/NewXiaoZhao/ThinkPHP/Lib/Template/ThinkTemplate.class.php 第 404 行.
NOTIC: [8192] preg_replace(): The /e modifier is deprecated, use preg_replace_callback instead /var/www/NewXiaoZhao/ThinkPHP/Lib/Template/ThinkTemplate.class.php 第 404 行.
NOTIC: [8192] preg_replace(): The /e modifier is deprecated, use preg_replace_callback instead /var/www/NewXiaoZhao/ThinkPHP/Lib/Template/ThinkTemplate.class.php 第 404 行.
NOTIC: [8192] preg_replace(): The /e modifier is deprecated, use preg_replace_callback instead /var/www/NewXiaoZhao/ThinkPHP/Lib/Template/ThinkTemplate.class.php 第 404 行.
NOTIC: [8192] preg_replace(): The /e modifier is deprecated, use preg_replace_callback instead /var/www/NewXiaoZhao/ThinkPHP/Lib/Template/ThinkTemplate.class.php 第 404 行.
NOTIC: [8192] preg_replace(): The /e modifier is deprecated, use preg_replace_callback instead /var/www/NewXiaoZhao/ThinkPHP/Lib/Template/ThinkTemplate.class.php 第 404 行.
NOTIC: [8192] preg_replace(): The /e modifier is deprecated, use preg_replace_callback instead /var/www/NewXiaoZhao/ThinkPHP/Lib/Template/ThinkTemplate.class.php 第 404 行.
NOTIC: [8192] preg_replace(): The /e modifier is deprecated, use preg_replace_callback instead /var/www/NewXiaoZhao/ThinkPHP/Lib/Template/ThinkTemplate.class.php 第 404 行.
NOTIC: [8192] preg_replace(): The /e modifier is deprecated, use preg_replace_callback instead /var/www/NewXiaoZhao/ThinkPHP/Lib/Template/ThinkTemplate.class.php 第 404 行.
NOTIC: [8192] preg_replace(): The /e modifier is deprecated, use preg_replace_callback instead /var/www/NewXiaoZhao/ThinkPHP/Lib/Template/ThinkTemplate.class.php 第 404 行.
NOTIC: [8192] preg_replace(): The /e modifier is deprecated, use preg_replace_callback instead /var/www/NewXiaoZhao/ThinkPHP/Lib/Template/ThinkTemplate.class.php 第 404 行.
NOTIC: [8192] preg_replace(): The /e modifier is deprecated, use preg_replace_callback instead /var/www/NewXiaoZhao/ThinkPHP/Lib/Template/ThinkTemplate.class.php 第 404 行.
NOTIC: [8192] preg_replace(): The /e modifier is deprecated, use preg_replace_callback instead /var/www/NewXiaoZhao/ThinkPHP/Lib/Template/ThinkTemplate.class.php 第 404 行.
NOTIC: [8192] preg_replace(): The /e modifier is deprecated, use preg_replace_callback instead /var/www/NewXiaoZhao/ThinkPHP/Lib/Template/ThinkTemplate.class.php 第 404 行.
NOTIC: [8192] preg_replace(): The /e modifier is deprecated, use preg_replace_callback instead /var/www/NewXiaoZhao/ThinkPHP/Lib/Template/ThinkTemplate.class.php 第 404 行.
NOTIC: [8192] preg_replace(): The /e modifier is deprecated, use preg_replace_callback instead /var/www/NewXiaoZhao/ThinkPHP/Lib/Template/ThinkTemplate.class.php 第 404 行.
NOTIC: [8192] preg_replace(): The /e modifier is deprecated, use preg_replace_callback instead /var/www/NewXiaoZhao/ThinkPHP/Lib/Template/ThinkTemplate.class.php 第 404 行.
NOTIC: [8192] preg_replace(): The /e modifier is deprecated, use preg_replace_callback instead /var/www/NewXiaoZhao/ThinkPHP/Lib/Template/ThinkTemplate.class.php 第 404 行.
NOTIC: [8192] preg_replace(): The /e modifier is deprecated, use preg_replace_callback instead /var/www/NewXiaoZhao/ThinkPHP/Lib/Template/ThinkTemplate.class.php 第 404 行.
NOTIC: [8192] preg_replace(): The /e modifier is deprecated, use preg_replace_callback instead /var/www/NewXiaoZhao/ThinkPHP/Lib/Template/ThinkTemplate.class.php 第 404 行.
NOTIC: [8192] preg_replace(): The /e modifier is deprecated, use preg_replace_callback instead /var/www/NewXiaoZhao/ThinkPHP/Lib/Template/ThinkTemplate.class.php 第 404 行.
NOTIC: [8192] preg_replace(): The /e modifier is deprecated, use preg_replace_callback instead /var/www/NewXiaoZhao/ThinkPHP/Lib/Template/ThinkTemplate.class.php 第 404 行.
NOTIC: [8192] preg_replace(): The /e modifier is deprecated, use preg_replace_callback instead /var/www/NewXiaoZhao/ThinkPHP/Lib/Template/ThinkTemplate.class.php 第 404 行.
NOTIC: [8192] preg_replace(): The /e modifier is deprecated, use preg_replace_callback instead /var/www/NewXiaoZhao/ThinkPHP/Lib/Template/ThinkTemplate.class.php 第 404 行.
NOTIC: [8192] preg_replace(): The /e modifier is deprecated, use preg_replace_callback instead /var/www/NewXiaoZhao/ThinkPHP/Lib/Template/ThinkTemplate.class.php 第 404 行.
NOTIC: [8192] preg_replace(): The /e modifier is deprecated, use preg_replace_callback instead /var/www/NewXiaoZhao/ThinkPHP/Lib/Template/ThinkTemplate.class.php 第 404 行.
NOTIC: [8192] preg_replace(): The /e modifier is deprecated, use preg_replace_callback instead /var/www/NewXiaoZhao/ThinkPHP/Lib/Template/ThinkTemplate.class.php 第 404 行.
NOTIC: [8192] preg_replace(): The /e modifier is deprecated, use preg_replace_callback instead /var/www/NewXiaoZhao/ThinkPHP/Lib/Template/ThinkTemplate.class.php 第 404 行.
NOTIC: [8192] preg_replace(): The /e modifier is deprecated, use preg_replace_callback instead /var/www/NewXiaoZhao/ThinkPHP/Lib/Template/ThinkTemplate.class.php 第 404 行.
NOTIC: [8192] preg_replace(): The /e modifier is deprecated, use preg_replace_callback instead /var/www/NewXiaoZhao/ThinkPHP/Lib/Template/ThinkTemplate.class.php 第 404 行.
NOTIC: [8192] preg_replace(): The /e modifier is deprecated, use preg_replace_callback instead /var/www/NewXiaoZhao/ThinkPHP/Lib/Template/ThinkTemplate.class.php 第 404 行.
NOTIC: [8192] preg_replace(): The /e modifier is deprecated, use preg_replace_callback instead /var/www/NewXiaoZhao/ThinkPHP/Lib/Template/ThinkTemplate.class.php 第 404 行.
NOTIC: [8192] preg_replace(): The /e modifier is deprecated, use preg_replace_callback instead /var/www/NewXiaoZhao/ThinkPHP/Lib/Template/ThinkTemplate.class.php 第 404 行.
NOTIC: [8192] preg_replace(): The /e modifier is deprecated, use preg_replace_callback instead /var/www/NewXiaoZhao/ThinkPHP/Lib/Template/ThinkTemplate.class.php 第 404 行.
NOTIC: [8192] preg_replace(): The /e modifier is deprecated, use preg_replace_callback instead /var/www/NewXiaoZhao/ThinkPHP/Lib/Template/ThinkTemplate.class.php 第 404 行.
NOTIC: [8192] preg_replace(): The /e modifier is deprecated, use preg_replace_callback instead /var/www/NewXiaoZhao/ThinkPHP/Lib/Template/ThinkTemplate.class.php 第 404 行.
NOTIC: [8192] preg_replace(): The /e modifier is deprecated, use preg_replace_callback instead /var/www/NewXiaoZhao/ThinkPHP/Lib/Template/ThinkTemplate.class.php 第 404 行.
NOTIC: [8192] preg_replace(): The /e modifier is deprecated, use preg_replace_callback instead /var/www/NewXiaoZhao/ThinkPHP/Lib/Template/ThinkTemplate.class.php 第 404 行.
NOTIC: [8192] preg_replace(): The /e modifier is deprecated, use preg_replace_callback instead /var/www/NewXiaoZhao/ThinkPHP/Lib/Template/ThinkTemplate.class.php 第 404 行.
NOTIC: [8192] preg_replace(): The /e modifier is deprecated, use preg_replace_callback instead /var/www/NewXiaoZhao/ThinkPHP/Lib/Template/ThinkTemplate.class.php 第 404 行.
NOTIC: [8192] preg_replace(): The /e modifier is deprecated, use preg_replace_callback instead /var/www/NewXiaoZhao/ThinkPHP/Lib/Template/ThinkTemplate.class.php 第 404 行.
NOTIC: [8192] preg_replace(): The /e modifier is deprecated, use preg_replace_callback instead /var/www/NewXiaoZhao/ThinkPHP/Lib/Template/ThinkTemplate.class.php 第 404 行.
NOTIC: [8192] preg_replace(): The /e modifier is deprecated, use preg_replace_callback instead /var/www/NewXiaoZhao/ThinkPHP/Lib/Template/ThinkTemplate.class.php 第 404 行.
NOTIC: [8192] preg_replace(): The /e modifier is deprecated, use preg_replace_callback instead /var/www/NewXiaoZhao/ThinkPHP/Lib/Template/ThinkTemplate.class.php 第 404 行.
NOTIC: [8192] preg_replace(): The /e modifier is deprecated, use preg_replace_callback instead /var/www/NewXiaoZhao/ThinkPHP/Lib/Template/ThinkTemplate.class.php 第 404 行.
NOTIC: [8192] preg_replace(): The /e modifier is deprecated, use preg_replace_callback instead /var/www/NewXiaoZhao/ThinkPHP/Lib/Template/ThinkTemplate.class.php 第 404 行.
NOTIC: [8192] preg_replace(): The /e modifier is deprecated, use preg_replace_callback instead /var/www/NewXiaoZhao/ThinkPHP/Lib/Template/ThinkTemplate.class.php 第 404 行.
NOTIC: [8192] preg_replace(): The /e modifier is deprecated, use preg_replace_callback instead /var/www/NewXiaoZhao/ThinkPHP/Lib/Template/ThinkTemplate.class.php 第 404 行.
NOTIC: [8192] preg_replace(): The /e modifier is deprecated, use preg_replace_callback instead /var/www/NewXiaoZhao/ThinkPHP/Lib/Template/ThinkTemplate.class.php 第 404 行.
NOTIC: [8192] preg_replace(): The /e modifier is deprecated, use preg_replace_callback instead /var/www/NewXiaoZhao/ThinkPHP/Lib/Template/ThinkTemplate.class.php 第 404 行.
NOTIC: [8192] preg_replace(): The /e modifier is deprecated, use preg_replace_callback instead /var/www/NewXiaoZhao/ThinkPHP/Lib/Template/ThinkTemplate.class.php 第 404 行.
NOTIC: [8192] preg_replace(): The /e modifier is deprecated, use preg_replace_callback instead /var/www/NewXiaoZhao/ThinkPHP/Lib/Template/ThinkTemplate.class.php 第 404 行.
NOTIC: [8192] preg_replace(): The /e modifier is deprecated, use preg_replace_callback instead /var/www/NewXiaoZhao/ThinkPHP/Lib/Template/ThinkTemplate.class.php 第 404 行.
NOTIC: [8192] preg_replace(): The /e modifier is deprecated, use preg_replace_callback instead /var/www/NewXiaoZhao/ThinkPHP/Lib/Template/ThinkTemplate.class.php 第 404 行.
NOTIC: [8192] preg_replace(): The /e modifier is deprecated, use preg_replace_callback instead /var/www/NewXiaoZhao/ThinkPHP/Lib/Template/ThinkTemplate.class.php 第 404 行.
NOTIC: [8192] preg_replace(): The /e modifier is deprecated, use preg_replace_callback instead /var/www/NewXiaoZhao/ThinkPHP/Lib/Template/ThinkTemplate.class.php 第 404 行.
NOTIC: [8192] preg_replace(): The /e modifier is deprecated, use preg_replace_callback instead /var/www/NewXiaoZhao/ThinkPHP/Lib/Template/ThinkTemplate.class.php 第 404 行.
NOTIC: [8192] preg_replace(): The /e modifier is deprecated, use preg_replace_callback instead /var/www/NewXiaoZhao/ThinkPHP/Lib/Template/ThinkTemplate.class.php 第 404 行.
NOTIC: [8192] preg_replace(): The /e modifier is deprecated, use preg_replace_callback instead /var/www/NewXiaoZhao/ThinkPHP/Lib/Template/ThinkTemplate.class.php 第 399 行.
NOTIC: [8192] preg_replace(): The /e modifier is deprecated, use preg_replace_callback instead /var/www/NewXiaoZhao/ThinkPHP/Lib/Template/ThinkTemplate.class.php 第 399 行.
NOTIC: [8192] preg_replace(): The /e modifier is deprecated, use preg_replace_callback instead /var/www/NewXiaoZhao/ThinkPHP/Lib/Template/ThinkTemplate.class.php 第 399 行.
NOTIC: [8192] preg_replace(): The /e modifier is deprecated, use preg_replace_callback instead /var/www/NewXiaoZhao/ThinkPHP/Lib/Template/ThinkTemplate.class.php 第 399 行.
NOTIC: [8192] preg_replace(): The /e modifier is deprecated, use preg_replace_callback instead /var/www/NewXiaoZhao/ThinkPHP/Lib/Template/ThinkTemplate.class.php 第 399 行.
NOTIC: [8192] preg_replace(): The /e modifier is deprecated, use preg_replace_callback instead /var/www/NewXiaoZhao/ThinkPHP/Lib/Template/ThinkTemplate.class.php 第 399 行.
NOTIC: [8192] preg_replace(): The /e modifier is deprecated, use preg_replace_callback instead /var/www/NewXiaoZhao/ThinkPHP/Lib/Template/ThinkTemplate.class.php 第 404 行.
NOTIC: [8192] preg_replace(): The /e modifier is deprecated, use preg_replace_callback instead /var/www/NewXiaoZhao/ThinkPHP/Lib/Template/ThinkTemplate.class.php 第 404 行.
NOTIC: [8192] preg_replace(): The /e modifier is deprecated, use preg_replace_callback instead /var/www/NewXiaoZhao/ThinkPHP/Lib/Template/ThinkTemplate.class.php 第 404 行.
NOTIC: [8192] preg_replace(): The /e modifier is deprecated, use preg_replace_callback instead /var/www/NewXiaoZhao/ThinkPHP/Lib/Template/ThinkTemplate.class.php 第 197 行.
NOTIC: [8192] preg_replace(): The /e modifier is deprecated, use preg_replace_callback instead /var/www/NewXiaoZhao/ThinkPHP/Lib/Template/ThinkTemplate.class.php 第 137 行.
INFO: ParseTemplate Behavior ::run [ RunTime:0.279728s ]
INFO: [ view_parse ] --END-- [ RunTime:0.279914s ]
INFO: [ view_filter ] --START--
INFO: ContentReplace Behavior ::run [ RunTime:0.011126s ]
INFO: TokenBuild Behavior ::run [ RunTime:0.027140s ]
INFO: WriteHtmlCache Behavior ::run [ RunTime:0.017876s ]
INFO: ShowRuntime Behavior ::run [ RunTime:0.012079s ]
INFO: [ view_filter ] --END-- [ RunTime:0.068503s ]
INFO: [ view_end ] --START--
INFO: ShowPageTrace Behavior ::run [ RunTime:0.021210s ]
INFO: [ view_end ] --END-- [ RunTime:0.021273s ]

[ 2014-05-15T12:18:29+08:00 ] 127.0.0.1 /NewXiaoZhao/index.php/Company/TopCompany
INFO: [ route_check ] --START--
INFO: CheckRoute Behavior ::run [ RunTime:0.037246s ]
INFO: [ route_check ] --END-- [ RunTime:0.037335s ]
NOTIC: [8192] preg_replace(): The /e modifier is deprecated, use preg_replace_callback instead /var/www/NewXiaoZhao/ThinkPHP/Lib/Core/Dispatcher.class.php 第 132 行.
INFO: [ app_begin ] --START--
INFO: ReadHtmlCache Behavior ::run [ RunTime:0.000112s ]
INFO: [ app_begin ] --END-- [ RunTime:0.000168s ]
NOTIC: [8192] mysql_connect(): The mysql extension is deprecated and will be removed in the future: use mysqli or PDO instead /var/www/NewXiaoZhao/ThinkPHP/Lib/Driver/Db/DbMysql.class.php 第 55 行.
SQL: SHOW COLUMNS FROM `think_company` [ RunTime:0.001083s ]
NOTIC: [8192] preg_replace(): The /e modifier is deprecated, use preg_replace_callback instead /var/www/NewXiaoZhao/ThinkPHP/Lib/Core/Db.class.php 第 604 行.
SQL: SELECT `cid`,`name`,`kind`,`size`,`times` FROM `think_company` WHERE ( `status` = 1 ) ORDER BY times desc LIMIT 5   [ RunTime:0.000484s ]
SQL: SHOW COLUMNS FROM `think_singlejob` [ RunTime:0.000762s ]
NOTIC: [8192] preg_replace(): The /e modifier is deprecated, use preg_replace_callback instead /var/www/NewXiaoZhao/ThinkPHP/Lib/Core/Db.class.php 第 604 行.
SQL: SELECT COUNT(*) AS tp_count FROM `think_singlejob` WHERE ( `cid` = 9 ) LIMIT 1   [ RunTime:0.000292s ]
NOTIC: [8192] preg_replace(): The /e modifier is deprecated, use preg_replace_callback instead /var/www/NewXiaoZhao/ThinkPHP/Lib/Core/Db.class.php 第 604 行.
SQL: SELECT COUNT(*) AS tp_count FROM `think_singlejob` WHERE ( `cid` = 4 ) LIMIT 1   [ RunTime:0.000199s ]
NOTIC: [8192] preg_replace(): The /e modifier is deprecated, use preg_replace_callback instead /var/www/NewXiaoZhao/ThinkPHP/Lib/Core/Db.class.php 第 604 行.
SQL: SELECT COUNT(*) AS tp_count FROM `think_singlejob` WHERE ( `cid` = 16 ) LIMIT 1   [ RunTime:0.000183s ]
NOTIC: [8192] preg_replace(): The /e modifier is deprecated, use preg_replace_callback instead /var/www/NewXiaoZhao/ThinkPHP/Lib/Core/Db.class.php 第 604 行.
SQL: SELECT COUNT(*) AS tp_count FROM `think_singlejob` WHERE ( `cid` = 8 ) LIMIT 1   [ RunTime:0.000182s ]
NOTIC: [8192] preg_replace(): The /e modifier is deprecated, use preg_replace_callback instead /var/www/NewXiaoZhao/ThinkPHP/Lib/Core/Db.class.php 第 604 行.
SQL: SELECT COUNT(*) AS tp_count FROM `think_singlejob` WHERE ( `cid` = 10 ) LIMIT 1   [ RunTime:0.000179s ]

[ 2014-05-15T12:18:29+08:00 ] 127.0.0.1 /NewXiaoZhao/index.php/Job/TopJob
INFO: [ route_check ] --START--
INFO: CheckRoute Behavior ::run [ RunTime:0.032212s ]
INFO: [ route_check ] --END-- [ RunTime:0.032361s ]
NOTIC: [8192] preg_replace(): The /e modifier is deprecated, use preg_replace_callback instead /var/www/NewXiaoZhao/ThinkPHP/Lib/Core/Dispatcher.class.php 第 132 行.
INFO: [ app_begin ] --START--
INFO: ReadHtmlCache Behavior ::run [ RunTime:0.000095s ]
INFO: [ app_begin ] --END-- [ RunTime:0.000149s ]
NOTIC: [8192] mysql_connect(): The mysql extension is deprecated and will be removed in the future: use mysqli or PDO instead /var/www/NewXiaoZhao/ThinkPHP/Lib/Driver/Db/DbMysql.class.php 第 55 行.
SQL: SHOW COLUMNS FROM `think_singlejob` [ RunTime:0.000943s ]
NOTIC: [8192] preg_replace(): The /e modifier is deprecated, use preg_replace_callback instead /var/www/NewXiaoZhao/ThinkPHP/Lib/Core/Db.class.php 第 604 行.
SQL: SELECT `jid`,`cid`,`name`,`resumenum`,`size`,`money`,`location` FROM `think_singlejob` ORDER BY resumenum desc LIMIT 5   [ RunTime:0.000411s ]
SQL: SHOW COLUMNS FROM `think_company` [ RunTime:0.000704s ]
NOTIC: [8192] preg_replace(): The /e modifier is deprecated, use preg_replace_callback instead /var/www/NewXiaoZhao/ThinkPHP/Lib/Core/Db.class.php 第 604 行.
SQL: SELECT `name` FROM `think_company` WHERE ( 1=1 AND cid='4' ) LIMIT 1   [ RunTime:0.000219s ]
NOTIC: [8192] preg_replace(): The /e modifier is deprecated, use preg_replace_callback instead /var/www/NewXiaoZhao/ThinkPHP/Lib/Core/Db.class.php 第 604 行.
SQL: SELECT `name` FROM `think_company` WHERE ( 1=1 AND cid='16' ) LIMIT 1   [ RunTime:0.000169s ]
NOTIC: [8192] preg_replace(): The /e modifier is deprecated, use preg_replace_callback instead /var/www/NewXiaoZhao/ThinkPHP/Lib/Core/Db.class.php 第 604 行.
SQL: SELECT `name` FROM `think_company` WHERE ( 1=1 AND cid='9' ) LIMIT 1   [ RunTime:0.000159s ]
NOTIC: [8192] preg_replace(): The /e modifier is deprecated, use preg_replace_callback instead /var/www/NewXiaoZhao/ThinkPHP/Lib/Core/Db.class.php 第 604 行.
SQL: SELECT `name` FROM `think_company` WHERE ( 1=1 AND cid='16' ) LIMIT 1   [ RunTime:0.000068s ]
NOTIC: [8192] preg_replace(): The /e modifier is deprecated, use preg_replace_callback instead /var/www/NewXiaoZhao/ThinkPHP/Lib/Core/Db.class.php 第 604 行.
SQL: SELECT `name` FROM `think_company` WHERE ( 1=1 AND cid='9' ) LIMIT 1   [ RunTime:0.000070s ]

[ 2014-05-15T12:18:29+08:00 ] 127.0.0.1 /NewXiaoZhao/index.php/Index/count
INFO: [ route_check ] --START--
INFO: CheckRoute Behavior ::run [ RunTime:0.000134s ]
INFO: [ route_check ] --END-- [ RunTime:0.000236s ]
NOTIC: [8192] preg_replace(): The /e modifier is deprecated, use preg_replace_callback instead /var/www/NewXiaoZhao/ThinkPHP/Lib/Core/Dispatcher.class.php 第 132 行.
INFO: [ app_begin ] --START--
INFO: ReadHtmlCache Behavior ::run [ RunTime:0.000083s ]
INFO: [ app_begin ] --END-- [ RunTime:0.000129s ]
NOTIC: [8192] mysql_connect(): The mysql extension is deprecated and will be removed in the future: use mysqli or PDO instead /var/www/NewXiaoZhao/ThinkPHP/Lib/Driver/Db/DbMysql.class.php 第 55 行.
SQL: SHOW COLUMNS FROM `think_company` [ RunTime:0.000690s ]
NOTIC: [8192] preg_replace(): The /e modifier is deprecated, use preg_replace_callback instead /var/www/NewXiaoZhao/ThinkPHP/Lib/Core/Db.class.php 第 604 行.
SQL: SELECT COUNT(*) AS tp_count FROM `think_company` LIMIT 1   [ RunTime:0.000188s ]
SQL: SHOW COLUMNS FROM `think_student` [ RunTime:0.000633s ]
NOTIC: [8192] preg_replace(): The /e modifier is deprecated, use preg_replace_callback instead /var/www/NewXiaoZhao/ThinkPHP/Lib/Core/Db.class.php 第 604 行.
SQL: SELECT COUNT(*) AS tp_count FROM `think_student` LIMIT 1   [ RunTime:0.000237s ]

[ 2014-05-15T12:18:29+08:00 ] 127.0.0.1 /NewXiaoZhao/index.php/Company/TopCompany
INFO: [ route_check ] --START--
INFO: CheckRoute Behavior ::run [ RunTime:0.000116s ]
INFO: [ route_check ] --END-- [ RunTime:0.000231s ]
NOTIC: [8192] preg_replace(): The /e modifier is deprecated, use preg_replace_callback instead /var/www/NewXiaoZhao/ThinkPHP/Lib/Core/Dispatcher.class.php 第 132 行.
INFO: [ app_begin ] --START--
INFO: ReadHtmlCache Behavior ::run [ RunTime:0.000071s ]
INFO: [ app_begin ] --END-- [ RunTime:0.000113s ]
NOTIC: [8192] mysql_connect(): The mysql extension is deprecated and will be removed in the future: use mysqli or PDO instead /var/www/NewXiaoZhao/ThinkPHP/Lib/Driver/Db/DbMysql.class.php 第 55 行.
SQL: SHOW COLUMNS FROM `think_company` [ RunTime:0.000761s ]
NOTIC: [8192] preg_replace(): The /e modifier is deprecated, use preg_replace_callback instead /var/www/NewXiaoZhao/ThinkPHP/Lib/Core/Db.class.php 第 604 行.
SQL: SELECT `cid`,`name`,`kind`,`size`,`times` FROM `think_company` WHERE ( `status` = 1 ) ORDER BY times desc LIMIT 5   [ RunTime:0.000096s ]
SQL: SHOW COLUMNS FROM `think_singlejob` [ RunTime:0.000690s ]
NOTIC: [8192] preg_replace(): The /e modifier is deprecated, use preg_replace_callback instead /var/www/NewXiaoZhao/ThinkPHP/Lib/Core/Db.class.php 第 604 行.
SQL: SELECT COUNT(*) AS tp_count FROM `think_singlejob` WHERE ( `cid` = 9 ) LIMIT 1   [ RunTime:0.000091s ]
NOTIC: [8192] preg_replace(): The /e modifier is deprecated, use preg_replace_callback instead /var/www/NewXiaoZhao/ThinkPHP/Lib/Core/Db.class.php 第 604 行.
SQL: SELECT COUNT(*) AS tp_count FROM `think_singlejob` WHERE ( `cid` = 4 ) LIMIT 1   [ RunTime:0.000074s ]
NOTIC: [8192] preg_replace(): The /e modifier is deprecated, use preg_replace_callback instead /var/www/NewXiaoZhao/ThinkPHP/Lib/Core/Db.class.php 第 604 行.
SQL: SELECT COUNT(*) AS tp_count FROM `think_singlejob` WHERE ( `cid` = 16 ) LIMIT 1   [ RunTime:0.000070s ]
NOTIC: [8192] preg_replace(): The /e modifier is deprecated, use preg_replace_callback instead /var/www/NewXiaoZhao/ThinkPHP/Lib/Core/Db.class.php 第 604 行.
SQL: SELECT COUNT(*) AS tp_count FROM `think_singlejob` WHERE ( `cid` = 8 ) LIMIT 1   [ RunTime:0.000067s ]
NOTIC: [8192] preg_replace(): The /e modifier is deprecated, use preg_replace_callback instead /var/www/NewXiaoZhao/ThinkPHP/Lib/Core/Db.class.php 第 604 行.
SQL: SELECT COUNT(*) AS tp_count FROM `think_singlejob` WHERE ( `cid` = 10 ) LIMIT 1   [ RunTime:0.000067s ]

[ 2014-05-15T12:18:29+08:00 ] 127.0.0.1 /NewXiaoZhao/index.php/Job/TopJob
INFO: [ route_check ] --START--
INFO: CheckRoute Behavior ::run [ RunTime:0.000066s ]
INFO: [ route_check ] --END-- [ RunTime:0.000129s ]
NOTIC: [8192] preg_replace(): The /e modifier is deprecated, use preg_replace_callback instead /var/www/NewXiaoZhao/ThinkPHP/Lib/Core/Dispatcher.class.php 第 132 行.
INFO: [ app_begin ] --START--
INFO: ReadHtmlCache Behavior ::run [ RunTime:0.000098s ]
INFO: [ app_begin ] --END-- [ RunTime:0.000143s ]
NOTIC: [8192] mysql_connect(): The mysql extension is deprecated and will be removed in the future: use mysqli or PDO instead /var/www/NewXiaoZhao/ThinkPHP/Lib/Driver/Db/DbMysql.class.php 第 55 行.
SQL: SHOW COLUMNS FROM `think_singlejob` [ RunTime:0.000689s ]
NOTIC: [8192] preg_replace(): The /e modifier is deprecated, use preg_replace_callback instead /var/www/NewXiaoZhao/ThinkPHP/Lib/Core/Db.class.php 第 604 行.
SQL: SELECT `jid`,`cid`,`name`,`resumenum`,`size`,`money`,`location` FROM `think_singlejob` ORDER BY resumenum desc LIMIT 5   [ RunTime:0.000100s ]
SQL: SHOW COLUMNS FROM `think_company` [ RunTime:0.000688s ]
NOTIC: [8192] preg_replace(): The /e modifier is deprecated, use preg_replace_callback instead /var/www/NewXiaoZhao/ThinkPHP/Lib/Core/Db.class.php 第 604 行.
SQL: SELECT `name` FROM `think_company` WHERE ( 1=1 AND cid='4' ) LIMIT 1   [ RunTime:0.000080s ]
NOTIC: [8192] preg_replace(): The /e modifier is deprecated, use preg_replace_callback instead /var/www/NewXiaoZhao/ThinkPHP/Lib/Core/Db.class.php 第 604 行.
SQL: SELECT `name` FROM `think_company` WHERE ( 1=1 AND cid='16' ) LIMIT 1   [ RunTime:0.000068s ]
NOTIC: [8192] preg_replace(): The /e modifier is deprecated, use preg_replace_callback instead /var/www/NewXiaoZhao/ThinkPHP/Lib/Core/Db.class.php 第 604 行.
SQL: SELECT `name` FROM `think_company` WHERE ( 1=1 AND cid='9' ) LIMIT 1   [ RunTime:0.000065s ]
NOTIC: [8192] preg_replace(): The /e modifier is deprecated, use preg_replace_callback instead /var/www/NewXiaoZhao/ThinkPHP/Lib/Core/Db.class.php 第 604 行.
SQL: SELECT `name` FROM `think_company` WHERE ( 1=1 AND cid='16' ) LIMIT 1   [ RunTime:0.000064s ]
NOTIC: [8192] preg_replace(): The /e modifier is deprecated, use preg_replace_callback instead /var/www/NewXiaoZhao/ThinkPHP/Lib/Core/Db.class.php 第 604 行.
SQL: SELECT `name` FROM `think_company` WHERE ( 1=1 AND cid='9' ) LIMIT 1   [ RunTime:0.000064s ]

[ 2014-05-15T12:18:30+08:00 ] 127.0.0.1 /NewXiaoZhao/index.php/Index/count
INFO: [ route_check ] --START--
INFO: CheckRoute Behavior ::run [ RunTime:0.000084s ]
INFO: [ route_check ] --END-- [ RunTime:0.000147s ]
NOTIC: [8192] preg_replace(): The /e modifier is deprecated, use preg_replace_callback instead /var/www/NewXiaoZhao/ThinkPHP/Lib/Core/Dispatcher.class.php 第 132 行.
INFO: [ app_begin ] --START--
INFO: ReadHtmlCache Behavior ::run [ RunTime:0.000065s ]
INFO: [ app_begin ] --END-- [ RunTime:0.000104s ]
NOTIC: [8192] mysql_connect(): The mysql extension is deprecated and will be removed in the future: use mysqli or PDO instead /var/www/NewXiaoZhao/ThinkPHP/Lib/Driver/Db/DbMysql.class.php 第 55 行.
SQL: SHOW COLUMNS FROM `think_company` [ RunTime:0.000726s ]
NOTIC: [8192] preg_replace(): The /e modifier is deprecated, use preg_replace_callback instead /var/www/NewXiaoZhao/ThinkPHP/Lib/Core/Db.class.php 第 604 行.
SQL: SELECT COUNT(*) AS tp_count FROM `think_company` LIMIT 1   [ RunTime:0.000093s ]
SQL: SHOW COLUMNS FROM `think_student` [ RunTime:0.000607s ]
NOTIC: [8192] preg_replace(): The /e modifier is deprecated, use preg_replace_callback instead /var/www/NewXiaoZhao/ThinkPHP/Lib/Core/Db.class.php 第 604 行.
SQL: SELECT COUNT(*) AS tp_count FROM `think_student` LIMIT 1   [ RunTime:0.000093s ]

